Replace Part C23 100nF CAP - C0805C104M5UAC7800 in C:\Users\ralfi\Desktop\Eco-Elektrik\MCU\MCU Kart\MCU-Kart\Hall Sensors & BJT.SchDoc with 100nF CAP - C0805C104M5UAC7800 from MCUSchlib.SchLib
Replace Part C24 100nF CAP - C0805C104M5UAC7800 in C:\Users\ralfi\Desktop\Eco-Elektrik\MCU\MCU Kart\MCU-Kart\Hall Sensors & BJT.SchDoc with 100nF CAP - C0805C104M5UAC7800 from MCUSchlib.SchLib
Replace Part C25 10uF CAP 0805 - GRM21BR61H106KE43L in C:\Users\ralfi\Desktop\Eco-Elektrik\MCU\MCU Kart\MCU-Kart\Hall Sensors & BJT.SchDoc with 10uF CAP 0805 - GRM21BR61H106KE43L from MCUSchlib.SchLib
Replace Part C27 10nF CAP 0805 - C0805C103M5UAC7800 in C:\Users\ralfi\Desktop\Eco-Elektrik\MCU\MCU Kart\MCU-Kart\Hall Sensors & BJT.SchDoc with 10nF CAP 0805 - C0805C103M5UAC7800 from MCUSchlib.SchLib
Replace Part C28 100nF CAP - C0805C104M5UAC7800 in C:\Users\ralfi\Desktop\Eco-Elektrik\MCU\MCU Kart\MCU-Kart\Hall Sensors & BJT.SchDoc with 100nF CAP - C0805C104M5UAC7800 from MCUSchlib.SchLib
Replace Part C29 100nF CAP - C0805C104M5UAC7800 in C:\Users\ralfi\Desktop\Eco-Elektrik\MCU\MCU Kart\MCU-Kart\Hall Sensors & BJT.SchDoc with 100nF CAP - C0805C104M5UAC7800 from MCUSchlib.SchLib
Replace Part C30 10nF CAP 0805 - C0805C103M5UAC7800 in C:\Users\ralfi\Desktop\Eco-Elektrik\MCU\MCU Kart\MCU-Kart\Hall Sensors & BJT.SchDoc with 10nF CAP 0805 - C0805C103M5UAC7800 from MCUSchlib.SchLib
Replace Part C31 100nF CAP - C0805C104M5UAC7800 in C:\Users\ralfi\Desktop\Eco-Elektrik\MCU\MCU Kart\MCU-Kart\Hall Sensors & BJT.SchDoc with 100nF CAP - C0805C104M5UAC7800 from MCUSchlib.SchLib
Replace Part C32 10uF CAP 0805 - GRM21BR61H106KE43L in C:\Users\ralfi\Desktop\Eco-Elektrik\MCU\MCU Kart\MCU-Kart\Hall Sensors & BJT.SchDoc with 10uF CAP 0805 - GRM21BR61H106KE43L from MCUSchlib.SchLib
Replace Part C33 100nF CAP - C0805C104M5UAC7800 in C:\Users\ralfi\Desktop\Eco-Elektrik\MCU\MCU Kart\MCU-Kart\Hall Sensors & BJT.SchDoc with 100nF CAP - C0805C104M5UAC7800 from MCUSchlib.SchLib
Replace Part C34 10uF CAP 0805 - GRM21BR61H106KE43L in C:\Users\ralfi\Desktop\Eco-Elektrik\MCU\MCU Kart\MCU-Kart\Hall Sensors & BJT.SchDoc with 10uF CAP 0805 - GRM21BR61H106KE43L from MCUSchlib.SchLib
Replace Part C35 10nF CAP 0805 - C0805C103M5UAC7800 in C:\Users\ralfi\Desktop\Eco-Elektrik\MCU\MCU Kart\MCU-Kart\Hall Sensors & BJT.SchDoc with 10nF CAP 0805 - C0805C103M5UAC7800 from MCUSchlib.SchLib
Replace Part C36 10uF CAP 0805 - GRM21BR61H106KE43L in C:\Users\ralfi\Desktop\Eco-Elektrik\MCU\MCU Kart\MCU-Kart\Hall Sensors & BJT.SchDoc with 10uF CAP 0805 - GRM21BR61H106KE43L from MCUSchlib.SchLib
Replace Part D1 RLED - 7012X1 in C:\Users\ralfi\Desktop\Eco-Elektrik\MCU\MCU Kart\MCU-Kart\Hall Sensors & BJT.SchDoc with RLED - 7012X1 from MCUSchlib.SchLib
Replace Part D2 GLED - 7012X1 in C:\Users\ralfi\Desktop\Eco-Elektrik\MCU\MCU Kart\MCU-Kart\Hall Sensors & BJT.SchDoc with GLED - 7012X1 from MCUSchlib.SchLib
Replace Part J3 8 Pin Klemens in C:\Users\ralfi\Desktop\Eco-Elektrik\MCU\MCU Kart\MCU-Kart\Hall Sensors & BJT.SchDoc with 8 Pin Klemens from MCUSchlib.SchLib
Replace Part J4 4 Pin Klemens in C:\Users\ralfi\Desktop\Eco-Elektrik\MCU\MCU Kart\MCU-Kart\Hall Sensors & BJT.SchDoc with 4 Pin Klemens from MCUSchlib.SchLib
Replace Part L1 6.8uH Inductor - MLZ2012M6R8WT000 in C:\Users\ralfi\Desktop\Eco-Elektrik\MCU\MCU Kart\MCU-Kart\Hall Sensors & BJT.SchDoc with 6.8uH Inductor - MLZ2012M6R8WT000 from MCUSchlib.SchLib
Replace Part Q7 TRANSISTOR BJT - KSD1616AGBU in C:\Users\ralfi\Desktop\Eco-Elektrik\MCU\MCU Kart\MCU-Kart\Hall Sensors & BJT.SchDoc with TRANSISTOR BJT - KSD1616AGBU from MCUSchlib.SchLib
Replace Part Q8 TRANSISTOR BJT - KSD1616AGBU in C:\Users\ralfi\Desktop\Eco-Elektrik\MCU\MCU Kart\MCU-Kart\Hall Sensors & BJT.SchDoc with TRANSISTOR BJT - KSD1616AGBU from MCUSchlib.SchLib
Replace Part Q9 TRANSISTOR BJT - KSD1616AGBU in C:\Users\ralfi\Desktop\Eco-Elektrik\MCU\MCU Kart\MCU-Kart\Hall Sensors & BJT.SchDoc with TRANSISTOR BJT - KSD1616AGBU from MCUSchlib.SchLib
Replace Part Q10 TRANSISTOR BJT - KSD1616AGBU in C:\Users\ralfi\Desktop\Eco-Elektrik\MCU\MCU Kart\MCU-Kart\Hall Sensors & BJT.SchDoc with TRANSISTOR BJT - KSD1616AGBU from MCUSchlib.SchLib
Replace Part R1 6.81k Ohm Resistor - RNCP0805FTD6K81 in C:\Users\ralfi\Desktop\Eco-Elektrik\MCU\MCU Kart\MCU-Kart\Hall Sensors & BJT.SchDoc with 6.81k Ohm Resistor - RNCP0805FTD6K81 from MCUSchlib.SchLib
Replace Part R2 10k Ohm - RNCP0603FTD10K0 in C:\Users\ralfi\Desktop\Eco-Elektrik\MCU\MCU Kart\MCU-Kart\Hall Sensors & BJT.SchDoc with 10k Ohm - RNCP0603FTD10K0 from MCUSchlib.SchLib
Replace Part R3 5k Ohm Res - Y16245K00000T9R in C:\Users\ralfi\Desktop\Eco-Elektrik\MCU\MCU Kart\MCU-Kart\Hall Sensors & BJT.SchDoc with 5k Ohm Res - Y16245K00000T9R from MCUSchlib.SchLib
Replace Part R4 0 Ohm RES in C:\Users\ralfi\Desktop\Eco-Elektrik\MCU\MCU Kart\MCU-Kart\Hall Sensors & BJT.SchDoc with 0 Ohm RES from MCUSchlib.SchLib
Replace Part R5 0 Ohm RES in C:\Users\ralfi\Desktop\Eco-Elektrik\MCU\MCU Kart\MCU-Kart\Hall Sensors & BJT.SchDoc with 0 Ohm RES from MCUSchlib.SchLib
Replace Part R6 0 Ohm RES in C:\Users\ralfi\Desktop\Eco-Elektrik\MCU\MCU Kart\MCU-Kart\Hall Sensors & BJT.SchDoc with 0 Ohm RES from MCUSchlib.SchLib
Replace Part R9 0 Ohm RES in C:\Users\ralfi\Desktop\Eco-Elektrik\MCU\MCU Kart\MCU-Kart\Hall Sensors & BJT.SchDoc with 0 Ohm RES from MCUSchlib.SchLib
Replace Part R10 0 Ohm RES in C:\Users\ralfi\Desktop\Eco-Elektrik\MCU\MCU Kart\MCU-Kart\Hall Sensors & BJT.SchDoc with 0 Ohm RES from MCUSchlib.SchLib
Replace Part R11 0 Ohm RES in C:\Users\ralfi\Desktop\Eco-Elektrik\MCU\MCU Kart\MCU-Kart\Hall Sensors & BJT.SchDoc with 0 Ohm RES from MCUSchlib.SchLib
Replace Part R12 6.81k Ohm Resistor - RNCP0805FTD6K81 in C:\Users\ralfi\Desktop\Eco-Elektrik\MCU\MCU Kart\MCU-Kart\Hall Sensors & BJT.SchDoc with 6.81k Ohm Resistor - RNCP0805FTD6K81 from MCUSchlib.SchLib
Replace Part R13 10k Ohm - RNCP0603FTD10K0 in C:\Users\ralfi\Desktop\Eco-Elektrik\MCU\MCU Kart\MCU-Kart\Hall Sensors & BJT.SchDoc with 10k Ohm - RNCP0603FTD10K0 from MCUSchlib.SchLib
Replace Part R14 5k Ohm Res - Y16245K00000T9R in C:\Users\ralfi\Desktop\Eco-Elektrik\MCU\MCU Kart\MCU-Kart\Hall Sensors & BJT.SchDoc with 5k Ohm Res - Y16245K00000T9R from MCUSchlib.SchLib
Replace Part R15 6.81k Ohm Resistor - RNCP0805FTD6K81 in C:\Users\ralfi\Desktop\Eco-Elektrik\MCU\MCU Kart\MCU-Kart\Hall Sensors & BJT.SchDoc with 6.81k Ohm Resistor - RNCP0805FTD6K81 from MCUSchlib.SchLib
Replace Part R16 10k Ohm - RNCP0603FTD10K0 in C:\Users\ralfi\Desktop\Eco-Elektrik\MCU\MCU Kart\MCU-Kart\Hall Sensors & BJT.SchDoc with 10k Ohm - RNCP0603FTD10K0 from MCUSchlib.SchLib
Replace Part R17 5k Ohm Res - Y16245K00000T9R in C:\Users\ralfi\Desktop\Eco-Elektrik\MCU\MCU Kart\MCU-Kart\Hall Sensors & BJT.SchDoc with 5k Ohm Res - Y16245K00000T9R from MCUSchlib.SchLib
Replace Part R18 1k Ohm RES - RNCP0805FTD1K00 in C:\Users\ralfi\Desktop\Eco-Elektrik\MCU\MCU Kart\MCU-Kart\Hall Sensors & BJT.SchDoc with 1k Ohm RES - RNCP0805FTD1K00 from MCUSchlib.SchLib
Replace Part R19 1k Ohm RES - RNCP0805FTD1K00 in C:\Users\ralfi\Desktop\Eco-Elektrik\MCU\MCU Kart\MCU-Kart\Hall Sensors & BJT.SchDoc with 1k Ohm RES - RNCP0805FTD1K00 from MCUSchlib.SchLib
Replace Part R20 10k Ohm - RNCP0603FTD10K0 in C:\Users\ralfi\Desktop\Eco-Elektrik\MCU\MCU Kart\MCU-Kart\Hall Sensors & BJT.SchDoc with 10k Ohm - RNCP0603FTD10K0 from MCUSchlib.SchLib
Replace Part R21 10k Ohm - RNCP0603FTD10K0 in C:\Users\ralfi\Desktop\Eco-Elektrik\MCU\MCU Kart\MCU-Kart\Hall Sensors & BJT.SchDoc with 10k Ohm - RNCP0603FTD10K0 from MCUSchlib.SchLib
Replace Part R22 330 Ohm RES - RMCF0603ZT0R00_1 in C:\Users\ralfi\Desktop\Eco-Elektrik\MCU\MCU Kart\MCU-Kart\Hall Sensors & BJT.SchDoc with 330 Ohm RES - RMCF0603ZT0R00_1 from MCUSchlib.SchLib
Replace Part R23 10k Ohm - RNCP0603FTD10K0 in C:\Users\ralfi\Desktop\Eco-Elektrik\MCU\MCU Kart\MCU-Kart\Hall Sensors & BJT.SchDoc with 10k Ohm - RNCP0603FTD10K0 from MCUSchlib.SchLib
Replace Part R24 10k Ohm - RNCP0603FTD10K0 in C:\Users\ralfi\Desktop\Eco-Elektrik\MCU\MCU Kart\MCU-Kart\Hall Sensors & BJT.SchDoc with 10k Ohm - RNCP0603FTD10K0 from MCUSchlib.SchLib
Replace Part R25 330 Ohm RES - RMCF0603ZT0R00_1 in C:\Users\ralfi\Desktop\Eco-Elektrik\MCU\MCU Kart\MCU-Kart\Hall Sensors & BJT.SchDoc with 330 Ohm RES - RMCF0603ZT0R00_1 from MCUSchlib.SchLib
Replace Part R26 10k Ohm - RNCP0603FTD10K0 in C:\Users\ralfi\Desktop\Eco-Elektrik\MCU\MCU Kart\MCU-Kart\Hall Sensors & BJT.SchDoc with 10k Ohm - RNCP0603FTD10K0 from MCUSchlib.SchLib
Replace Part R27 330 Ohm RES - RMCF0603ZT0R00_1 in C:\Users\ralfi\Desktop\Eco-Elektrik\MCU\MCU Kart\MCU-Kart\Hall Sensors & BJT.SchDoc with 330 Ohm RES - RMCF0603ZT0R00_1 from MCUSchlib.SchLib
Replace Part R28 330 Ohm RES - RMCF0603ZT0R00_1 in C:\Users\ralfi\Desktop\Eco-Elektrik\MCU\MCU Kart\MCU-Kart\Hall Sensors & BJT.SchDoc with 330 Ohm RES - RMCF0603ZT0R00_1 from MCUSchlib.SchLib
Replace Part U8 ISO7230CDW in C:\Users\ralfi\Desktop\Eco-Elektrik\MCU\MCU Kart\MCU-Kart\Hall Sensors & BJT.SchDoc with ISO7230CDW from MCUSchlib.SchLib
Replace Part U9 ADP3338AKCZ-2.5-RL in C:\Users\ralfi\Desktop\Eco-Elektrik\MCU\MCU Kart\MCU-Kart\Hall Sensors & BJT.SchDoc with ADP3338AKCZ-2.5-RL from MCUSchlib.SchLib
Replace Part U10 DC-DC ISE0512A-H in C:\Users\ralfi\Desktop\Eco-Elektrik\MCU\MCU Kart\MCU-Kart\Hall Sensors & BJT.SchDoc with DC-DC ISE0512A-H from MCUSchlib.SchLib
