Added Component: Designator=C21(100pF CAP - CAPC220145_88N_KEM-M)
Add component (AddParameter): Name = "Copyright"; Value = "Copyright (C) 2022 Ultra Librarian. All rights reserved."; VariantName = "[No Variations]"
Add component (AddParameter): Name = "Manufacturer_Part_Number"; Value = "C0805C101K5RACTU"; VariantName = "[No Variations]"
Add component (AddParameter): Name = "Mfr_Name"; Value = "Kemet"; VariantName = "[No Variations]"
Add component (AddParameter): Name = "RefDes"; Value = "RefDes"; VariantName = "[No Variations]"
Add component (AddParameter): Name = "Type"; Value = "DEV"; VariantName = "[No Variations]"
Added Component: Designator=C22(100pF CAP - CAPC220145_88N_KEM-M)
Add component (AddParameter): Name = "Copyright"; Value = "Copyright (C) 2022 Ultra Librarian. All rights reserved."; VariantName = "[No Variations]"
Add component (AddParameter): Name = "Manufacturer_Part_Number"; Value = "C0805C101K5RACTU"; VariantName = "[No Variations]"
Add component (AddParameter): Name = "Mfr_Name"; Value = "Kemet"; VariantName = "[No Variations]"
Add component (AddParameter): Name = "RefDes"; Value = "RefDes"; VariantName = "[No Variations]"
Add component (AddParameter): Name = "Type"; Value = "DEV"; VariantName = "[No Variations]"
Added Component: Designator=C23(100pF CAP - CAPC220145_88N_KEM-M)
Add component (AddParameter): Name = "Copyright"; Value = "Copyright (C) 2022 Ultra Librarian. All rights reserved."; VariantName = "[No Variations]"
Add component (AddParameter): Name = "Manufacturer_Part_Number"; Value = "C0805C101K5RACTU"; VariantName = "[No Variations]"
Add component (AddParameter): Name = "Mfr_Name"; Value = "Kemet"; VariantName = "[No Variations]"
Add component (AddParameter): Name = "RefDes"; Value = "RefDes"; VariantName = "[No Variations]"
Add component (AddParameter): Name = "Type"; Value = "DEV"; VariantName = "[No Variations]"
Added Component: Designator=C24(100pF CAP - CAPC220145_88N_KEM-M)
Add component (AddParameter): Name = "Copyright"; Value = "Copyright (C) 2022 Ultra Librarian. All rights reserved."; VariantName = "[No Variations]"
Add component (AddParameter): Name = "Manufacturer_Part_Number"; Value = "C0805C101K5RACTU"; VariantName = "[No Variations]"
Add component (AddParameter): Name = "Mfr_Name"; Value = "Kemet"; VariantName = "[No Variations]"
Add component (AddParameter): Name = "RefDes"; Value = "RefDes"; VariantName = "[No Variations]"
Add component (AddParameter): Name = "Type"; Value = "DEV"; VariantName = "[No Variations]"
Added Component: Designator=C25(10uF CAP (0805) - CAPC2012X145N)
Add component (AddParameter): Name = "10uF"; Value = "0805"; VariantName = "[No Variations]"
Add component (AddParameter): Name = "Availability"; Value = "Warning"; VariantName = "[No Variations]"
Add component (AddParameter): Name = "DigiKey-Purchase-URL"; Value = "https://snapeda.com/shop?store=DigiKey&id=4467420"; VariantName = "[No Variations]"
Add component (AddParameter): Name = "MF"; Value = "Murata Electronics"; VariantName = "[No Variations]"
Add component (AddParameter): Name = "Mouser-Purchase-URL"; Value = "https://snapeda.com/shop?store=Mouser&id=4467420"; VariantName = "[No Variations]"
Add component (AddParameter): Name = "MP"; Value = "GRM21BR61H106KE43L"; VariantName = "[No Variations]"
Add component (AddParameter): Name = "Package"; Value = "2012 Murata"; VariantName = "[No Variations]"
Add component (AddParameter): Name = "Price"; Value = "None"; VariantName = "[No Variations]"
Add component (AddParameter): Name = "SnapEDA_Link"; Value = "https://www.snapeda.com/parts/GRM21BR61H106KE43L/Murata/view-part/4467420/?ref=snap"; VariantName = "[No Variations]"
Add component (AddParameter): Name = "Value"; Value = ""; VariantName = "[No Variations]"
Added Component: Designator=C26(100pF CAP - CAPC220145_88N_KEM-M)
Add component (AddParameter): Name = "Copyright"; Value = "Copyright (C) 2022 Ultra Librarian. All rights reserved."; VariantName = "[No Variations]"
Add component (AddParameter): Name = "Manufacturer_Part_Number"; Value = "C0805C101K5RACTU"; VariantName = "[No Variations]"
Add component (AddParameter): Name = "Mfr_Name"; Value = "Kemet"; VariantName = "[No Variations]"
Add component (AddParameter): Name = "RefDes"; Value = "RefDes"; VariantName = "[No Variations]"
Add component (AddParameter): Name = "Type"; Value = "DEV"; VariantName = "[No Variations]"
Added Component: Designator=C27(10uF CAP (0805) - CAPC2012X145N)
Add component (AddParameter): Name = "10nF"; Value = "0805"; VariantName = "[No Variations]"
Add component (AddParameter): Name = "Availability"; Value = "Warning"; VariantName = "[No Variations]"
Add component (AddParameter): Name = "DigiKey-Purchase-URL"; Value = "https://snapeda.com/shop?store=DigiKey&id=4467420"; VariantName = "[No Variations]"
Add component (AddParameter): Name = "MF"; Value = "Murata Electronics"; VariantName = "[No Variations]"
Add component (AddParameter): Name = "Mouser-Purchase-URL"; Value = "https://snapeda.com/shop?store=Mouser&id=4467420"; VariantName = "[No Variations]"
Add component (AddParameter): Name = "MP"; Value = "GRM21BR61H106KE43L"; VariantName = "[No Variations]"
Add component (AddParameter): Name = "Package"; Value = "2012 Murata"; VariantName = "[No Variations]"
Add component (AddParameter): Name = "Price"; Value = "None"; VariantName = "[No Variations]"
Add component (AddParameter): Name = "SnapEDA_Link"; Value = "https://www.snapeda.com/parts/GRM21BR61H106KE43L/Murata/view-part/4467420/?ref=snap"; VariantName = "[No Variations]"
Add component (AddParameter): Name = "Value"; Value = ""; VariantName = "[No Variations]"
Added Component: Designator=C28(100pF CAP - CAPC220145_88N_KEM-M)
Add component (AddParameter): Name = "Copyright"; Value = "Copyright (C) 2022 Ultra Librarian. All rights reserved."; VariantName = "[No Variations]"
Add component (AddParameter): Name = "Manufacturer_Part_Number"; Value = "C0805C101K5RACTU"; VariantName = "[No Variations]"
Add component (AddParameter): Name = "Mfr_Name"; Value = "Kemet"; VariantName = "[No Variations]"
Add component (AddParameter): Name = "RefDes"; Value = "RefDes"; VariantName = "[No Variations]"
Add component (AddParameter): Name = "Type"; Value = "DEV"; VariantName = "[No Variations]"
Added Component: Designator=C29(100pF CAP - CAPC220145_88N_KEM-M)
Add component (AddParameter): Name = "Copyright"; Value = "Copyright (C) 2022 Ultra Librarian. All rights reserved."; VariantName = "[No Variations]"
Add component (AddParameter): Name = "Manufacturer_Part_Number"; Value = "C0805C101K5RACTU"; VariantName = "[No Variations]"
Add component (AddParameter): Name = "Mfr_Name"; Value = "Kemet"; VariantName = "[No Variations]"
Add component (AddParameter): Name = "RefDes"; Value = "RefDes"; VariantName = "[No Variations]"
Add component (AddParameter): Name = "Type"; Value = "DEV"; VariantName = "[No Variations]"
Added Component: Designator=C30(10uF CAP (0805) - CAPC2012X145N)
Add component (AddParameter): Name = "10nF"; Value = "0805"; VariantName = "[No Variations]"
Add component (AddParameter): Name = "Availability"; Value = "Warning"; VariantName = "[No Variations]"
Add component (AddParameter): Name = "DigiKey-Purchase-URL"; Value = "https://snapeda.com/shop?store=DigiKey&id=4467420"; VariantName = "[No Variations]"
Add component (AddParameter): Name = "MF"; Value = "Murata Electronics"; VariantName = "[No Variations]"
Add component (AddParameter): Name = "Mouser-Purchase-URL"; Value = "https://snapeda.com/shop?store=Mouser&id=4467420"; VariantName = "[No Variations]"
Add component (AddParameter): Name = "MP"; Value = "GRM21BR61H106KE43L"; VariantName = "[No Variations]"
Add component (AddParameter): Name = "Package"; Value = "2012 Murata"; VariantName = "[No Variations]"
Add component (AddParameter): Name = "Price"; Value = "None"; VariantName = "[No Variations]"
Add component (AddParameter): Name = "SnapEDA_Link"; Value = "https://www.snapeda.com/parts/GRM21BR61H106KE43L/Murata/view-part/4467420/?ref=snap"; VariantName = "[No Variations]"
Add component (AddParameter): Name = "Value"; Value = ""; VariantName = "[No Variations]"
Added Component: Designator=C31(100pF CAP - CAPC220145_88N_KEM-M)
Add component (AddParameter): Name = "Copyright"; Value = "Copyright (C) 2022 Ultra Librarian. All rights reserved."; VariantName = "[No Variations]"
Add component (AddParameter): Name = "Manufacturer_Part_Number"; Value = "C0805C101K5RACTU"; VariantName = "[No Variations]"
Add component (AddParameter): Name = "Mfr_Name"; Value = "Kemet"; VariantName = "[No Variations]"
Add component (AddParameter): Name = "RefDes"; Value = "RefDes"; VariantName = "[No Variations]"
Add component (AddParameter): Name = "Type"; Value = "DEV"; VariantName = "[No Variations]"
Added Component: Designator=C32(10uF CAP (0805) - CAPC2012X145N)
Add component (AddParameter): Name = "10uF"; Value = "0805"; VariantName = "[No Variations]"
Add component (AddParameter): Name = "Availability"; Value = "Warning"; VariantName = "[No Variations]"
Add component (AddParameter): Name = "DigiKey-Purchase-URL"; Value = "https://snapeda.com/shop?store=DigiKey&id=4467420"; VariantName = "[No Variations]"
Add component (AddParameter): Name = "MF"; Value = "Murata Electronics"; VariantName = "[No Variations]"
Add component (AddParameter): Name = "Mouser-Purchase-URL"; Value = "https://snapeda.com/shop?store=Mouser&id=4467420"; VariantName = "[No Variations]"
Add component (AddParameter): Name = "MP"; Value = "GRM21BR61H106KE43L"; VariantName = "[No Variations]"
Add component (AddParameter): Name = "Package"; Value = "2012 Murata"; VariantName = "[No Variations]"
Add component (AddParameter): Name = "Price"; Value = "None"; VariantName = "[No Variations]"
Add component (AddParameter): Name = "SnapEDA_Link"; Value = "https://www.snapeda.com/parts/GRM21BR61H106KE43L/Murata/view-part/4467420/?ref=snap"; VariantName = "[No Variations]"
Add component (AddParameter): Name = "Value"; Value = ""; VariantName = "[No Variations]"
Added Component: Designator=C33(100pF CAP - CAPC220145_88N_KEM-M)
Add component (AddParameter): Name = "Copyright"; Value = "Copyright (C) 2022 Ultra Librarian. All rights reserved."; VariantName = "[No Variations]"
Add component (AddParameter): Name = "Manufacturer_Part_Number"; Value = "C0805C101K5RACTU"; VariantName = "[No Variations]"
Add component (AddParameter): Name = "Mfr_Name"; Value = "Kemet"; VariantName = "[No Variations]"
Add component (AddParameter): Name = "RefDes"; Value = "RefDes"; VariantName = "[No Variations]"
Add component (AddParameter): Name = "Type"; Value = "DEV"; VariantName = "[No Variations]"
Added Component: Designator=C34(10uF CAP (0805) - CAPC2012X145N)
Add component (AddParameter): Name = "10uF"; Value = "0805"; VariantName = "[No Variations]"
Add component (AddParameter): Name = "Availability"; Value = "Warning"; VariantName = "[No Variations]"
Add component (AddParameter): Name = "DigiKey-Purchase-URL"; Value = "https://snapeda.com/shop?store=DigiKey&id=4467420"; VariantName = "[No Variations]"
Add component (AddParameter): Name = "MF"; Value = "Murata Electronics"; VariantName = "[No Variations]"
Add component (AddParameter): Name = "Mouser-Purchase-URL"; Value = "https://snapeda.com/shop?store=Mouser&id=4467420"; VariantName = "[No Variations]"
Add component (AddParameter): Name = "MP"; Value = "GRM21BR61H106KE43L"; VariantName = "[No Variations]"
Add component (AddParameter): Name = "Package"; Value = "2012 Murata"; VariantName = "[No Variations]"
Add component (AddParameter): Name = "Price"; Value = "None"; VariantName = "[No Variations]"
Add component (AddParameter): Name = "SnapEDA_Link"; Value = "https://www.snapeda.com/parts/GRM21BR61H106KE43L/Murata/view-part/4467420/?ref=snap"; VariantName = "[No Variations]"
Add component (AddParameter): Name = "Value"; Value = ""; VariantName = "[No Variations]"
Added Component: Designator=C35(10uF CAP (0805) - CAPC2012X145N)
Add component (AddParameter): Name = "10nF"; Value = "0805"; VariantName = "[No Variations]"
Add component (AddParameter): Name = "Availability"; Value = "Warning"; VariantName = "[No Variations]"
Add component (AddParameter): Name = "DigiKey-Purchase-URL"; Value = "https://snapeda.com/shop?store=DigiKey&id=4467420"; VariantName = "[No Variations]"
Add component (AddParameter): Name = "MF"; Value = "Murata Electronics"; VariantName = "[No Variations]"
Add component (AddParameter): Name = "Mouser-Purchase-URL"; Value = "https://snapeda.com/shop?store=Mouser&id=4467420"; VariantName = "[No Variations]"
Add component (AddParameter): Name = "MP"; Value = "GRM21BR61H106KE43L"; VariantName = "[No Variations]"
Add component (AddParameter): Name = "Package"; Value = "2012 Murata"; VariantName = "[No Variations]"
Add component (AddParameter): Name = "Price"; Value = "None"; VariantName = "[No Variations]"
Add component (AddParameter): Name = "SnapEDA_Link"; Value = "https://www.snapeda.com/parts/GRM21BR61H106KE43L/Murata/view-part/4467420/?ref=snap"; VariantName = "[No Variations]"
Add component (AddParameter): Name = "Value"; Value = ""; VariantName = "[No Variations]"
Added Component: Designator=C(10uF CAP (0805) - CAPC2012X145N)
Add component (AddParameter): Name = "10uF"; Value = "0805"; VariantName = "[No Variations]"
Add component (AddParameter): Name = "Availability"; Value = "Warning"; VariantName = "[No Variations]"
Add component (AddParameter): Name = "DigiKey-Purchase-URL"; Value = "https://snapeda.com/shop?store=DigiKey&id=4467420"; VariantName = "[No Variations]"
Add component (AddParameter): Name = "MF"; Value = "Murata Electronics"; VariantName = "[No Variations]"
Add component (AddParameter): Name = "Mouser-Purchase-URL"; Value = "https://snapeda.com/shop?store=Mouser&id=4467420"; VariantName = "[No Variations]"
Add component (AddParameter): Name = "MP"; Value = "GRM21BR61H106KE43L"; VariantName = "[No Variations]"
Add component (AddParameter): Name = "Package"; Value = "2012 Murata"; VariantName = "[No Variations]"
Add component (AddParameter): Name = "Price"; Value = "None"; VariantName = "[No Variations]"
Add component (AddParameter): Name = "SnapEDA_Link"; Value = "https://www.snapeda.com/parts/GRM21BR61H106KE43L/Murata/view-part/4467420/?ref=snap"; VariantName = "[No Variations]"
Add component (AddParameter): Name = "Value"; Value = ""; VariantName = "[No Variations]"
Added Component: Designator=D1(RLED_7012X1)
Add component (AddParameter): Name = "Availability"; Value = "Unavailable"; VariantName = "[No Variations]"
Add component (AddParameter): Name = "MF"; Value = ""; VariantName = "[No Variations]"
Add component (AddParameter): Name = "MP"; Value = "7012X1"; VariantName = "[No Variations]"
Add component (AddParameter): Name = "Package"; Value = "None"; VariantName = "[No Variations]"
Add component (AddParameter): Name = "Price"; Value = "None"; VariantName = "[No Variations]"
Add component (AddParameter): Name = "Value"; Value = ""; VariantName = "[No Variations]"
Added Component: Designator=D2(GLED_7012X1)
Add component (AddParameter): Name = "Availability"; Value = "Unavailable"; VariantName = "[No Variations]"
Add component (AddParameter): Name = "MF"; Value = ""; VariantName = "[No Variations]"
Add component (AddParameter): Name = "MP"; Value = "7012X1"; VariantName = "[No Variations]"
Add component (AddParameter): Name = "Package"; Value = "None"; VariantName = "[No Variations]"
Add component (AddParameter): Name = "Price"; Value = "None"; VariantName = "[No Variations]"
Add component (AddParameter): Name = "Value"; Value = ""; VariantName = "[No Variations]"
Added Component: Designator=J3(8 PIN KLEMENS)
Add component (AddParameter): Name = "Availability"; Value = "Unavailable"; VariantName = "[No Variations]"
Add component (AddParameter): Name = "MF"; Value = "CUI Devices"; VariantName = "[No Variations]"
Add component (AddParameter): Name = "MP"; Value = "TB001-500-08BE"; VariantName = "[No Variations]"
Add component (AddParameter): Name = "Package"; Value = "None"; VariantName = "[No Variations]"
Add component (AddParameter): Name = "Price"; Value = "None"; VariantName = "[No Variations]"
Add component (AddParameter): Name = "SnapEDA_Link"; Value = "https://www.snapeda.com/parts/TB001-500-08BE/CUI%20Devices/view-part/3590322/?ref=snap"; VariantName = "[No Variations]"
Add component (AddParameter): Name = "Value"; Value = ""; VariantName = "[No Variations]"
Added Component: Designator=J4(4 PIN KLEMENS)
Add component (AddParameter): Name = "Availability"; Value = "Unavailable"; VariantName = "[No Variations]"
Add component (AddParameter): Name = "Centerline_Pitch"; Value = "2.54 mm[.1 in]"; VariantName = "[No Variations]"
Add component (AddParameter): Name = "EU_RoHS_Compliance"; Value = "Compliant with Exemptions"; VariantName = "[No Variations]"
Add component (AddParameter): Name = "MF"; Value = "TE Connectivity"; VariantName = "[No Variations]"
Add component (AddParameter): Name = "MP"; Value = "282834-4"; VariantName = "[No Variations]"
Add component (AddParameter): Name = "Number_of_Positions"; Value = "4"; VariantName = "[No Variations]"
Add component (AddParameter): Name = "Package"; Value = "None"; VariantName = "[No Variations]"
Add component (AddParameter): Name = "Price"; Value = "None"; VariantName = "[No Variations]"
Add component (AddParameter): Name = "SnapEDA_Link"; Value = "https://www.snapeda.com/parts/282834-4/TE%20Connectivity%20AMP%20Connectors/view-part/448422/?ref=snap"; VariantName = "[No Variations]"
Add component (AddParameter): Name = "TE_purchase_URL"; Value = "https://www.te.com/usa-en/product-282834-4.html?te_bu=Cor&te_type=disp&te_campaign=seda_glo_cor-seda-global-disp-prtnr-fy19-seda-model-bom-cta_sma-317_1&elqCampaignId=32493"; VariantName = "[No Variations]"
Add component (AddParameter): Name = "Value"; Value = ""; VariantName = "[No Variations]"
Added Component: Designator=L(6.8uH INDUCTOR - NDC2012X87N)
Add component (AddParameter): Name = "Availability"; Value = "Unavailable"; VariantName = "[No Variations]"
Add component (AddParameter): Name = "DigiKey-Purchase-URL"; Value = "https://snapeda.com/shop?store=DigiKey&id=1502712"; VariantName = "[No Variations]"
Add component (AddParameter): Name = "MF"; Value = "TDK"; VariantName = "[No Variations]"
Add component (AddParameter): Name = "MP"; Value = "MLZ2012M6R8WT000"; VariantName = "[No Variations]"
Add component (AddParameter): Name = "Package"; Value = "0805 TDK"; VariantName = "[No Variations]"
Add component (AddParameter): Name = "Price"; Value = "None"; VariantName = "[No Variations]"
Add component (AddParameter): Name = "SnapEDA_Link"; Value = "https://www.snapeda.com/parts/MLZ2012M6R8WT000/TDK-Lambda%20Americas%20Inc/view-part/1502712/?ref=snap"; VariantName = "[No Variations]"
Add component (AddParameter): Name = "Value"; Value = ""; VariantName = "[No Variations]"
Added Component: Designator=Q7(TRANSISTOR BJT - TO92127P478H483-3)
Added Component: Designator=Q8(TRANSISTOR BJT - TO92127P478H483-3)
Added Component: Designator=Q9(TRANSISTOR BJT - TO92127P478H483-3)
Added Component: Designator=Q10(TRANSISTOR BJT - TO92127P478H483-3)
Added Component: Designator=R1(6.81K OHM RES - RESC2012X60N)
Add component (AddParameter): Name = "Availability"; Value = "Unavailable"; VariantName = "[No Variations]"
Add component (AddParameter): Name = "MF"; Value = ""; VariantName = "[No Variations]"
Add component (AddParameter): Name = "MP"; Value = "RNCP0805FTD6K81"; VariantName = "[No Variations]"
Add component (AddParameter): Name = "Package"; Value = "None"; VariantName = "[No Variations]"
Add component (AddParameter): Name = "Price"; Value = "None"; VariantName = "[No Variations]"
Add component (AddParameter): Name = "Value"; Value = ""; VariantName = "[No Variations]"
Added Component: Designator=R2(10k Ohm RES - RESC1508X50N)
Add component (AddParameter): Name = "DeviceName"; Value = ""; VariantName = "[No Variations]"
Add component (AddParameter): Name = "DeviceSetName"; Value = "RNCP0603FTD10K0"; VariantName = "[No Variations]"
Add component (AddParameter): Name = "GateName_1"; Value = "G$1"; VariantName = "[No Variations]"
Add component (AddParameter): Name = "LibraryName"; Value = "RNCP0603FTD10K0"; VariantName = "[No Variations]"
Add component (AddParameter): Name = "Package"; Value = "RESC1508X50N"; VariantName = "[No Variations]"
Add component (AddParameter): Name = "SymbolName_1"; Value = "RNCP0603FTD10K0"; VariantName = "[No Variations]"
Added Component: Designator=R3(5k Ohm RES - RESC2012X64N)
Add component (AddParameter): Name = "Availability"; Value = "Unavailable"; VariantName = "[No Variations]"
Add component (AddParameter): Name = "MF"; Value = ""; VariantName = "[No Variations]"
Add component (AddParameter): Name = "MP"; Value = "Y16245K00000T9R"; VariantName = "[No Variations]"
Add component (AddParameter): Name = "Package"; Value = "None"; VariantName = "[No Variations]"
Add component (AddParameter): Name = "Price"; Value = "None"; VariantName = "[No Variations]"
Add component (AddParameter): Name = "Value"; Value = ""; VariantName = "[No Variations]"
Added Component: Designator=R4(0 Ohm RES - RESC1508X55N)
Add component (AddParameter): Name = "Availability"; Value = "Unavailable"; VariantName = "[No Variations]"
Add component (AddParameter): Name = "MF"; Value = "Stackpole Electronics Inc"; VariantName = "[No Variations]"
Add component (AddParameter): Name = "MP"; Value = "RMCF0603ZT0R00"; VariantName = "[No Variations]"
Add component (AddParameter): Name = "Package"; Value = "1508 Stackpole"; VariantName = "[No Variations]"
Add component (AddParameter): Name = "Price"; Value = "None"; VariantName = "[No Variations]"
Add component (AddParameter): Name = "SnapEDA_Link"; Value = "https://www.snapeda.com/parts/RMCF0603ZT0R00/Stackpole%20Electronics%20Inc/view-part/3968849/?ref=snap"; VariantName = "[No Variations]"
Add component (AddParameter): Name = "Value"; Value = ""; VariantName = "[No Variations]"
Added Component: Designator=R5(0 Ohm RES - RESC1508X55N)
Add component (AddParameter): Name = "Availability"; Value = "Unavailable"; VariantName = "[No Variations]"
Add component (AddParameter): Name = "MF"; Value = "Stackpole Electronics Inc"; VariantName = "[No Variations]"
Add component (AddParameter): Name = "MP"; Value = "RMCF0603ZT0R00"; VariantName = "[No Variations]"
Add component (AddParameter): Name = "Package"; Value = "1508 Stackpole"; VariantName = "[No Variations]"
Add component (AddParameter): Name = "Price"; Value = "None"; VariantName = "[No Variations]"
Add component (AddParameter): Name = "SnapEDA_Link"; Value = "https://www.snapeda.com/parts/RMCF0603ZT0R00/Stackpole%20Electronics%20Inc/view-part/3968849/?ref=snap"; VariantName = "[No Variations]"
Add component (AddParameter): Name = "Value"; Value = ""; VariantName = "[No Variations]"
Added Component: Designator=R6(0 Ohm RES - RESC1508X55N)
Add component (AddParameter): Name = "Availability"; Value = "Unavailable"; VariantName = "[No Variations]"
Add component (AddParameter): Name = "MF"; Value = "Stackpole Electronics Inc"; VariantName = "[No Variations]"
Add component (AddParameter): Name = "MP"; Value = "RMCF0603ZT0R00"; VariantName = "[No Variations]"
Add component (AddParameter): Name = "Package"; Value = "1508 Stackpole"; VariantName = "[No Variations]"
Add component (AddParameter): Name = "Price"; Value = "None"; VariantName = "[No Variations]"
Add component (AddParameter): Name = "SnapEDA_Link"; Value = "https://www.snapeda.com/parts/RMCF0603ZT0R00/Stackpole%20Electronics%20Inc/view-part/3968849/?ref=snap"; VariantName = "[No Variations]"
Add component (AddParameter): Name = "Value"; Value = ""; VariantName = "[No Variations]"
Added Component: Designator=R9(0 Ohm RES - RESC1508X55N)
Add component (AddParameter): Name = "Availability"; Value = "Unavailable"; VariantName = "[No Variations]"
Add component (AddParameter): Name = "MF"; Value = "Stackpole Electronics Inc"; VariantName = "[No Variations]"
Add component (AddParameter): Name = "MP"; Value = "RMCF0603ZT0R00"; VariantName = "[No Variations]"
Add component (AddParameter): Name = "Package"; Value = "1508 Stackpole"; VariantName = "[No Variations]"
Add component (AddParameter): Name = "Price"; Value = "None"; VariantName = "[No Variations]"
Add component (AddParameter): Name = "SnapEDA_Link"; Value = "https://www.snapeda.com/parts/RMCF0603ZT0R00/Stackpole%20Electronics%20Inc/view-part/3968849/?ref=snap"; VariantName = "[No Variations]"
Add component (AddParameter): Name = "Value"; Value = ""; VariantName = "[No Variations]"
Added Component: Designator=R10(0 Ohm RES - RESC1508X55N)
Add component (AddParameter): Name = "Availability"; Value = "Unavailable"; VariantName = "[No Variations]"
Add component (AddParameter): Name = "MF"; Value = "Stackpole Electronics Inc"; VariantName = "[No Variations]"
Add component (AddParameter): Name = "MP"; Value = "RMCF0603ZT0R00"; VariantName = "[No Variations]"
Add component (AddParameter): Name = "Package"; Value = "1508 Stackpole"; VariantName = "[No Variations]"
Add component (AddParameter): Name = "Price"; Value = "None"; VariantName = "[No Variations]"
Add component (AddParameter): Name = "SnapEDA_Link"; Value = "https://www.snapeda.com/parts/RMCF0603ZT0R00/Stackpole%20Electronics%20Inc/view-part/3968849/?ref=snap"; VariantName = "[No Variations]"
Add component (AddParameter): Name = "Value"; Value = ""; VariantName = "[No Variations]"
Added Component: Designator=R11(0 Ohm RES - RESC1508X55N)
Add component (AddParameter): Name = "Availability"; Value = "Unavailable"; VariantName = "[No Variations]"
Add component (AddParameter): Name = "MF"; Value = "Stackpole Electronics Inc"; VariantName = "[No Variations]"
Add component (AddParameter): Name = "MP"; Value = "RMCF0603ZT0R00"; VariantName = "[No Variations]"
Add component (AddParameter): Name = "Package"; Value = "1508 Stackpole"; VariantName = "[No Variations]"
Add component (AddParameter): Name = "Price"; Value = "None"; VariantName = "[No Variations]"
Add component (AddParameter): Name = "SnapEDA_Link"; Value = "https://www.snapeda.com/parts/RMCF0603ZT0R00/Stackpole%20Electronics%20Inc/view-part/3968849/?ref=snap"; VariantName = "[No Variations]"
Add component (AddParameter): Name = "Value"; Value = ""; VariantName = "[No Variations]"
Added Component: Designator=R12(6.81K OHM RES - RESC2012X60N)
Add component (AddParameter): Name = "Availability"; Value = "Unavailable"; VariantName = "[No Variations]"
Add component (AddParameter): Name = "MF"; Value = ""; VariantName = "[No Variations]"
Add component (AddParameter): Name = "MP"; Value = "RNCP0805FTD6K81"; VariantName = "[No Variations]"
Add component (AddParameter): Name = "Package"; Value = "None"; VariantName = "[No Variations]"
Add component (AddParameter): Name = "Price"; Value = "None"; VariantName = "[No Variations]"
Add component (AddParameter): Name = "Value"; Value = ""; VariantName = "[No Variations]"
Added Component: Designator=R13(10k Ohm RES - RESC1508X50N)
Add component (AddParameter): Name = "DeviceName"; Value = ""; VariantName = "[No Variations]"
Add component (AddParameter): Name = "DeviceSetName"; Value = "RNCP0603FTD10K0"; VariantName = "[No Variations]"
Add component (AddParameter): Name = "GateName_1"; Value = "G$1"; VariantName = "[No Variations]"
Add component (AddParameter): Name = "LibraryName"; Value = "RNCP0603FTD10K0"; VariantName = "[No Variations]"
Add component (AddParameter): Name = "Package"; Value = "RESC1508X50N"; VariantName = "[No Variations]"
Add component (AddParameter): Name = "SymbolName_1"; Value = "RNCP0603FTD10K0"; VariantName = "[No Variations]"
Added Component: Designator=R14(5k Ohm RES - RESC2012X64N)
Add component (AddParameter): Name = "Availability"; Value = "Unavailable"; VariantName = "[No Variations]"
Add component (AddParameter): Name = "MF"; Value = ""; VariantName = "[No Variations]"
Add component (AddParameter): Name = "MP"; Value = "Y16245K00000T9R"; VariantName = "[No Variations]"
Add component (AddParameter): Name = "Package"; Value = "None"; VariantName = "[No Variations]"
Add component (AddParameter): Name = "Price"; Value = "None"; VariantName = "[No Variations]"
Add component (AddParameter): Name = "Value"; Value = ""; VariantName = "[No Variations]"
Added Component: Designator=R15(6.81K OHM RES - RESC2012X60N)
Add component (AddParameter): Name = "Availability"; Value = "Unavailable"; VariantName = "[No Variations]"
Add component (AddParameter): Name = "MF"; Value = ""; VariantName = "[No Variations]"
Add component (AddParameter): Name = "MP"; Value = "RNCP0805FTD6K81"; VariantName = "[No Variations]"
Add component (AddParameter): Name = "Package"; Value = "None"; VariantName = "[No Variations]"
Add component (AddParameter): Name = "Price"; Value = "None"; VariantName = "[No Variations]"
Add component (AddParameter): Name = "Value"; Value = ""; VariantName = "[No Variations]"
Added Component: Designator=R16(10k Ohm RES - RESC1508X50N)
Add component (AddParameter): Name = "DeviceName"; Value = ""; VariantName = "[No Variations]"
Add component (AddParameter): Name = "DeviceSetName"; Value = "RNCP0603FTD10K0"; VariantName = "[No Variations]"
Add component (AddParameter): Name = "GateName_1"; Value = "G$1"; VariantName = "[No Variations]"
Add component (AddParameter): Name = "LibraryName"; Value = "RNCP0603FTD10K0"; VariantName = "[No Variations]"
Add component (AddParameter): Name = "Package"; Value = "RESC1508X50N"; VariantName = "[No Variations]"
Add component (AddParameter): Name = "SymbolName_1"; Value = "RNCP0603FTD10K0"; VariantName = "[No Variations]"
Added Component: Designator=R17(5k Ohm RES - RESC2012X64N)
Add component (AddParameter): Name = "Availability"; Value = "Unavailable"; VariantName = "[No Variations]"
Add component (AddParameter): Name = "MF"; Value = ""; VariantName = "[No Variations]"
Add component (AddParameter): Name = "MP"; Value = "Y16245K00000T9R"; VariantName = "[No Variations]"
Add component (AddParameter): Name = "Package"; Value = "None"; VariantName = "[No Variations]"
Add component (AddParameter): Name = "Price"; Value = "None"; VariantName = "[No Variations]"
Add component (AddParameter): Name = "Value"; Value = ""; VariantName = "[No Variations]"
Added Component: Designator=R18(1k Ohm RES - RESC2012X60N)
Add component (AddParameter): Name = "Digi-Key_Part_Number"; Value = "RNCP0805FTD1K00CT-ND"; VariantName = "[No Variations]"
Add component (AddParameter): Name = "Digi-Key_Purchase_URL"; Value = "https://www.digikey.com/product-detail/en/stackpole-electronics-inc/RNCP0805FTD1K00/RNCP0805FTD1K00CT-ND/2240568?utm_source=snapeda&utm_medium=aggregator&utm_campaign=symbol"; VariantName = "[No Variations]"
Add component (AddParameter): Name = "MF"; Value = "Stackpole Electronics Inc"; VariantName = "[No Variations]"
Add component (AddParameter): Name = "MP"; Value = "RNCP0805FTD1K00"; VariantName = "[No Variations]"
Add component (AddParameter): Name = "Package"; Value = "2012 Stackpole"; VariantName = "[No Variations]"
Add component (AddParameter): Name = "SnapEDA_Link"; Value = "https://www.snapeda.com/parts/RNCP0805FTD1K00/Stackpole%20Electronics%20Inc/view-part/3228472/?ref=snap"; VariantName = "[No Variations]"
Add component (AddParameter): Name = "Value"; Value = ""; VariantName = "[No Variations]"
Added Component: Designator=R19(1k Ohm RES - RESC2012X60N)
Add component (AddParameter): Name = "Digi-Key_Part_Number"; Value = "RNCP0805FTD1K00CT-ND"; VariantName = "[No Variations]"
Add component (AddParameter): Name = "Digi-Key_Purchase_URL"; Value = "https://www.digikey.com/product-detail/en/stackpole-electronics-inc/RNCP0805FTD1K00/RNCP0805FTD1K00CT-ND/2240568?utm_source=snapeda&utm_medium=aggregator&utm_campaign=symbol"; VariantName = "[No Variations]"
Add component (AddParameter): Name = "MF"; Value = "Stackpole Electronics Inc"; VariantName = "[No Variations]"
Add component (AddParameter): Name = "MP"; Value = "RNCP0805FTD1K00"; VariantName = "[No Variations]"
Add component (AddParameter): Name = "Package"; Value = "2012 Stackpole"; VariantName = "[No Variations]"
Add component (AddParameter): Name = "SnapEDA_Link"; Value = "https://www.snapeda.com/parts/RNCP0805FTD1K00/Stackpole%20Electronics%20Inc/view-part/3228472/?ref=snap"; VariantName = "[No Variations]"
Add component (AddParameter): Name = "Value"; Value = ""; VariantName = "[No Variations]"
Added Component: Designator=R20(10k Ohm RES - RESC1508X50N)
Add component (AddParameter): Name = "DeviceName"; Value = ""; VariantName = "[No Variations]"
Add component (AddParameter): Name = "DeviceSetName"; Value = "RNCP0603FTD10K0"; VariantName = "[No Variations]"
Add component (AddParameter): Name = "GateName_1"; Value = "G$1"; VariantName = "[No Variations]"
Add component (AddParameter): Name = "LibraryName"; Value = "RNCP0603FTD10K0"; VariantName = "[No Variations]"
Add component (AddParameter): Name = "Package"; Value = "RESC1508X50N"; VariantName = "[No Variations]"
Add component (AddParameter): Name = "SymbolName_1"; Value = "RNCP0603FTD10K0"; VariantName = "[No Variations]"
Added Component: Designator=R21(10k Ohm RES - RESC1508X50N)
Add component (AddParameter): Name = "DeviceName"; Value = ""; VariantName = "[No Variations]"
Add component (AddParameter): Name = "DeviceSetName"; Value = "RNCP0603FTD10K0"; VariantName = "[No Variations]"
Add component (AddParameter): Name = "GateName_1"; Value = "G$1"; VariantName = "[No Variations]"
Add component (AddParameter): Name = "LibraryName"; Value = "RNCP0603FTD10K0"; VariantName = "[No Variations]"
Add component (AddParameter): Name = "Package"; Value = "RESC1508X50N"; VariantName = "[No Variations]"
Add component (AddParameter): Name = "SymbolName_1"; Value = "RNCP0603FTD10K0"; VariantName = "[No Variations]"
Added Component: Designator=R22(0 Ohm RES - RESC1508X55N)
Add component (AddParameter): Name = "Availability"; Value = "Unavailable"; VariantName = "[No Variations]"
Add component (AddParameter): Name = "MF"; Value = "Stackpole Electronics Inc"; VariantName = "[No Variations]"
Add component (AddParameter): Name = "MP"; Value = "RMCF0603ZT0R00"; VariantName = "[No Variations]"
Add component (AddParameter): Name = "Package"; Value = "1508 Stackpole"; VariantName = "[No Variations]"
Add component (AddParameter): Name = "Price"; Value = "None"; VariantName = "[No Variations]"
Add component (AddParameter): Name = "SnapEDA_Link"; Value = "https://www.snapeda.com/parts/RMCF0603ZT0R00/Stackpole%20Electronics%20Inc/view-part/3968849/?ref=snap"; VariantName = "[No Variations]"
Add component (AddParameter): Name = "Value"; Value = ""; VariantName = "[No Variations]"
Added Component: Designator=R23(10k Ohm RES - RESC1508X50N)
Add component (AddParameter): Name = "DeviceName"; Value = ""; VariantName = "[No Variations]"
Add component (AddParameter): Name = "DeviceSetName"; Value = "RNCP0603FTD10K0"; VariantName = "[No Variations]"
Add component (AddParameter): Name = "GateName_1"; Value = "G$1"; VariantName = "[No Variations]"
Add component (AddParameter): Name = "LibraryName"; Value = "RNCP0603FTD10K0"; VariantName = "[No Variations]"
Add component (AddParameter): Name = "Package"; Value = "RESC1508X50N"; VariantName = "[No Variations]"
Add component (AddParameter): Name = "SymbolName_1"; Value = "RNCP0603FTD10K0"; VariantName = "[No Variations]"
Added Component: Designator=R24(10k Ohm RES - RESC1508X50N)
Add component (AddParameter): Name = "DeviceName"; Value = ""; VariantName = "[No Variations]"
Add component (AddParameter): Name = "DeviceSetName"; Value = "RNCP0603FTD10K0"; VariantName = "[No Variations]"
Add component (AddParameter): Name = "GateName_1"; Value = "G$1"; VariantName = "[No Variations]"
Add component (AddParameter): Name = "LibraryName"; Value = "RNCP0603FTD10K0"; VariantName = "[No Variations]"
Add component (AddParameter): Name = "Package"; Value = "RESC1508X50N"; VariantName = "[No Variations]"
Add component (AddParameter): Name = "SymbolName_1"; Value = "RNCP0603FTD10K0"; VariantName = "[No Variations]"
Added Component: Designator=R25(0 Ohm RES - RESC1508X55N)
Add component (AddParameter): Name = "Availability"; Value = "Unavailable"; VariantName = "[No Variations]"
Add component (AddParameter): Name = "MF"; Value = "Stackpole Electronics Inc"; VariantName = "[No Variations]"
Add component (AddParameter): Name = "MP"; Value = "RMCF0603ZT0R00"; VariantName = "[No Variations]"
Add component (AddParameter): Name = "Package"; Value = "1508 Stackpole"; VariantName = "[No Variations]"
Add component (AddParameter): Name = "Price"; Value = "None"; VariantName = "[No Variations]"
Add component (AddParameter): Name = "SnapEDA_Link"; Value = "https://www.snapeda.com/parts/RMCF0603ZT0R00/Stackpole%20Electronics%20Inc/view-part/3968849/?ref=snap"; VariantName = "[No Variations]"
Add component (AddParameter): Name = "Value"; Value = ""; VariantName = "[No Variations]"
Added Component: Designator=R26(10k Ohm RES - RESC1508X50N)
Add component (AddParameter): Name = "DeviceName"; Value = ""; VariantName = "[No Variations]"
Add component (AddParameter): Name = "DeviceSetName"; Value = "RNCP0603FTD10K0"; VariantName = "[No Variations]"
Add component (AddParameter): Name = "GateName_1"; Value = "G$1"; VariantName = "[No Variations]"
Add component (AddParameter): Name = "LibraryName"; Value = "RNCP0603FTD10K0"; VariantName = "[No Variations]"
Add component (AddParameter): Name = "Package"; Value = "RESC1508X50N"; VariantName = "[No Variations]"
Add component (AddParameter): Name = "SymbolName_1"; Value = "RNCP0603FTD10K0"; VariantName = "[No Variations]"
Added Component: Designator=R27(0 Ohm RES - RESC1508X55N)
Add component (AddParameter): Name = "Availability"; Value = "Unavailable"; VariantName = "[No Variations]"
Add component (AddParameter): Name = "MF"; Value = "Stackpole Electronics Inc"; VariantName = "[No Variations]"
Add component (AddParameter): Name = "MP"; Value = "RMCF0603ZT0R00"; VariantName = "[No Variations]"
Add component (AddParameter): Name = "Package"; Value = "1508 Stackpole"; VariantName = "[No Variations]"
Add component (AddParameter): Name = "Price"; Value = "None"; VariantName = "[No Variations]"
Add component (AddParameter): Name = "SnapEDA_Link"; Value = "https://www.snapeda.com/parts/RMCF0603ZT0R00/Stackpole%20Electronics%20Inc/view-part/3968849/?ref=snap"; VariantName = "[No Variations]"
Add component (AddParameter): Name = "Value"; Value = ""; VariantName = "[No Variations]"
Added Component: Designator=R(0 Ohm RES - RESC1508X55N)
Add component (AddParameter): Name = "Availability"; Value = "Unavailable"; VariantName = "[No Variations]"
Add component (AddParameter): Name = "MF"; Value = "Stackpole Electronics Inc"; VariantName = "[No Variations]"
Add component (AddParameter): Name = "MP"; Value = "RMCF0603ZT0R00"; VariantName = "[No Variations]"
Add component (AddParameter): Name = "Package"; Value = "1508 Stackpole"; VariantName = "[No Variations]"
Add component (AddParameter): Name = "Price"; Value = "None"; VariantName = "[No Variations]"
Add component (AddParameter): Name = "SnapEDA_Link"; Value = "https://www.snapeda.com/parts/RMCF0603ZT0R00/Stackpole%20Electronics%20Inc/view-part/3968849/?ref=snap"; VariantName = "[No Variations]"
Add component (AddParameter): Name = "Value"; Value = ""; VariantName = "[No Variations]"
Added Component: Designator=U8(Digital Insulator - SOIC127P1030X265-16N)
Add component (AddParameter): Name = "Availability"; Value = "Unavailable"; VariantName = "[No Variations]"
Add component (AddParameter): Name = "MF"; Value = ""; VariantName = "[No Variations]"
Add component (AddParameter): Name = "MP"; Value = "ISO7230CDW"; VariantName = "[No Variations]"
Add component (AddParameter): Name = "Package"; Value = "None"; VariantName = "[No Variations]"
Add component (AddParameter): Name = "Price"; Value = "None"; VariantName = "[No Variations]"
Add component (AddParameter): Name = "Value"; Value = ""; VariantName = "[No Variations]"
Added Component: Designator=U9(SOT230P700X180-4N)
Add component (AddParameter): Name = "Check_prices"; Value = "https://www.snapeda.com/parts/ADP3338AKCZ-2.5-RL/Analog+Devices+Inc./view-part/?ref=eda"; VariantName = "[No Variations]"
Add component (AddParameter): Name = "Digi-Key_Part_Number"; Value = "505-ADP3338AKCZ-2.5-RLTR-ND"; VariantName = "[No Variations]"
Add component (AddParameter): Name = "MF"; Value = "Analog Devices"; VariantName = "[No Variations]"
Add component (AddParameter): Name = "MP"; Value = "ADP3338AKCZ-2.5-RL"; VariantName = "[No Variations]"
Add component (AddParameter): Name = "Package"; Value = "SOT-223-3 Analog Devices"; VariantName = "[No Variations]"
Add component (AddParameter): Name = "Purchase-URL"; Value = "https://pricing.snapeda.com/search/part/ADP3338AKCZ-2.5-RL/?ref=eda"; VariantName = "[No Variations]"
Add component (AddParameter): Name = "SnapEDA_Link"; Value = "https://www.snapeda.com/parts/ADP3338AKCZ-2.5-RL/Analog+Devices+Inc./view-part/?ref=snap"; VariantName = "[No Variations]"
Add component (AddParameter): Name = "Value"; Value = ""; VariantName = "[No Variations]"
Added Component: Designator=U10(DC-DC CONV_R1S-1209/HP)
Add component (AddParameter): Name = "Copyright"; Value = "Copyright (C) 2022 Ultra Librarian. All rights reserved."; VariantName = "[No Variations]"
Add component (AddParameter): Name = "Manufacturer_Part_Number"; Value = "ISE0512A-H"; VariantName = "[No Variations]"
Add component (AddParameter): Name = "Mfr_Name"; Value = "XP Power"; VariantName = "[No Variations]"
Add component (AddParameter): Name = "RefDes"; Value = "RefDes"; VariantName = "[No Variations]"
Add component (AddParameter): Name = "Type"; Value = "DEV"; VariantName = "[No Variations]"
Added Pin To Net: NetName=GND_HALL Pin=C21-1
Added Pin To Net: NetName=INC Pin=C21-2
Added Pin To Net: NetName=GND_HALL Pin=C22-1
Added Pin To Net: NetName=INB Pin=C22-2
Added Pin To Net: NetName=+5V_HALL Pin=C23-1
Added Pin To Net: NetName=GND_HALL Pin=C23-2
Added Pin To Net: NetName=+3V3 Pin=C24-1
Added Pin To Net: NetName=SGND Pin=C24-2
Added Pin To Net: NetName=+3V3 Pin=C25-1
Added Pin To Net: NetName=SGND Pin=C25-2
Added Pin To Net: NetName=GND_HALL Pin=C26-1
Added Pin To Net: NetName=INA Pin=C26-2
Added Pin To Net: NetName=+12V_HALL Pin=C27-1
Added Pin To Net: NetName=GND_HALL Pin=C27-2
Added Pin To Net: NetName=+12V_HALL Pin=C28-1
Added Pin To Net: NetName=GND_HALL Pin=C28-2
Added Pin To Net: NetName=+5V_HALL Pin=C29-1
Added Pin To Net: NetName=GND_HALL Pin=C29-2
Added Pin To Net: NetName=+5V_HALL Pin=C30-1
Added Pin To Net: NetName=GND_HALL Pin=C30-2
Added Pin To Net: NetName=+12V_HALL Pin=C31-1
Added Pin To Net: NetName=GND_HALL Pin=C31-2
Added Pin To Net: NetName=+12V_HALL Pin=C32-1
Added Pin To Net: NetName=GND_HALL Pin=C32-2
Added Pin To Net: NetName=SGND Pin=C33-1
Added Pin To Net: NetName=SGND Pin=C34-1
Added Pin To Net: NetName=ADC-B3 Pin=C35-1
Added Pin To Net: NetName=SGND Pin=C35-2
Added Pin To Net: NetName=+5V_HALL Pin=C-1
Added Pin To Net: NetName=GND_HALL Pin=C-2
Added Pin To Net: NetName=NetD1_A Pin=D1-A
Added Pin To Net: NetName=GND_HALL Pin=D1-C
Added Pin To Net: NetName=NetD2_A Pin=D2-A
Added Pin To Net: NetName=GND_HALL Pin=D2-C
Added Pin To Net: NetName=GND_HALL Pin=J3-1
Added Pin To Net: NetName=SGND Pin=J3-2
Added Pin To Net: NetName=+5V_HALL Pin=J3-3
Added Pin To Net: NetName=+12V_HALL Pin=J3-4
Added Pin To Net: NetName=ADC-B3 Pin=J3-5
Added Pin To Net: NetName=HALL_IN_A Pin=J3-6
Added Pin To Net: NetName=HALL_IN_B Pin=J3-7
Added Pin To Net: NetName=HALL_IN_C Pin=J3-8
Added Pin To Net: NetName=BJT-1-Out Pin=J4-1
Added Pin To Net: NetName=BJT-2-Out Pin=J4-2
Added Pin To Net: NetName=BJT-3-Out Pin=J4-3
Added Pin To Net: NetName=BJT-4-Out Pin=J4-4
Added Pin To Net: NetName=NetL_1 Pin=L-1
Added Pin To Net: NetName=SGND Pin=Q7-1
Added Pin To Net: NetName=NetQ7_2 Pin=Q7-2
Added Pin To Net: NetName=BJT-1-Out Pin=Q7-3
Added Pin To Net: NetName=SGND Pin=Q8-1
Added Pin To Net: NetName=NetQ8_2 Pin=Q8-2
Added Pin To Net: NetName=BJT-2-Out Pin=Q8-3
Added Pin To Net: NetName=SGND Pin=Q9-1
Added Pin To Net: NetName=NetQ9_2 Pin=Q9-2
Added Pin To Net: NetName=BJT-3-Out Pin=Q9-3
Added Pin To Net: NetName=SGND Pin=Q10-1
Added Pin To Net: NetName=NetQ10_2 Pin=Q10-2
Added Pin To Net: NetName=BJT-4-Out Pin=Q10-3
Added Pin To Net: NetName=HALL_IN_C Pin=R1-1
Added Pin To Net: NetName=INC Pin=R1-2
Added Pin To Net: NetName=+12V_HALL Pin=R2-1
Added Pin To Net: NetName=HALL_IN_C Pin=R2-2
Added Pin To Net: NetName=GND_HALL Pin=R3-1
Added Pin To Net: NetName=INC Pin=R3-2
Added Pin To Net: NetName=NetR4_1 Pin=R4-1
Added Pin To Net: NetName=HALL_A Pin=R4-2
Added Pin To Net: NetName=HALL_A Pin=R5-1
Added Pin To Net: NetName=SGND Pin=R5-2
Added Pin To Net: NetName=NetR6_1 Pin=R6-1
Added Pin To Net: NetName=HALL_B Pin=R6-2
Added Pin To Net: NetName=HALL_B Pin=R9-1
Added Pin To Net: NetName=SGND Pin=R9-2
Added Pin To Net: NetName=NetR10_1 Pin=R10-1
Added Pin To Net: NetName=HALL_C Pin=R10-2
Added Pin To Net: NetName=HALL_C Pin=R11-1
Added Pin To Net: NetName=SGND Pin=R11-2
Added Pin To Net: NetName=HALL_IN_B Pin=R12-1
Added Pin To Net: NetName=INB Pin=R12-2
Added Pin To Net: NetName=+12V_HALL Pin=R13-1
Added Pin To Net: NetName=HALL_IN_B Pin=R13-2
Added Pin To Net: NetName=GND_HALL Pin=R14-1
Added Pin To Net: NetName=INB Pin=R14-2
Added Pin To Net: NetName=HALL_IN_A Pin=R15-1
Added Pin To Net: NetName=INA Pin=R15-2
Added Pin To Net: NetName=+12V_HALL Pin=R16-1
Added Pin To Net: NetName=HALL_IN_A Pin=R16-2
Added Pin To Net: NetName=GND_HALL Pin=R17-1
Added Pin To Net: NetName=INA Pin=R17-2
Added Pin To Net: NetName=NetD2_A Pin=R18-1
Added Pin To Net: NetName=+5V_HALL Pin=R18-2
Added Pin To Net: NetName=NetD1_A Pin=R19-1
Added Pin To Net: NetName=+12V_HALL Pin=R19-2
Added Pin To Net: NetName=NetQ7_2 Pin=R20-1
Added Pin To Net: NetName=SGND Pin=R20-2
Added Pin To Net: NetName=NetQ8_2 Pin=R21-1
Added Pin To Net: NetName=SGND Pin=R21-2
Added Pin To Net: NetName=NetQ8_2 Pin=R22-1
Added Pin To Net: NetName=BJT-2 Pin=R22-2
Added Pin To Net: NetName=ADC-B3 Pin=R23-1
Added Pin To Net: NetName=NetQ9_2 Pin=R24-1
Added Pin To Net: NetName=SGND Pin=R24-2
Added Pin To Net: NetName=NetQ9_2 Pin=R25-1
Added Pin To Net: NetName=BJT-3 Pin=R25-2
Added Pin To Net: NetName=NetQ10_2 Pin=R26-1
Added Pin To Net: NetName=SGND Pin=R26-2
Added Pin To Net: NetName=NetQ10_2 Pin=R27-1
Added Pin To Net: NetName=BJT-4 Pin=R27-2
Added Pin To Net: NetName=NetQ7_2 Pin=R-1
Added Pin To Net: NetName=BJT-1 Pin=R-2
Added Pin To Net: NetName=+5V_HALL Pin=U8-1
Added Pin To Net: NetName=GND_HALL Pin=U8-2
Added Pin To Net: NetName=INA Pin=U8-3
Added Pin To Net: NetName=INB Pin=U8-4
Added Pin To Net: NetName=INC Pin=U8-5
Added Pin To Net: NetName=GND_HALL Pin=U8-8
Added Pin To Net: NetName=SGND Pin=U8-9
Added Pin To Net: NetName=+3V3 Pin=U8-10
Added Pin To Net: NetName=NetR10_1 Pin=U8-12
Added Pin To Net: NetName=NetR6_1 Pin=U8-13
Added Pin To Net: NetName=NetR4_1 Pin=U8-14
Added Pin To Net: NetName=SGND Pin=U8-15
Added Pin To Net: NetName=+3V3 Pin=U8-16
Added Pin To Net: NetName=GND_HALL Pin=U9-1
Added Pin To Net: NetName=+5V_HALL Pin=U9-2
Added Pin To Net: NetName=+12V_HALL Pin=U9-3
Added Pin To Net: NetName=+5V_HALL Pin=U9-4
Added Pin To Net: NetName=SGND Pin=U10-1
Added Pin To Net: NetName=NetL_1 Pin=U10-2
Added Pin To Net: NetName=GND_HALL Pin=U10-4
Added Pin To Net: NetName=+12V_HALL Pin=U10-5
Added Member To Class: ClassName=Hall Sensors & BJT Member=Component C21 100pF
Added Member To Class: ClassName=Hall Sensors & BJT Member=Component C22 100pF
Added Member To Class: ClassName=Hall Sensors & BJT Member=Component C23 100nF
Added Member To Class: ClassName=Hall Sensors & BJT Member=Component C24 100nF
Added Member To Class: ClassName=Hall Sensors & BJT Member=Component C25 10uF CAP 0805 - GRM21BR61H106KE43L
Added Member To Class: ClassName=Hall Sensors & BJT Member=Component C26 100pF
Added Member To Class: ClassName=Hall Sensors & BJT Member=Component C27 10nF CAP 0805 - C0805C103M5UAC7800
Added Member To Class: ClassName=Hall Sensors & BJT Member=Component C28 100nF
Added Member To Class: ClassName=Hall Sensors & BJT Member=Component C29 100nF
Added Member To Class: ClassName=Hall Sensors & BJT Member=Component C30 10nF CAP 0805 - C0805C103M5UAC7800
Added Member To Class: ClassName=Hall Sensors & BJT Member=Component C31 100nF
Added Member To Class: ClassName=Hall Sensors & BJT Member=Component C32 10uF CAP 0805 - GRM21BR61H106KE43L
Added Member To Class: ClassName=Hall Sensors & BJT Member=Component C33 100nF
Added Member To Class: ClassName=Hall Sensors & BJT Member=Component C34 10uF CAP 0805
Added Member To Class: ClassName=Hall Sensors & BJT Member=Component C35 10nF CAP 0805 - C0805C103M5UAC7800
Added Member To Class: ClassName=PowerStageSheet Member=Component CreeGateDriver
Added Member To Class: ClassName=PowerStageSheet Member=Component CreeGateDriver
Added Member To Class: ClassName=PowerStageSheet Member=Component CreeGateDriver
Added Member To Class: ClassName=PowerStageSheet Member=Component CreeGateDriver
Added Member To Class: ClassName=PowerStageSheet Member=Component CreeGateDriver
Added Member To Class: ClassName=Hall Sensors & BJT Member=Component C 10uF CAP 0805 - GRM21BR61H106KE43L
Added Member To Class: ClassName=Hall Sensors & BJT Member=Component D1 RLED - 7012X1
Added Member To Class: ClassName=Hall Sensors & BJT Member=Component D2 GLED - 7012X1
Added Member To Class: ClassName=Hall Sensors & BJT Member=Component J3 8 Pin Klemens
Added Member To Class: ClassName=Hall Sensors & BJT Member=Component J4 4 Pin Klemens
Added Member To Class: ClassName=Hall Sensors & BJT Member=Component L 6.8uH Inductor
Added Member To Class: ClassName=Hall Sensors & BJT Member=Component Q7 TRANSISTOR BJT - KSD1616AGBU
Added Member To Class: ClassName=Hall Sensors & BJT Member=Component Q8 TRANSISTOR BJT - KSD1616AGBU
Added Member To Class: ClassName=Hall Sensors & BJT Member=Component Q9 TRANSISTOR BJT - KSD1616AGBU
Added Member To Class: ClassName=Hall Sensors & BJT Member=Component Q10 TRANSISTOR BJT - KSD1616AGBU
Added Member To Class: ClassName=Hall Sensors & BJT Member=Component R1 6.81k Ohm Resistor
Added Member To Class: ClassName=Hall Sensors & BJT Member=Component R2 10k Ohm - RNCP0603FTD10K0
Added Member To Class: ClassName=Hall Sensors & BJT Member=Component R3 5k
Added Member To Class: ClassName=Hall Sensors & BJT Member=Component R4 0 Ohm RES
Added Member To Class: ClassName=Hall Sensors & BJT Member=Component R5 0 Ohm RES
Added Member To Class: ClassName=Hall Sensors & BJT Member=Component R6 0 Ohm RES
Added Member To Class: ClassName=Hall Sensors & BJT Member=Component R9 0 Ohm RES
Added Member To Class: ClassName=Hall Sensors & BJT Member=Component R10 0 Ohm RES
Added Member To Class: ClassName=Hall Sensors & BJT Member=Component R11 0 Ohm RES
Added Member To Class: ClassName=Hall Sensors & BJT Member=Component R12 6.81k Ohm Resistor
Added Member To Class: ClassName=Hall Sensors & BJT Member=Component R13 10k Ohm - RNCP0603FTD10K0
Added Member To Class: ClassName=Hall Sensors & BJT Member=Component R14 5k
Added Member To Class: ClassName=Hall Sensors & BJT Member=Component R15 6.81k Ohm Resistor
Added Member To Class: ClassName=Hall Sensors & BJT Member=Component R16 10k Ohm - RNCP0603FTD10K0
Added Member To Class: ClassName=Hall Sensors & BJT Member=Component R17 5k
Added Member To Class: ClassName=Hall Sensors & BJT Member=Component R18 1k Ohm RES - RNCP0805FTD1K00
Added Member To Class: ClassName=Hall Sensors & BJT Member=Component R19 1k Ohm RES - RNCP0805FTD1K00
Added Member To Class: ClassName=Hall Sensors & BJT Member=Component R20 10k Ohm
Added Member To Class: ClassName=Hall Sensors & BJT Member=Component R21 10k Ohm
Added Member To Class: ClassName=Hall Sensors & BJT Member=Component R22 330 Ohm RES
Added Member To Class: ClassName=Hall Sensors & BJT Member=Component R23 10k Ohm
Added Member To Class: ClassName=Hall Sensors & BJT Member=Component R24 10k Ohm
Added Member To Class: ClassName=Hall Sensors & BJT Member=Component R25 330 Ohm RES
Added Member To Class: ClassName=Hall Sensors & BJT Member=Component R26 10k Ohm
Added Member To Class: ClassName=Hall Sensors & BJT Member=Component R27 330 Ohm RES
Added Member To Class: ClassName=Hall Sensors & BJT Member=Component R 330 Ohm RES
Added Member To Class: ClassName=Hall Sensors & BJT Member=Component U8 ISO7230CDW
Added Member To Class: ClassName=Hall Sensors & BJT Member=Component U9 ADP3338AKCZ-2.5-RL
Added Member To Class: ClassName=Hall Sensors & BJT Member=Component U10 ISE0512A-H
Added Room: Name=Hall Sensors & BJT
Added Room: Name=PowerStageSheet
