Added Component: Designator=J6(4 PIN KLEMENS)
Add component (AddParameter): Name = "Availability"; Value = "Unavailable"; VariantName = "[No Variations]"
Add component (AddParameter): Name = "Centerline_Pitch"; Value = "2.54 mm[.1 in]"; VariantName = "[No Variations]"
Add component (AddParameter): Name = "EU_RoHS_Compliance"; Value = "Compliant with Exemptions"; VariantName = "[No Variations]"
Add component (AddParameter): Name = "MF"; Value = "TE Connectivity"; VariantName = "[No Variations]"
Add component (AddParameter): Name = "MP"; Value = "282834-4"; VariantName = "[No Variations]"
Add component (AddParameter): Name = "Number_of_Positions"; Value = "4"; VariantName = "[No Variations]"
Add component (AddParameter): Name = "Package"; Value = "None"; VariantName = "[No Variations]"
Add component (AddParameter): Name = "Price"; Value = "None"; VariantName = "[No Variations]"
Add component (AddParameter): Name = "SnapEDA_Link"; Value = "https://www.snapeda.com/parts/282834-4/TE%20Connectivity%20AMP%20Connectors/view-part/448422/?ref=snap"; VariantName = "[No Variations]"
Add component (AddParameter): Name = "TE_purchase_URL"; Value = "https://www.te.com/usa-en/product-282834-4.html?te_bu=Cor&te_type=disp&te_campaign=seda_glo_cor-seda-global-disp-prtnr-fy19-seda-model-bom-cta_sma-317_1&elqCampaignId=32493"; VariantName = "[No Variations]"
Add component (AddParameter): Name = "Value"; Value = ""; VariantName = "[No Variations]"
Added Pin To Net: NetName=EXTRA_GPIO1 Pin=J6-1
Added Pin To Net: NetName=EXTRA_GPIO1 Pin=U3-36
Added Net: Name=EXTRA_GPIO1
Added Pin To Net: NetName=EXTRA_GPIO2 Pin=J6-2
Added Pin To Net: NetName=EXTRA_GPIO2 Pin=U3-35
Added Net: Name=EXTRA_GPIO2
Added Pin To Net: NetName=EXTRA_GPIO3 Pin=J6-3
Added Pin To Net: NetName=EXTRA_GPIO3 Pin=U3-80
Added Net: Name=EXTRA_GPIO3
Added Pin To Net: NetName=EXTRA_GPIO4 Pin=J6-4
Added Pin To Net: NetName=EXTRA_GPIO4 Pin=U3-79
Added Net: Name=EXTRA_GPIO4
Added Member To Class: ClassName=TI_F28069MSheet Member=Component J6 4 Pin Klemens
Added Room: Name=Hall Sensors & BJT
Added Room: Name=PowerStageSheet
Added Room: Name=TI_F28069MSheet
Added Room: Name=VoltageRegulatorSheet
