Added Component: Designator=CreeGateDriver?(Cree_Gate_Driver)
Add component. Clean all parameters for all variants
Added Component: Designator=CreeGateDriver?(Cree_Gate_Driver)
Add component. Clean all parameters for all variants
Added Component: Designator=CreeGateDriver?(Cree_Gate_Driver)
Add component. Clean all parameters for all variants
Added Component: Designator=CreeGateDriver?(Cree_Gate_Driver)
Add component. Clean all parameters for all variants
Added Component: Designator=CreeGateDriver?(Cree_Gate_Driver)
Add component. Clean all parameters for all variants
Added Component: Designator=CreeGateDriver(Cree_Gate_Driver)
Add component. Clean all parameters for all variants
Added Member To Class: ClassName=PowerStageSheet Member=Component CreeGateDriver? CreeGateDriver
Added Member To Class: ClassName=PowerStageSheet Member=Component CreeGateDriver? CreeGateDriver
Added Member To Class: ClassName=PowerStageSheet Member=Component CreeGateDriver? CreeGateDriver
Added Member To Class: ClassName=PowerStageSheet Member=Component CreeGateDriver? CreeGateDriver
Added Member To Class: ClassName=PowerStageSheet Member=Component CreeGateDriver? CreeGateDriver
Added Member To Class: ClassName=PowerStageSheet Member=Component CreeGateDriver
Added Room: Name=PowerStageSheet
Added Room: Name=TI_F28069MSheet
Added Room: Name=VoltageRegulatorSheet
