Added Component: Designator=C1(15nF CAP - CAPC3216X190N)
Add component (AddParameter): Name = "Availability"; Value = "In Stock"; VariantName = "[No Variations]"
Add component (AddParameter): Name = "Check_prices"; Value = "https://www.snapeda.com/parts/CGA5L4C0G2W153J160AA/TDK/view-part/?ref=eda"; VariantName = "[No Variations]"
Add component (AddParameter): Name = "MF"; Value = "TDK"; VariantName = "[No Variations]"
Add component (AddParameter): Name = "MP"; Value = "CGA5L4C0G2W153J160AA"; VariantName = "[No Variations]"
Add component (AddParameter): Name = "Package"; Value = "3216 TDK"; VariantName = "[No Variations]"
Add component (AddParameter): Name = "Price"; Value = "None"; VariantName = "[No Variations]"
Add component (AddParameter): Name = "Purchase-URL"; Value = "https://pricing.snapeda.com/search/part/CGA5L4C0G2W153J160AA/?ref=eda"; VariantName = "[No Variations]"
Add component (AddParameter): Name = "SnapEDA_Link"; Value = "https://www.snapeda.com/parts/CGA5L4C0G2W153J160AA/TDK/view-part/?ref=snap"; VariantName = "[No Variations]"
Add component (AddParameter): Name = "Value"; Value = ""; VariantName = "[No Variations]"
Added Component: Designator=C2(1uF Capacitor - CAPC3216X127N)
Add component (AddParameter): Name = "Availability"; Value = "Unavailable"; VariantName = "[No Variations]"
Add component (AddParameter): Name = "MF"; Value = ""; VariantName = "[No Variations]"
Add component (AddParameter): Name = "MP"; Value = "1206YC105KAT2A"; VariantName = "[No Variations]"
Add component (AddParameter): Name = "Package"; Value = "None"; VariantName = "[No Variations]"
Add component (AddParameter): Name = "Price"; Value = "None"; VariantName = "[No Variations]"
Add component (AddParameter): Name = "Value"; Value = ""; VariantName = "[No Variations]"
Added Component: Designator=C3(1uF Capacitor - CAPC3216X127N)
Add component (AddParameter): Name = "Availability"; Value = "Unavailable"; VariantName = "[No Variations]"
Add component (AddParameter): Name = "MF"; Value = ""; VariantName = "[No Variations]"
Add component (AddParameter): Name = "MP"; Value = "1206YC105KAT2A"; VariantName = "[No Variations]"
Add component (AddParameter): Name = "Package"; Value = "None"; VariantName = "[No Variations]"
Add component (AddParameter): Name = "Price"; Value = "None"; VariantName = "[No Variations]"
Add component (AddParameter): Name = "Value"; Value = ""; VariantName = "[No Variations]"
Added Component: Designator=C4(1uF Capacitor - CAPC3216X127N)
Add component (AddParameter): Name = "Availability"; Value = "Unavailable"; VariantName = "[No Variations]"
Add component (AddParameter): Name = "MF"; Value = ""; VariantName = "[No Variations]"
Add component (AddParameter): Name = "MP"; Value = "1206YC105KAT2A"; VariantName = "[No Variations]"
Add component (AddParameter): Name = "Package"; Value = "None"; VariantName = "[No Variations]"
Add component (AddParameter): Name = "Price"; Value = "None"; VariantName = "[No Variations]"
Add component (AddParameter): Name = "Value"; Value = ""; VariantName = "[No Variations]"
Added Component: Designator=C5(470uF CAP - WCAP-AI3H_D30H40_PinLength_4mm)
Add component (AddParameter): Name = "Capacitance"; Value = "470uF"; VariantName = "[No Variations]"
Add component (AddParameter): Name = "Capacitance Tolerance"; Value = "+/-20%"; VariantName = "[No Variations]"
Add component (AddParameter): Name = "ComponentLink1Description"; Value = "Manufacturer"; VariantName = "[No Variations]"
Add component (AddParameter): Name = "ComponentLink1URL"; Value = "http://www.we-online.de"; VariantName = "[No Variations]"
Add component (AddParameter): Name = "ComponentLink2Description"; Value = "Datasheet"; VariantName = "[No Variations]"
Add component (AddParameter): Name = "ComponentLink2URL"; Value = "https://www.we-online.com/catalog/datasheet/861141485033.pdf"; VariantName = "[No Variations]"
Add component (AddParameter): Name = "Diameter"; Value = "30mm"; VariantName = "[No Variations]"
Add component (AddParameter): Name = "Dissipation Factor"; Value = "20%"; VariantName = "[No Variations]"
Add component (AddParameter): Name = "Endurance"; Value = "4000h"; VariantName = "[No Variations]"
Add component (AddParameter): Name = "Height"; Value = "40mm"; VariantName = "[No Variations]"
Add component (AddParameter): Name = "Leakage Current"; Value = "1380uA"; VariantName = "[No Variations]"
Add component (AddParameter): Name = "Manufacturer"; Value = "Wurth Elektronik"; VariantName = "[No Variations]"
Add component (AddParameter): Name = "Manufacturer Part Number"; Value = "861141485033"; VariantName = "[No Variations]"
Add component (AddParameter): Name = "Mounting Technology"; Value = "THT"; VariantName = "[No Variations]"
Add component (AddParameter): Name = "Operating Temperature"; Value = "-40 to +105degC"; VariantName = "[No Variations]"
Add component (AddParameter): Name = "Packaging"; Value = "Tray"; VariantName = "[No Variations]"
Add component (AddParameter): Name = "Published Date"; Value = "April 2021"; VariantName = "[No Variations]"
Add component (AddParameter): Name = "Rated Voltage"; Value = "450VDC"; VariantName = "[No Variations]"
Add component (AddParameter): Name = "Ripple Current"; Value = "1940mA"; VariantName = "[No Variations]"
Add component (AddParameter): Name = "Technical Reference"; Value = "ANDP400471M450DSIC2D0T2"; VariantName = "[No Variations]"
Added Component: Designator=C6(470uF CAP - WCAP-AI3H_D30H40_PinLength_4mm)
Add component (AddParameter): Name = "Capacitance"; Value = "470uF"; VariantName = "[No Variations]"
Add component (AddParameter): Name = "Capacitance Tolerance"; Value = "+/-20%"; VariantName = "[No Variations]"
Add component (AddParameter): Name = "ComponentLink1Description"; Value = "Manufacturer"; VariantName = "[No Variations]"
Add component (AddParameter): Name = "ComponentLink1URL"; Value = "http://www.we-online.de"; VariantName = "[No Variations]"
Add component (AddParameter): Name = "ComponentLink2Description"; Value = "Datasheet"; VariantName = "[No Variations]"
Add component (AddParameter): Name = "ComponentLink2URL"; Value = "https://www.we-online.com/catalog/datasheet/861141485033.pdf"; VariantName = "[No Variations]"
Add component (AddParameter): Name = "Diameter"; Value = "30mm"; VariantName = "[No Variations]"
Add component (AddParameter): Name = "Dissipation Factor"; Value = "20%"; VariantName = "[No Variations]"
Add component (AddParameter): Name = "Endurance"; Value = "4000h"; VariantName = "[No Variations]"
Add component (AddParameter): Name = "Height"; Value = "40mm"; VariantName = "[No Variations]"
Add component (AddParameter): Name = "Leakage Current"; Value = "1380uA"; VariantName = "[No Variations]"
Add component (AddParameter): Name = "Manufacturer"; Value = "Wurth Elektronik"; VariantName = "[No Variations]"
Add component (AddParameter): Name = "Manufacturer Part Number"; Value = "861141485033"; VariantName = "[No Variations]"
Add component (AddParameter): Name = "Mounting Technology"; Value = "THT"; VariantName = "[No Variations]"
Add component (AddParameter): Name = "Operating Temperature"; Value = "-40 to +105degC"; VariantName = "[No Variations]"
Add component (AddParameter): Name = "Packaging"; Value = "Tray"; VariantName = "[No Variations]"
Add component (AddParameter): Name = "Published Date"; Value = "April 2021"; VariantName = "[No Variations]"
Add component (AddParameter): Name = "Rated Voltage"; Value = "450VDC"; VariantName = "[No Variations]"
Add component (AddParameter): Name = "Ripple Current"; Value = "1940mA"; VariantName = "[No Variations]"
Add component (AddParameter): Name = "Technical Reference"; Value = "ANDP400471M450DSIC2D0T2"; VariantName = "[No Variations]"
Added Component: Designator=C7(470uF CAP - WCAP-AI3H_D30H40_PinLength_4mm)
Add component (AddParameter): Name = "Capacitance"; Value = "470uF"; VariantName = "[No Variations]"
Add component (AddParameter): Name = "Capacitance Tolerance"; Value = "+/-20%"; VariantName = "[No Variations]"
Add component (AddParameter): Name = "ComponentLink1Description"; Value = "Manufacturer"; VariantName = "[No Variations]"
Add component (AddParameter): Name = "ComponentLink1URL"; Value = "http://www.we-online.de"; VariantName = "[No Variations]"
Add component (AddParameter): Name = "ComponentLink2Description"; Value = "Datasheet"; VariantName = "[No Variations]"
Add component (AddParameter): Name = "ComponentLink2URL"; Value = "https://www.we-online.com/catalog/datasheet/861141485033.pdf"; VariantName = "[No Variations]"
Add component (AddParameter): Name = "Diameter"; Value = "30mm"; VariantName = "[No Variations]"
Add component (AddParameter): Name = "Dissipation Factor"; Value = "20%"; VariantName = "[No Variations]"
Add component (AddParameter): Name = "Endurance"; Value = "4000h"; VariantName = "[No Variations]"
Add component (AddParameter): Name = "Height"; Value = "40mm"; VariantName = "[No Variations]"
Add component (AddParameter): Name = "Leakage Current"; Value = "1380uA"; VariantName = "[No Variations]"
Add component (AddParameter): Name = "Manufacturer"; Value = "Wurth Elektronik"; VariantName = "[No Variations]"
Add component (AddParameter): Name = "Manufacturer Part Number"; Value = "861141485033"; VariantName = "[No Variations]"
Add component (AddParameter): Name = "Mounting Technology"; Value = "THT"; VariantName = "[No Variations]"
Add component (AddParameter): Name = "Operating Temperature"; Value = "-40 to +105degC"; VariantName = "[No Variations]"
Add component (AddParameter): Name = "Packaging"; Value = "Tray"; VariantName = "[No Variations]"
Add component (AddParameter): Name = "Published Date"; Value = "April 2021"; VariantName = "[No Variations]"
Add component (AddParameter): Name = "Rated Voltage"; Value = "450VDC"; VariantName = "[No Variations]"
Add component (AddParameter): Name = "Ripple Current"; Value = "1940mA"; VariantName = "[No Variations]"
Add component (AddParameter): Name = "Technical Reference"; Value = "ANDP400471M450DSIC2D0T2"; VariantName = "[No Variations]"
Added Component: Designator=C8(1uF Capacitor - CAPC3216X127N)
Add component (AddParameter): Name = "Availability"; Value = "Unavailable"; VariantName = "[No Variations]"
Add component (AddParameter): Name = "MF"; Value = ""; VariantName = "[No Variations]"
Add component (AddParameter): Name = "MP"; Value = "1206YC105KAT2A"; VariantName = "[No Variations]"
Add component (AddParameter): Name = "Package"; Value = "None"; VariantName = "[No Variations]"
Add component (AddParameter): Name = "Price"; Value = "None"; VariantName = "[No Variations]"
Add component (AddParameter): Name = "Value"; Value = ""; VariantName = "[No Variations]"
Added Component: Designator=J(4 PIN KLEMENS)
Add component (AddParameter): Name = "Availability"; Value = "Unavailable"; VariantName = "[No Variations]"
Add component (AddParameter): Name = "Centerline_Pitch"; Value = "2.54 mm[.1 in]"; VariantName = "[No Variations]"
Add component (AddParameter): Name = "EU_RoHS_Compliance"; Value = "Compliant with Exemptions"; VariantName = "[No Variations]"
Add component (AddParameter): Name = "MF"; Value = "TE Connectivity"; VariantName = "[No Variations]"
Add component (AddParameter): Name = "MP"; Value = "282834-4"; VariantName = "[No Variations]"
Add component (AddParameter): Name = "Number_of_Positions"; Value = "4"; VariantName = "[No Variations]"
Add component (AddParameter): Name = "Package"; Value = "None"; VariantName = "[No Variations]"
Add component (AddParameter): Name = "Price"; Value = "None"; VariantName = "[No Variations]"
Add component (AddParameter): Name = "SnapEDA_Link"; Value = "https://www.snapeda.com/parts/282834-4/TE%20Connectivity%20AMP%20Connectors/view-part/448422/?ref=snap"; VariantName = "[No Variations]"
Add component (AddParameter): Name = "TE_purchase_URL"; Value = "https://www.te.com/usa-en/product-282834-4.html?te_bu=Cor&te_type=disp&te_campaign=seda_glo_cor-seda-global-disp-prtnr-fy19-seda-model-bom-cta_sma-317_1&elqCampaignId=32493"; VariantName = "[No Variations]"
Add component (AddParameter): Name = "Value"; Value = ""; VariantName = "[No Variations]"
Added Component: Designator=Q1(Power Mosfet - duplicate)
Add component (AddParameter): Name = "Availability"; Value = "Unavailable"; VariantName = "[No Variations]"
Add component (AddParameter): Name = "MF"; Value = "Vishay Siliconix"; VariantName = "[No Variations]"
Add component (AddParameter): Name = "MP"; Value = "IRLZ34"; VariantName = "[No Variations]"
Add component (AddParameter): Name = "Package"; Value = "TO-220 Vishay Siliconix"; VariantName = "[No Variations]"
Add component (AddParameter): Name = "Price"; Value = "None"; VariantName = "[No Variations]"
Add component (AddParameter): Name = "SnapEDA_Link"; Value = "https://www.snapeda.com/parts/IRLZ34/Vishay%20Siliconix/view-part/2881317/?ref=snap"; VariantName = "[No Variations]"
Add component (AddParameter): Name = "Value"; Value = ""; VariantName = "[No Variations]"
Added Component: Designator=Q2(Power Mosfet - duplicate)
Add component (AddParameter): Name = "Availability"; Value = "Unavailable"; VariantName = "[No Variations]"
Add component (AddParameter): Name = "MF"; Value = "Vishay Siliconix"; VariantName = "[No Variations]"
Add component (AddParameter): Name = "MP"; Value = "IRLZ34"; VariantName = "[No Variations]"
Add component (AddParameter): Name = "Package"; Value = "TO-220 Vishay Siliconix"; VariantName = "[No Variations]"
Add component (AddParameter): Name = "Price"; Value = "None"; VariantName = "[No Variations]"
Add component (AddParameter): Name = "SnapEDA_Link"; Value = "https://www.snapeda.com/parts/IRLZ34/Vishay%20Siliconix/view-part/2881317/?ref=snap"; VariantName = "[No Variations]"
Add component (AddParameter): Name = "Value"; Value = ""; VariantName = "[No Variations]"
Added Component: Designator=Q3(Power Mosfet - duplicate)
Add component (AddParameter): Name = "Availability"; Value = "Unavailable"; VariantName = "[No Variations]"
Add component (AddParameter): Name = "MF"; Value = "Vishay Siliconix"; VariantName = "[No Variations]"
Add component (AddParameter): Name = "MP"; Value = "IRLZ34"; VariantName = "[No Variations]"
Add component (AddParameter): Name = "Package"; Value = "TO-220 Vishay Siliconix"; VariantName = "[No Variations]"
Add component (AddParameter): Name = "Price"; Value = "None"; VariantName = "[No Variations]"
Add component (AddParameter): Name = "SnapEDA_Link"; Value = "https://www.snapeda.com/parts/IRLZ34/Vishay%20Siliconix/view-part/2881317/?ref=snap"; VariantName = "[No Variations]"
Add component (AddParameter): Name = "Value"; Value = ""; VariantName = "[No Variations]"
Added Component: Designator=Q4(Power Mosfet - duplicate)
Add component (AddParameter): Name = "Availability"; Value = "Unavailable"; VariantName = "[No Variations]"
Add component (AddParameter): Name = "MF"; Value = "Vishay Siliconix"; VariantName = "[No Variations]"
Add component (AddParameter): Name = "MP"; Value = "IRLZ34"; VariantName = "[No Variations]"
Add component (AddParameter): Name = "Package"; Value = "TO-220 Vishay Siliconix"; VariantName = "[No Variations]"
Add component (AddParameter): Name = "Price"; Value = "None"; VariantName = "[No Variations]"
Add component (AddParameter): Name = "SnapEDA_Link"; Value = "https://www.snapeda.com/parts/IRLZ34/Vishay%20Siliconix/view-part/2881317/?ref=snap"; VariantName = "[No Variations]"
Add component (AddParameter): Name = "Value"; Value = ""; VariantName = "[No Variations]"
Added Component: Designator=Q5(Power Mosfet - duplicate)
Add component (AddParameter): Name = "Availability"; Value = "Unavailable"; VariantName = "[No Variations]"
Add component (AddParameter): Name = "MF"; Value = "Vishay Siliconix"; VariantName = "[No Variations]"
Add component (AddParameter): Name = "MP"; Value = "IRLZ34"; VariantName = "[No Variations]"
Add component (AddParameter): Name = "Package"; Value = "TO-220 Vishay Siliconix"; VariantName = "[No Variations]"
Add component (AddParameter): Name = "Price"; Value = "None"; VariantName = "[No Variations]"
Add component (AddParameter): Name = "SnapEDA_Link"; Value = "https://www.snapeda.com/parts/IRLZ34/Vishay%20Siliconix/view-part/2881317/?ref=snap"; VariantName = "[No Variations]"
Add component (AddParameter): Name = "Value"; Value = ""; VariantName = "[No Variations]"
Added Component: Designator=Q6(Power Mosfet - duplicate)
Add component (AddParameter): Name = "Availability"; Value = "Unavailable"; VariantName = "[No Variations]"
Add component (AddParameter): Name = "MF"; Value = "Vishay Siliconix"; VariantName = "[No Variations]"
Add component (AddParameter): Name = "MP"; Value = "IRLZ34"; VariantName = "[No Variations]"
Add component (AddParameter): Name = "Package"; Value = "TO-220 Vishay Siliconix"; VariantName = "[No Variations]"
Add component (AddParameter): Name = "Price"; Value = "None"; VariantName = "[No Variations]"
Add component (AddParameter): Name = "SnapEDA_Link"; Value = "https://www.snapeda.com/parts/IRLZ34/Vishay%20Siliconix/view-part/2881317/?ref=snap"; VariantName = "[No Variations]"
Add component (AddParameter): Name = "Value"; Value = ""; VariantName = "[No Variations]"
Added Component: Designator=R7(51kohm resistor - RESC6332X120N)
Add component (AddParameter): Name = "Check_prices"; Value = "https://www.snapeda.com/parts/352251KFT/TE%20Connectivity/view-part/3228786/?ref=eda"; VariantName = "[No Variations]"
Add component (AddParameter): Name = "Digi-Key_Part_Number"; Value = "A121268CT-ND"; VariantName = "[No Variations]"
Add component (AddParameter): Name = "MF"; Value = "TE Connectivity Passive Product"; VariantName = "[No Variations]"
Add component (AddParameter): Name = "MP"; Value = "352251KFT"; VariantName = "[No Variations]"
Add component (AddParameter): Name = "Package"; Value = "6332 TE Connectivity"; VariantName = "[No Variations]"
Add component (AddParameter): Name = "Purchase-URL"; Value = "https://pricing.snapeda.com/search/part/352251KFT/?ref=eda"; VariantName = "[No Variations]"
Add component (AddParameter): Name = "SnapEDA_Link"; Value = "https://www.snapeda.com/parts/352251KFT/TE%20Connectivity/view-part/3228786/?ref=snap"; VariantName = "[No Variations]"
Add component (AddParameter): Name = "Value"; Value = ""; VariantName = "[No Variations]"
Added Component: Designator=R8(30.1kOhm Resistor - RES_ERJ12SF3012U)
Add component (AddParameter): Name = "Availability"; Value = "Unavailable"; VariantName = "[No Variations]"
Add component (AddParameter): Name = "MF"; Value = ""; VariantName = "[No Variations]"
Add component (AddParameter): Name = "MP"; Value = "ERJ12SF3012U"; VariantName = "[No Variations]"
Add component (AddParameter): Name = "Package"; Value = "None"; VariantName = "[No Variations]"
Add component (AddParameter): Name = "Price"; Value = "None"; VariantName = "[No Variations]"
Add component (AddParameter): Name = "Value"; Value = ""; VariantName = "[No Variations]"
Added Component: Designator=T(XDCR_LV25-P)
Add component (AddParameter): Name = "Digi-Key_Part_Number"; Value = "398-1019-ND"; VariantName = "[No Variations]"
Add component (AddParameter): Name = "Digi-Key_Purchase_URL"; Value = "https://www.digikey.tw/product-detail/en/lem-usa-inc/LV-25-P/398-1019-ND/409832?utm_source=snapeda&utm_medium=aggregator&utm_campaign=symbol"; VariantName = "[No Variations]"
Add component (AddParameter): Name = "MF"; Value = "LEM USA"; VariantName = "[No Variations]"
Add component (AddParameter): Name = "MP"; Value = "LV 25-P"; VariantName = "[No Variations]"
Add component (AddParameter): Name = "Package"; Value = "TSSOP-14 LEM"; VariantName = "[No Variations]"
Add component (AddParameter): Name = "SnapEDA_Link"; Value = "https://www.snapeda.com/parts/LV%2025-P/LEM%20USA%20Inc./view-part/602918/?ref=snap"; VariantName = "[No Variations]"
Add component (AddParameter): Name = "Value"; Value = ""; VariantName = "[No Variations]"
Added Component: Designator=U1(VOLTAGE REGULATOR - 3.3V - SOT127P706X180-6N)
Add component (AddParameter): Name = "Availability"; Value = "Unavailable"; VariantName = "[No Variations]"
Add component (AddParameter): Name = "MF"; Value = ""; VariantName = "[No Variations]"
Add component (AddParameter): Name = "MP"; Value = "TPS79533DCQ"; VariantName = "[No Variations]"
Add component (AddParameter): Name = "Package"; Value = "None"; VariantName = "[No Variations]"
Add component (AddParameter): Name = "Price"; Value = "None"; VariantName = "[No Variations]"
Add component (AddParameter): Name = "Value"; Value = ""; VariantName = "[No Variations]"
Added Component: Designator=U2(Voltage regulator - 12to5V - SOT95P280X145-5N)
Add component (AddParameter): Name = "Availability"; Value = "Unavailable"; VariantName = "[No Variations]"
Add component (AddParameter): Name = "MF"; Value = ""; VariantName = "[No Variations]"
Add component (AddParameter): Name = "MP"; Value = "MAX1726EUK50+T"; VariantName = "[No Variations]"
Add component (AddParameter): Name = "Package"; Value = "None"; VariantName = "[No Variations]"
Add component (AddParameter): Name = "Price"; Value = "None"; VariantName = "[No Variations]"
Add component (AddParameter): Name = "Value"; Value = ""; VariantName = "[No Variations]"
Added Component: Designator=U3(TI_LAUNCHXL-F28069M)
Add component (AddParameter): Name = "Availability"; Value = "Unavailable"; VariantName = "[No Variations]"
Add component (AddParameter): Name = "Check_prices"; Value = "https://www.snapeda.com/parts/LAUNCHXL-F28069M/Texas%20Instruments/view-part/418774/?ref=eda"; VariantName = "[No Variations]"
Add component (AddParameter): Name = "MF"; Value = "Texas Instruments"; VariantName = "[No Variations]"
Add component (AddParameter): Name = "MP"; Value = "LAUNCHXL-F28069M"; VariantName = "[No Variations]"
Add component (AddParameter): Name = "Package"; Value = "None"; VariantName = "[No Variations]"
Add component (AddParameter): Name = "Price"; Value = "None"; VariantName = "[No Variations]"
Add component (AddParameter): Name = "SnapEDA_Link"; Value = "https://www.snapeda.com/parts/LAUNCHXL-F28069M/Texas%20Instruments/view-part/418774/?ref=snap"; VariantName = "[No Variations]"
Add component (AddParameter): Name = "Texas_Instruments-Purchase-URL"; Value = "https://snapeda.com/shop?store=Texas+Instruments&id=418774"; VariantName = "[No Variations]"
Add component (AddParameter): Name = "Value"; Value = ""; VariantName = "[No Variations]"
Added Component: Designator=U?(CURRENTSENSOR)
Add component (AddParameter): Name = "Availability"; Value = "Unavailable"; VariantName = "[No Variations]"
Add component (AddParameter): Name = "MF"; Value = "Allegro"; VariantName = "[No Variations]"
Add component (AddParameter): Name = "MP"; Value = "ACS758LCB-100B-PFF-T"; VariantName = "[No Variations]"
Add component (AddParameter): Name = "Package"; Value = "5-CB-5 Allegro MicroSystems LLC"; VariantName = "[No Variations]"
Add component (AddParameter): Name = "Price"; Value = "None"; VariantName = "[No Variations]"
Add component (AddParameter): Name = "SnapEDA_Link"; Value = "https://www.snapeda.com/parts/ACS758LCB-100B-PFF-T/Allegro%20Industries/view-part/87342/?ref=snap"; VariantName = "[No Variations]"
Add component (AddParameter): Name = "Value"; Value = ""; VariantName = "[No Variations]"
Added Component: Designator=U?(CURRENTSENSOR)
Add component (AddParameter): Name = "Availability"; Value = "Unavailable"; VariantName = "[No Variations]"
Add component (AddParameter): Name = "MF"; Value = "Allegro"; VariantName = "[No Variations]"
Add component (AddParameter): Name = "MP"; Value = "ACS758LCB-100B-PFF-T"; VariantName = "[No Variations]"
Add component (AddParameter): Name = "Package"; Value = "5-CB-5 Allegro MicroSystems LLC"; VariantName = "[No Variations]"
Add component (AddParameter): Name = "Price"; Value = "None"; VariantName = "[No Variations]"
Add component (AddParameter): Name = "SnapEDA_Link"; Value = "https://www.snapeda.com/parts/ACS758LCB-100B-PFF-T/Allegro%20Industries/view-part/87342/?ref=snap"; VariantName = "[No Variations]"
Add component (AddParameter): Name = "Value"; Value = ""; VariantName = "[No Variations]"
Added Component: Designator=U?(CURRENTSENSOR)
Add component (AddParameter): Name = "Availability"; Value = "Unavailable"; VariantName = "[No Variations]"
Add component (AddParameter): Name = "MF"; Value = "Allegro"; VariantName = "[No Variations]"
Add component (AddParameter): Name = "MP"; Value = "ACS758LCB-100B-PFF-T"; VariantName = "[No Variations]"
Add component (AddParameter): Name = "Package"; Value = "5-CB-5 Allegro MicroSystems LLC"; VariantName = "[No Variations]"
Add component (AddParameter): Name = "Price"; Value = "None"; VariantName = "[No Variations]"
Add component (AddParameter): Name = "SnapEDA_Link"; Value = "https://www.snapeda.com/parts/ACS758LCB-100B-PFF-T/Allegro%20Industries/view-part/87342/?ref=snap"; VariantName = "[No Variations]"
Add component (AddParameter): Name = "Value"; Value = ""; VariantName = "[No Variations]"
Added Component: Designator=U?(CURRENTSENSOR)
Add component (AddParameter): Name = "Availability"; Value = "Unavailable"; VariantName = "[No Variations]"
Add component (AddParameter): Name = "MF"; Value = "Allegro"; VariantName = "[No Variations]"
Add component (AddParameter): Name = "MP"; Value = "ACS758LCB-100B-PFF-T"; VariantName = "[No Variations]"
Add component (AddParameter): Name = "Package"; Value = "5-CB-5 Allegro MicroSystems LLC"; VariantName = "[No Variations]"
Add component (AddParameter): Name = "Price"; Value = "None"; VariantName = "[No Variations]"
Add component (AddParameter): Name = "SnapEDA_Link"; Value = "https://www.snapeda.com/parts/ACS758LCB-100B-PFF-T/Allegro%20Industries/view-part/87342/?ref=snap"; VariantName = "[No Variations]"
Add component (AddParameter): Name = "Value"; Value = ""; VariantName = "[No Variations]"
Added Pin To Net: NetName=NetC1_2 Pin=C1-2
Added Pin To Net: NetName=GND Pin=C2-2
Added Pin To Net: NetName=GND Pin=C3-2
Added Pin To Net: NetName=GND Pin=C4-2
Added Pin To Net: NetName=GND Pin=C5-1
Added Pin To Net: NetName=GND Pin=C5-2
Added Pin To Net: NetName=GND Pin=C6-1
Added Pin To Net: NetName=GND Pin=C6-2
Added Pin To Net: NetName=GND Pin=C7-1
Added Pin To Net: NetName=GND Pin=C7-2
Added Pin To Net: NetName=GND Pin=C8-2
Added Pin To Net: NetName=GND Pin=J-4
Added Pin To Net: NetName=GND Pin=Q1-GND
Added Pin To Net: NetName=GND Pin=Q2-OUT
Added Pin To Net: NetName=GND Pin=Q3-GND
Added Pin To Net: NetName=GND Pin=Q4-OUT
Added Pin To Net: NetName=GND Pin=Q5-GND
Added Pin To Net: NetName=GND Pin=Q6-OUT
Added Pin To Net: NetName=NetC1_2 Pin=R7-1
Added Pin To Net: NetName=GND Pin=R8-1
Added Pin To Net: NetName=NetC1_2 Pin=R8-2
Added Pin To Net: NetName=GND Pin=T-1
Added Pin To Net: NetName=GND Pin=T-2
Added Pin To Net: NetName=GND Pin=U1-3
Added Pin To Net: NetName=NetC1_2 Pin=U1-5
Added Pin To Net: NetName=GND Pin=U1-6
Added Pin To Net: NetName=GND Pin=U2-2
Added Pin To Net: NetName=GND Pin=U2-4
Added Pin To Net: NetName=GND Pin=U3-22
Added Pin To Net: NetName=GND Pin=U3-60
Added Pin To Net: NetName=GND Pin=U3-62
Added Pin To Net: NetName=COM_A Pin=J-1
Added Pin To Net: NetName=COM_A Pin=Q5-OUT
Added Pin To Net: NetName=COM_A Pin=Q6-GND
Added Net: Name=COM_A
Added Pin To Net: NetName=COM_B Pin=J-2
Added Pin To Net: NetName=COM_B Pin=Q3-OUT
Added Pin To Net: NetName=COM_B Pin=Q4-GND
Added Net: Name=COM_B
Added Pin To Net: NetName=COM_C Pin=J-3
Added Pin To Net: NetName=COM_C Pin=Q1-OUT
Added Pin To Net: NetName=COM_C Pin=Q2-GND
Added Net: Name=COM_C
Added Pin To Net: NetName=DRV_AH Pin=Q5-IN
Added Net: Name=DRV_AH
Added Pin To Net: NetName=DRV_AL Pin=Q6-IN
Added Net: Name=DRV_AL
Added Pin To Net: NetName=DRV_BH Pin=Q3-IN
Added Net: Name=DRV_BH
Added Pin To Net: NetName=DRV_BL Pin=Q4-IN
Added Net: Name=DRV_BL
Added Pin To Net: NetName=DRV_CH Pin=Q1-IN
Added Net: Name=DRV_CH
Added Pin To Net: NetName=DRV_CL Pin=Q2-IN
Added Net: Name=DRV_CL
Added Pin To Net: NetName=NetC1_1 Pin=C1-1
Added Pin To Net: NetName=NetC1_1 Pin=R7-2
Added Pin To Net: NetName=NetC1_1 Pin=U1-4
Added Net: Name=NetC1_1
Added Pin To Net: NetName=NetC2_1 Pin=C2-1
Added Pin To Net: NetName=NetC2_1 Pin=C3-1
Added Pin To Net: NetName=NetC2_1 Pin=C4-1
Added Pin To Net: NetName=NetC2_1 Pin=U1-1
Added Pin To Net: NetName=NetC2_1 Pin=U1-2
Added Pin To Net: NetName=NetC2_1 Pin=U2-3
Added Net: Name=NetC2_1
Added Pin To Net: NetName=NetC8_1 Pin=C8-1
Added Pin To Net: NetName=NetC8_1 Pin=U2-1
Added Net: Name=NetC8_1
Added Class: Name=PowerStageSheet
Added Class: Name=TI_F28069MSheet
Added Class: Name=VoltageRegulatorSheet
Added Room: Name=PowerStageSheet
Added Room: Name=TI_F28069MSheet
Added Room: Name=VoltageRegulatorSheet
