Removed Pin From Net: NetName=ADC_CURRENT3 Pin=U3-25
Removed Pin From Net: NetName=ADC_CURRENT Pin=U3-27
Removed Pin From Net: NetName=ADC_CURRENT2 Pin=U3-29
Removed Pin From Net: NetName=HALL_B Pin=U3-54
Removed Pin From Net: NetName=HALL_A Pin=U3-55
Removed Pin From Net: NetName=HALL_C Pin=U3-58
Removed Pin From Net: NetName=ADC_CURRENT4 Pin=U3-67
Removed Pin From Net: NetName=ADC_VOLTAGE Pin=U3-69
Added Pin To Net: NetName=+12V Pin=CGD1-1
Added Pin To Net: NetName=SGND Pin=CGD1-2
Added Pin To Net: NetName=+12V Pin=CGD2-1
Added Pin To Net: NetName=SGND Pin=CGD2-2
Added Pin To Net: NetName=+12V Pin=CGD3-1
Added Pin To Net: NetName=SGND Pin=CGD3-2
Added Pin To Net: NetName=+12V Pin=CGD4-1
Added Pin To Net: NetName=SGND Pin=CGD4-2
Added Pin To Net: NetName=+12V Pin=CGD5-1
Added Pin To Net: NetName=SGND Pin=CGD5-2
Added Pin To Net: NetName=+12V Pin=CGD6-1
Added Pin To Net: NetName=SGND Pin=CGD6-2
Added Pin To Net: NetName=ADC_CURRENT3 Pin=U3-2
Added Pin To Net: NetName=HALL_A Pin=U3-19
Added Pin To Net: NetName=ADC_CURRENT2 Pin=U3-25
Added Pin To Net: NetName=ADC_CURRENT Pin=U3-26
Added Pin To Net: NetName=ADC_VOLTAGE Pin=U3-64
Added Pin To Net: NetName=ADC_CURRENT3 Pin=U3-69
Added Pin To Net: NetName=HALL_C Pin=U3-77
Added Pin To Net: NetName=HALL_B Pin=U3-79
