Removed Pin From Net: NetName=GND Pin=C35-2
Removed Pin From Net: NetName=GND Pin=J3-2
Added Component: Designator=J?(2 Pin Klemens)
Add component (AddParameter): Name = "Digi-Key_Part_Number"; Value = "277-1667-ND"; VariantName = "[No Variations]"
Add component (AddParameter): Name = "Digi-Key_Purchase_URL"; Value = "https://www.digikey.ca/product-detail/en/phoenix-contact/1935161/277-1667-ND/568614?utm_source=snapeda&utm_medium=aggregator&utm_campaign=symbol"; VariantName = "[No Variations]"
Add component (AddParameter): Name = "MF"; Value = "Phoenix Contact"; VariantName = "[No Variations]"
Add component (AddParameter): Name = "MP"; Value = "1935161"; VariantName = "[No Variations]"
Add component (AddParameter): Name = "Package"; Value = "None"; VariantName = "[No Variations]"
Add component (AddParameter): Name = "SnapEDA_Link"; Value = "https://www.snapeda.com/parts/1935161/Phoenix%20Contact/view-part/423515/?ref=snap"; VariantName = "[No Variations]"
Add component (AddParameter): Name = "Value"; Value = ""; VariantName = "[No Variations]"
Added Pin To Net: NetName=SGND Pin=C35-2
Added Pin To Net: NetName=SGND Pin=J3-2
Added Pin To Net: NetName=SGND Pin=J?-1
Added Member To Class: ClassName=PowerStageSheet Member=Component CreeGateDriver
Added Member To Class: ClassName=PowerStageSheet Member=Component CreeGateDriver
Added Member To Class: ClassName=PowerStageSheet Member=Component CreeGateDriver
Added Member To Class: ClassName=PowerStageSheet Member=Component CreeGateDriver
Added Member To Class: ClassName=PowerStageSheet Member=Component CreeGateDriver
Added Member To Class: ClassName=VoltageRegulatorSheet Member=Component J? 2 Pin Klemens
Added Room: Name=Hall Sensors & BJT
Added Room: Name=PowerStageSheet
Added Room: Name=TI_F28069MSheet
Added Room: Name=VoltageRegulatorSheet
