Replace Part C5 470uF Capacitor in C:\Users\ralfi\Desktop\Eco-Elektrik\MCU\MCU Kart\MCU-Kart\PowerStageSheet.SchDoc with 470uF Capacitor from MCUSchlib.SchLib
Replace Part C6 470uF Capacitor in C:\Users\ralfi\Desktop\Eco-Elektrik\MCU\MCU Kart\MCU-Kart\PowerStageSheet.SchDoc with 470uF Capacitor from MCUSchlib.SchLib
Replace Part C7 470uF Capacitor in C:\Users\ralfi\Desktop\Eco-Elektrik\MCU\MCU Kart\MCU-Kart\PowerStageSheet.SchDoc with 470uF Capacitor from MCUSchlib.SchLib
Replace Part C9 5.6uF Capacitor (250VDC) - ECQE2565JF in C:\Users\ralfi\Desktop\Eco-Elektrik\MCU\MCU Kart\MCU-Kart\PowerStageSheet.SchDoc with 5.6uF Capacitor (250VDC) - ECQE2565JF from MCUSchlib.SchLib
Replace Part C10 5.6uF Capacitor (250VDC) - ECQE2565JF in C:\Users\ralfi\Desktop\Eco-Elektrik\MCU\MCU Kart\MCU-Kart\PowerStageSheet.SchDoc with 5.6uF Capacitor (250VDC) - ECQE2565JF from MCUSchlib.SchLib
Replace Part C11 5.6uF Capacitor (250VDC) - ECQE2565JF in C:\Users\ralfi\Desktop\Eco-Elektrik\MCU\MCU Kart\MCU-Kart\PowerStageSheet.SchDoc with 5.6uF Capacitor (250VDC) - ECQE2565JF from MCUSchlib.SchLib
Replace Part C12 5.6uF Capacitor (250VDC) - ECQE2565JF in C:\Users\ralfi\Desktop\Eco-Elektrik\MCU\MCU Kart\MCU-Kart\PowerStageSheet.SchDoc with 5.6uF Capacitor (250VDC) - ECQE2565JF from MCUSchlib.SchLib
Replace Part C13 5.6uF Capacitor (250VDC) - ECQE2565JF in C:\Users\ralfi\Desktop\Eco-Elektrik\MCU\MCU Kart\MCU-Kart\PowerStageSheet.SchDoc with 5.6uF Capacitor (250VDC) - ECQE2565JF from MCUSchlib.SchLib
Replace Part C14 5.6uF Capacitor (250VDC) - ECQE2565JF in C:\Users\ralfi\Desktop\Eco-Elektrik\MCU\MCU Kart\MCU-Kart\PowerStageSheet.SchDoc with 5.6uF Capacitor (250VDC) - ECQE2565JF from MCUSchlib.SchLib
Replace Part CreeGateDriver1 CreeGateDriver in C:\Users\ralfi\Desktop\Eco-Elektrik\MCU\MCU Kart\MCU-Kart\PowerStageSheet.SchDoc with CreeGateDriver from MCUSchlib.SchLib
Replace Part CreeGateDriver2 CreeGateDriver in C:\Users\ralfi\Desktop\Eco-Elektrik\MCU\MCU Kart\MCU-Kart\PowerStageSheet.SchDoc with CreeGateDriver from MCUSchlib.SchLib
Replace Part CreeGateDriver3 CreeGateDriver in C:\Users\ralfi\Desktop\Eco-Elektrik\MCU\MCU Kart\MCU-Kart\PowerStageSheet.SchDoc with CreeGateDriver from MCUSchlib.SchLib
Replace Part CreeGateDriver4 CreeGateDriver in C:\Users\ralfi\Desktop\Eco-Elektrik\MCU\MCU Kart\MCU-Kart\PowerStageSheet.SchDoc with CreeGateDriver from MCUSchlib.SchLib
Replace Part CreeGateDriver5 CreeGateDriver in C:\Users\ralfi\Desktop\Eco-Elektrik\MCU\MCU Kart\MCU-Kart\PowerStageSheet.SchDoc with CreeGateDriver from MCUSchlib.SchLib
Replace Part CreeGateDriver6 CreeGateDriver in C:\Users\ralfi\Desktop\Eco-Elektrik\MCU\MCU Kart\MCU-Kart\PowerStageSheet.SchDoc with CreeGateDriver from MCUSchlib.SchLib
Replace Part H1 Screw Connector 8197 in C:\Users\ralfi\Desktop\Eco-Elektrik\MCU\MCU Kart\MCU-Kart\PowerStageSheet.SchDoc with Screw Connector 8197 from MCUSchlib.SchLib
Replace Part H2 Screw Connector 8197 in C:\Users\ralfi\Desktop\Eco-Elektrik\MCU\MCU Kart\MCU-Kart\PowerStageSheet.SchDoc with Screw Connector 8197 from MCUSchlib.SchLib
Replace Part Q1 Power Mosfet in C:\Users\ralfi\Desktop\Eco-Elektrik\MCU\MCU Kart\MCU-Kart\PowerStageSheet.SchDoc with Power Mosfet from MCUSchlib.SchLib
Replace Part Q2 Power Mosfet in C:\Users\ralfi\Desktop\Eco-Elektrik\MCU\MCU Kart\MCU-Kart\PowerStageSheet.SchDoc with Power Mosfet from MCUSchlib.SchLib
Replace Part Q3 Power Mosfet in C:\Users\ralfi\Desktop\Eco-Elektrik\MCU\MCU Kart\MCU-Kart\PowerStageSheet.SchDoc with Power Mosfet from MCUSchlib.SchLib
Replace Part Q4 Power Mosfet in C:\Users\ralfi\Desktop\Eco-Elektrik\MCU\MCU Kart\MCU-Kart\PowerStageSheet.SchDoc with Power Mosfet from MCUSchlib.SchLib
Replace Part Q5 Power Mosfet in C:\Users\ralfi\Desktop\Eco-Elektrik\MCU\MCU Kart\MCU-Kart\PowerStageSheet.SchDoc with Power Mosfet from MCUSchlib.SchLib
Replace Part Q6 Power Mosfet in C:\Users\ralfi\Desktop\Eco-Elektrik\MCU\MCU Kart\MCU-Kart\PowerStageSheet.SchDoc with Power Mosfet from MCUSchlib.SchLib
Replace Part T LV_25-P in C:\Users\ralfi\Desktop\Eco-Elektrik\MCU\MCU Kart\MCU-Kart\PowerStageSheet.SchDoc with LV_25-P from MCUSchlib.SchLib
Replace Part U4 Current Sensor in C:\Users\ralfi\Desktop\Eco-Elektrik\MCU\MCU Kart\MCU-Kart\PowerStageSheet.SchDoc with Current Sensor from MCUSchlib.SchLib
Replace Part U5 Current Sensor in C:\Users\ralfi\Desktop\Eco-Elektrik\MCU\MCU Kart\MCU-Kart\PowerStageSheet.SchDoc with Current Sensor from MCUSchlib.SchLib
Replace Part U6 Current Sensor in C:\Users\ralfi\Desktop\Eco-Elektrik\MCU\MCU Kart\MCU-Kart\PowerStageSheet.SchDoc with Current Sensor from MCUSchlib.SchLib
Replace Part U7 Current Sensor in C:\Users\ralfi\Desktop\Eco-Elektrik\MCU\MCU Kart\MCU-Kart\PowerStageSheet.SchDoc with Current Sensor from MCUSchlib.SchLib
