Replace Part C1 1uF Cap - 1206YC105KAT2A in C:\Users\ralfi\Desktop\Eco-Elektrik\VCU\VCU Kart\VCUSheet.SchDoc with 1uF Cap - 1206YC105KAT2A from VCUSchlib.SchLib
Replace Part C2 1uF Cap - 1206YC105KAT2A in C:\Users\ralfi\Desktop\Eco-Elektrik\VCU\VCU Kart\VCUSheet.SchDoc with 1uF Cap - 1206YC105KAT2A from VCUSchlib.SchLib
Replace Part C3 1uF Cap - 1206YC105KAT2A in C:\Users\ralfi\Desktop\Eco-Elektrik\VCU\VCU Kart\VCUSheet.SchDoc with 1uF Cap - 1206YC105KAT2A from VCUSchlib.SchLib
Replace Part C4 1uF Cap - 1206YC105KAT2A in C:\Users\ralfi\Desktop\Eco-Elektrik\VCU\VCU Kart\VCUSheet.SchDoc with 1uF Cap - 1206YC105KAT2A from VCUSchlib.SchLib
Replace Part C5 1uF Cap - 1206YC105KAT2A in C:\Users\ralfi\Desktop\Eco-Elektrik\VCU\VCU Kart\VCUSheet.SchDoc with 1uF Cap - 1206YC105KAT2A from VCUSchlib.SchLib
Replace Part C6 1uF Cap - 1206YC105KAT2A in C:\Users\ralfi\Desktop\Eco-Elektrik\VCU\VCU Kart\VCUSheet.SchDoc with 1uF Cap - 1206YC105KAT2A from VCUSchlib.SchLib
Replace Part DUE1 DUE in C:\Users\ralfi\Desktop\Eco-Elektrik\VCU\VCU Kart\VCUSheet.SchDoc with DUE from VCUSchlib.SchLib
Replace Part J 2 Pin Klemens in C:\Users\ralfi\Desktop\Eco-Elektrik\VCU\VCU Kart\VCUSheet.SchDoc with 2 Pin Klemens from VCUSchlib.SchLib
Replace Part J1 4 Pin Klemens in C:\Users\ralfi\Desktop\Eco-Elektrik\VCU\VCU Kart\VCUSheet.SchDoc with 4 Pin Klemens from VCUSchlib.SchLib
Replace Part J2 4 Pin Klemens in C:\Users\ralfi\Desktop\Eco-Elektrik\VCU\VCU Kart\VCUSheet.SchDoc with 4 Pin Klemens from VCUSchlib.SchLib
Replace Part J4 4 Pin Klemens in C:\Users\ralfi\Desktop\Eco-Elektrik\VCU\VCU Kart\VCUSheet.SchDoc with 4 Pin Klemens from VCUSchlib.SchLib
Replace Part R 1k Resistor in C:\Users\ralfi\Desktop\Eco-Elektrik\VCU\VCU Kart\VCUSheet.SchDoc with 1k Resistor from VCUSchlib.SchLib
Replace Part R 1k Resistor in C:\Users\ralfi\Desktop\Eco-Elektrik\VCU\VCU Kart\VCUSheet.SchDoc with 1k Resistor from VCUSchlib.SchLib
Replace Part R 1k Resistor in C:\Users\ralfi\Desktop\Eco-Elektrik\VCU\VCU Kart\VCUSheet.SchDoc with 1k Resistor from VCUSchlib.SchLib
Replace Part R1 1k Resistor in C:\Users\ralfi\Desktop\Eco-Elektrik\VCU\VCU Kart\VCUSheet.SchDoc with 1k Resistor from VCUSchlib.SchLib
Replace Part R2 1k Resistor in C:\Users\ralfi\Desktop\Eco-Elektrik\VCU\VCU Kart\VCUSheet.SchDoc with 1k Resistor from VCUSchlib.SchLib
Replace Part R3 1k Resistor in C:\Users\ralfi\Desktop\Eco-Elektrik\VCU\VCU Kart\VCUSheet.SchDoc with 1k Resistor from VCUSchlib.SchLib
Replace Part S1 Rocker Button in C:\Users\ralfi\Desktop\Eco-Elektrik\VCU\VCU Kart\VCUSheet.SchDoc with Rocker Button from VCUSchlib.SchLib
Replace Part S2 Rocker Button in C:\Users\ralfi\Desktop\Eco-Elektrik\VCU\VCU Kart\VCUSheet.SchDoc with Rocker Button from VCUSchlib.SchLib
Replace Part S3 Rocker Button in C:\Users\ralfi\Desktop\Eco-Elektrik\VCU\VCU Kart\VCUSheet.SchDoc with Rocker Button from VCUSchlib.SchLib
