Removed Member From Class: ClassName=[3] - Inverter Member=U5
Removed Member From Class: ClassName=[3] - Inverter Member=U8
Added Component: Designator=Q1(TO-263-7-THERMAL - DUAL)
Add component. Clean all parameters for all variants
Add component (AddParameter): Name = "FET"; Value = "https://www.digikey.com/product-detail/en/infineon-technologies/IPB044N15N5ATMA1/IPB044N15N5ATMA1CT-ND/7667604"; VariantName = "[No Variations]"
Add component (AddParameter): Name = "Heatsink"; Value = "https://www.digikey.com/product-detail/en/aavid-thermal-division-of-boyd-corporation/573300D00010G/HS338CT-ND/1216346"; VariantName = "[No Variations]"
Added Component: Designator=Q2(TO-263-7-THERMAL - DUAL)
Add component. Clean all parameters for all variants
Add component (AddParameter): Name = "FET"; Value = "https://www.digikey.com/product-detail/en/infineon-technologies/IPB044N15N5ATMA1/IPB044N15N5ATMA1CT-ND/7667604"; VariantName = "[No Variations]"
Add component (AddParameter): Name = "Heatsink"; Value = "https://www.digikey.com/product-detail/en/aavid-thermal-division-of-boyd-corporation/573300D00010G/HS338CT-ND/1216346"; VariantName = "[No Variations]"
Added Component: Designator=Q3(TO-263-7-THERMAL - DUAL)
Add component. Clean all parameters for all variants
Add component (AddParameter): Name = "FET"; Value = "https://www.digikey.com/product-detail/en/infineon-technologies/IPB044N15N5ATMA1/IPB044N15N5ATMA1CT-ND/7667604"; VariantName = "[No Variations]"
Add component (AddParameter): Name = "Heatsink"; Value = "https://www.digikey.com/product-detail/en/aavid-thermal-division-of-boyd-corporation/573300D00010G/HS338CT-ND/1216346"; VariantName = "[No Variations]"
Added Component: Designator=Q4(TO-263-7-THERMAL - DUAL)
Add component. Clean all parameters for all variants
Add component (AddParameter): Name = "FET"; Value = "https://www.digikey.com/product-detail/en/infineon-technologies/IPB044N15N5ATMA1/IPB044N15N5ATMA1CT-ND/7667604"; VariantName = "[No Variations]"
Add component (AddParameter): Name = "Heatsink"; Value = "https://www.digikey.com/product-detail/en/aavid-thermal-division-of-boyd-corporation/573300D00010G/HS338CT-ND/1216346"; VariantName = "[No Variations]"
Added Component: Designator=Q5(TO-263-7-THERMAL - DUAL)
Add component. Clean all parameters for all variants
Add component (AddParameter): Name = "FET"; Value = "https://www.digikey.com/product-detail/en/infineon-technologies/IPB044N15N5ATMA1/IPB044N15N5ATMA1CT-ND/7667604"; VariantName = "[No Variations]"
Add component (AddParameter): Name = "Heatsink"; Value = "https://www.digikey.com/product-detail/en/aavid-thermal-division-of-boyd-corporation/573300D00010G/HS338CT-ND/1216346"; VariantName = "[No Variations]"
Added Component: Designator=Q6(TO-263-7-THERMAL - DUAL)
Add component. Clean all parameters for all variants
Add component (AddParameter): Name = "FET"; Value = "https://www.digikey.com/product-detail/en/infineon-technologies/IPB044N15N5ATMA1/IPB044N15N5ATMA1CT-ND/7667604"; VariantName = "[No Variations]"
Add component (AddParameter): Name = "Heatsink"; Value = "https://www.digikey.com/product-detail/en/aavid-thermal-division-of-boyd-corporation/573300D00010G/HS338CT-ND/1216346"; VariantName = "[No Variations]"
Added Pin To Net: NetName=DC_BUS Pin=Q1-D
Added Pin To Net: NetName=DC_BUS Pin=Q1-D
Added Pin To Net: NetName=Gate.A.H Pin=Q1-G
Added Pin To Net: NetName=Gate.A.H Pin=Q1-G
Added Pin To Net: NetName=PHASE_A Pin=Q1-S
Added Pin To Net: NetName=PHASE_A Pin=Q1-S
Added Pin To Net: NetName=PHASE_A Pin=Q1-S
Added Pin To Net: NetName=PHASE_A Pin=Q1-S
Added Pin To Net: NetName=PHASE_A Pin=Q1-S
Added Pin To Net: NetName=PHASE_A Pin=Q1-S
Added Pin To Net: NetName=PHASE_A Pin=Q1-S
Added Pin To Net: NetName=PHASE_A Pin=Q1-S
Added Pin To Net: NetName=PHASE_A Pin=Q1-S
Added Pin To Net: NetName=PHASE_A Pin=Q1-S
Added Pin To Net: NetName=DC_BUS Pin=Q2-D
Added Pin To Net: NetName=DC_BUS Pin=Q2-D
Added Pin To Net: NetName=Gate.B.H Pin=Q2-G
Added Pin To Net: NetName=Gate.B.H Pin=Q2-G
Added Pin To Net: NetName=PHASE_B Pin=Q2-S
Added Pin To Net: NetName=PHASE_B Pin=Q2-S
Added Pin To Net: NetName=PHASE_B Pin=Q2-S
Added Pin To Net: NetName=PHASE_B Pin=Q2-S
Added Pin To Net: NetName=PHASE_B Pin=Q2-S
Added Pin To Net: NetName=PHASE_B Pin=Q2-S
Added Pin To Net: NetName=PHASE_B Pin=Q2-S
Added Pin To Net: NetName=PHASE_B Pin=Q2-S
Added Pin To Net: NetName=PHASE_B Pin=Q2-S
Added Pin To Net: NetName=PHASE_B Pin=Q2-S
Added Pin To Net: NetName=DC_BUS Pin=Q3-D
Added Pin To Net: NetName=DC_BUS Pin=Q3-D
Added Pin To Net: NetName=Gate.C.H Pin=Q3-G
Added Pin To Net: NetName=Gate.C.H Pin=Q3-G
Added Pin To Net: NetName=PHASE_C Pin=Q3-S
Added Pin To Net: NetName=PHASE_C Pin=Q3-S
Added Pin To Net: NetName=PHASE_C Pin=Q3-S
Added Pin To Net: NetName=PHASE_C Pin=Q3-S
Added Pin To Net: NetName=PHASE_C Pin=Q3-S
Added Pin To Net: NetName=PHASE_C Pin=Q3-S
Added Pin To Net: NetName=PHASE_C Pin=Q3-S
Added Pin To Net: NetName=PHASE_C Pin=Q3-S
Added Pin To Net: NetName=PHASE_C Pin=Q3-S
Added Pin To Net: NetName=PHASE_C Pin=Q3-S
Added Pin To Net: NetName=PHASE_A Pin=Q4-D
Added Pin To Net: NetName=PHASE_A Pin=Q4-D
Added Pin To Net: NetName=Gate.A.L Pin=Q4-G
Added Pin To Net: NetName=Gate.A.L Pin=Q4-G
Added Pin To Net: NetName=Source.A.L Pin=Q4-S
Added Pin To Net: NetName=Source.A.L Pin=Q4-S
Added Pin To Net: NetName=Source.A.L Pin=Q4-S
Added Pin To Net: NetName=Source.A.L Pin=Q4-S
Added Pin To Net: NetName=Source.A.L Pin=Q4-S
Added Pin To Net: NetName=Source.A.L Pin=Q4-S
Added Pin To Net: NetName=Source.A.L Pin=Q4-S
Added Pin To Net: NetName=Source.A.L Pin=Q4-S
Added Pin To Net: NetName=Source.A.L Pin=Q4-S
Added Pin To Net: NetName=Source.A.L Pin=Q4-S
Added Pin To Net: NetName=PHASE_B Pin=Q5-D
Added Pin To Net: NetName=PHASE_B Pin=Q5-D
Added Pin To Net: NetName=Gate.B.L Pin=Q5-G
Added Pin To Net: NetName=Gate.B.L Pin=Q5-G
Added Pin To Net: NetName=Source.A.L Pin=Q5-S
Added Pin To Net: NetName=Source.A.L Pin=Q5-S
Added Pin To Net: NetName=Source.A.L Pin=Q5-S
Added Pin To Net: NetName=Source.A.L Pin=Q5-S
Added Pin To Net: NetName=Source.A.L Pin=Q5-S
Added Pin To Net: NetName=Source.A.L Pin=Q5-S
Added Pin To Net: NetName=Source.A.L Pin=Q5-S
Added Pin To Net: NetName=Source.A.L Pin=Q5-S
Added Pin To Net: NetName=Source.A.L Pin=Q5-S
Added Pin To Net: NetName=Source.A.L Pin=Q5-S
Added Pin To Net: NetName=PHASE_C Pin=Q6-D
Added Pin To Net: NetName=PHASE_C Pin=Q6-D
Added Pin To Net: NetName=Gate.C.L Pin=Q6-G
Added Pin To Net: NetName=Gate.C.L Pin=Q6-G
Added Pin To Net: NetName=Source.A.L Pin=Q6-S
Added Pin To Net: NetName=Source.A.L Pin=Q6-S
Added Pin To Net: NetName=Source.A.L Pin=Q6-S
Added Pin To Net: NetName=Source.A.L Pin=Q6-S
Added Pin To Net: NetName=Source.A.L Pin=Q6-S
Added Pin To Net: NetName=Source.A.L Pin=Q6-S
Added Pin To Net: NetName=Source.A.L Pin=Q6-S
Added Pin To Net: NetName=Source.A.L Pin=Q6-S
Added Pin To Net: NetName=Source.A.L Pin=Q6-S
Added Pin To Net: NetName=Source.A.L Pin=Q6-S
Added Member To Class: ClassName=[3] - Inverter Member=Component Q1 IPB044N15N5 G DUAL
Added Member To Class: ClassName=[3] - Inverter Member=Component Q2 IPB044N15N5 G DUAL
Added Member To Class: ClassName=[3] - Inverter Member=Component Q3 IPB044N15N5 G DUAL
Added Member To Class: ClassName=[3] - Inverter Member=Component Q4 IPB044N15N5 G DUAL
Added Member To Class: ClassName=[3] - Inverter Member=Component Q5 IPB044N15N5 G DUAL
Added Member To Class: ClassName=[3] - Inverter Member=Component Q6 IPB044N15N5 G DUAL
