Added Component: Designator=C1(TH 22 X 25 mm)
Add component. Clean all parameters for all variants
Add component (AddParameter): Name = "Applications"; Value = "Automotive"; VariantName = "[No Variations]"
Add component (AddParameter): Name = "Capacitance"; Value = "560µF"; VariantName = "[No Variations]"
Add component (AddParameter): Name = "Category"; Value = "Capacitors"; VariantName = "[No Variations]"
Add component (AddParameter): Name = "ComponentLink1Description"; Value = "http://www.chemi-con.co.jp/cgi-bin/CAT_DB/SEARCH/cat_db_al.cgi?e=e&j=p&pdfname=gpd"; VariantName = "[No Variations]"
Add component (AddParameter): Name = "ComponentLink1URL"; Value = "http://www.chemi-con.co.jp/cgi-bin/CAT_DB/SEARCH/cat_db_al.cgi?e=e&j=p&pdfname=gpd"; VariantName = "[No Variations]"
Add component (AddParameter): Name = "ESR (Equivalent Series Resistance)"; Value = "21 mOhm"; VariantName = "[No Variations]"
Add component (AddParameter): Name = "Height - Seated (Max)"; Value = "1.634" (41.50mm)"; VariantName = "[No Variations]"
Add component (AddParameter): Name = "Impedance"; Value = "-"; VariantName = "[No Variations]"
Add component (AddParameter): Name = "Lead Spacing"; Value = "0.295" (7.50mm)"; VariantName = "[No Variations]"
Add component (AddParameter): Name = "Lifetime @ Temp."; Value = "-"; VariantName = "[No Variations]"
Add component (AddParameter): Name = "Manufacturer"; Value = "United Chemi-Con"; VariantName = "[No Variations]"
Add component (AddParameter): Name = "Manufacturer Part Number"; Value = "EGPD800ELL162MM40H"; VariantName = "[No Variations]"
Add component (AddParameter): Name = "Mounting Type"; Value = "Through Hole"; VariantName = "[No Variations]"
Add component (AddParameter): Name = "Operating Temperature"; Value = "-40°C ~ 135°C"; VariantName = "[No Variations]"
Add component (AddParameter): Name = "Package / Case"; Value = "Radial, Can"; VariantName = "[No Variations]"
Add component (AddParameter): Name = "Packaging"; Value = "Bulk"; VariantName = "[No Variations]"
Add component (AddParameter): Name = "Pricing 1"; Value = "1=3.81, 10=3.43, 100=2.5913, 250=2.28644, 500=2.134, 1000=1.98158, 5000=1.90536, 10000=1.89012, 25000=1.82915 (USD)"; VariantName = "[No Variations]"
Add component (AddParameter): Name = "Ripple Current"; Value = "3.82A"; VariantName = "[No Variations]"
Add component (AddParameter): Name = "RoHS"; Value = "RoHS Compliant"; VariantName = "[No Variations]"
Add component (AddParameter): Name = "Size / Dimension"; Value = "0.709" Dia (18.00mm)"; VariantName = "[No Variations]"
Add component (AddParameter): Name = "Stock 1"; Value = "215"; VariantName = "[No Variations]"
Add component (AddParameter): Name = "Supplier 1"; Value = "Digi-Key"; VariantName = "[No Variations]"
Add component (AddParameter): Name = "Surface Mount Land Size"; Value = "-"; VariantName = "[No Variations]"
Add component (AddParameter): Name = "Tolerance"; Value = "±20%"; VariantName = "[No Variations]"
Add component (AddParameter): Name = "Type"; Value = "-"; VariantName = "[No Variations]"
Add component (AddParameter): Name = "Voltage Rating"; Value = "80V"; VariantName = "[No Variations]"
Added Component: Designator=C2(TH 22 X 25 mm)
Add component. Clean all parameters for all variants
Add component (AddParameter): Name = "Applications"; Value = "Automotive"; VariantName = "[No Variations]"
Add component (AddParameter): Name = "Capacitance"; Value = "560µF"; VariantName = "[No Variations]"
Add component (AddParameter): Name = "Category"; Value = "Capacitors"; VariantName = "[No Variations]"
Add component (AddParameter): Name = "ComponentLink1Description"; Value = "http://www.chemi-con.co.jp/cgi-bin/CAT_DB/SEARCH/cat_db_al.cgi?e=e&j=p&pdfname=gpd"; VariantName = "[No Variations]"
Add component (AddParameter): Name = "ComponentLink1URL"; Value = "http://www.chemi-con.co.jp/cgi-bin/CAT_DB/SEARCH/cat_db_al.cgi?e=e&j=p&pdfname=gpd"; VariantName = "[No Variations]"
Add component (AddParameter): Name = "ESR (Equivalent Series Resistance)"; Value = "21 mOhm"; VariantName = "[No Variations]"
Add component (AddParameter): Name = "Height - Seated (Max)"; Value = "1.634" (41.50mm)"; VariantName = "[No Variations]"
Add component (AddParameter): Name = "Impedance"; Value = "-"; VariantName = "[No Variations]"
Add component (AddParameter): Name = "Lead Spacing"; Value = "0.295" (7.50mm)"; VariantName = "[No Variations]"
Add component (AddParameter): Name = "Lifetime @ Temp."; Value = "-"; VariantName = "[No Variations]"
Add component (AddParameter): Name = "Manufacturer"; Value = "United Chemi-Con"; VariantName = "[No Variations]"
Add component (AddParameter): Name = "Manufacturer Part Number"; Value = "EGPD800ELL162MM40H"; VariantName = "[No Variations]"
Add component (AddParameter): Name = "Mounting Type"; Value = "Through Hole"; VariantName = "[No Variations]"
Add component (AddParameter): Name = "Operating Temperature"; Value = "-40°C ~ 135°C"; VariantName = "[No Variations]"
Add component (AddParameter): Name = "Package / Case"; Value = "Radial, Can"; VariantName = "[No Variations]"
Add component (AddParameter): Name = "Packaging"; Value = "Bulk"; VariantName = "[No Variations]"
Add component (AddParameter): Name = "Pricing 1"; Value = "1=3.81, 10=3.43, 100=2.5913, 250=2.28644, 500=2.134, 1000=1.98158, 5000=1.90536, 10000=1.89012, 25000=1.82915 (USD)"; VariantName = "[No Variations]"
Add component (AddParameter): Name = "Ripple Current"; Value = "3.82A"; VariantName = "[No Variations]"
Add component (AddParameter): Name = "RoHS"; Value = "RoHS Compliant"; VariantName = "[No Variations]"
Add component (AddParameter): Name = "Size / Dimension"; Value = "0.709" Dia (18.00mm)"; VariantName = "[No Variations]"
Add component (AddParameter): Name = "Stock 1"; Value = "215"; VariantName = "[No Variations]"
Add component (AddParameter): Name = "Supplier 1"; Value = "Digi-Key"; VariantName = "[No Variations]"
Add component (AddParameter): Name = "Surface Mount Land Size"; Value = "-"; VariantName = "[No Variations]"
Add component (AddParameter): Name = "Tolerance"; Value = "±20%"; VariantName = "[No Variations]"
Add component (AddParameter): Name = "Type"; Value = "-"; VariantName = "[No Variations]"
Add component (AddParameter): Name = "Voltage Rating"; Value = "80V"; VariantName = "[No Variations]"
Added Component: Designator=C3(TH 22 X 25 mm)
Add component. Clean all parameters for all variants
Add component (AddParameter): Name = "Applications"; Value = "Automotive"; VariantName = "[No Variations]"
Add component (AddParameter): Name = "Capacitance"; Value = "560µF"; VariantName = "[No Variations]"
Add component (AddParameter): Name = "Category"; Value = "Capacitors"; VariantName = "[No Variations]"
Add component (AddParameter): Name = "ComponentLink1Description"; Value = "http://www.chemi-con.co.jp/cgi-bin/CAT_DB/SEARCH/cat_db_al.cgi?e=e&j=p&pdfname=gpd"; VariantName = "[No Variations]"
Add component (AddParameter): Name = "ComponentLink1URL"; Value = "http://www.chemi-con.co.jp/cgi-bin/CAT_DB/SEARCH/cat_db_al.cgi?e=e&j=p&pdfname=gpd"; VariantName = "[No Variations]"
Add component (AddParameter): Name = "ESR (Equivalent Series Resistance)"; Value = "21 mOhm"; VariantName = "[No Variations]"
Add component (AddParameter): Name = "Height - Seated (Max)"; Value = "1.634" (41.50mm)"; VariantName = "[No Variations]"
Add component (AddParameter): Name = "Impedance"; Value = "-"; VariantName = "[No Variations]"
Add component (AddParameter): Name = "Lead Spacing"; Value = "0.295" (7.50mm)"; VariantName = "[No Variations]"
Add component (AddParameter): Name = "Lifetime @ Temp."; Value = "-"; VariantName = "[No Variations]"
Add component (AddParameter): Name = "Manufacturer"; Value = "United Chemi-Con"; VariantName = "[No Variations]"
Add component (AddParameter): Name = "Manufacturer Part Number"; Value = "EGPD800ELL162MM40H"; VariantName = "[No Variations]"
Add component (AddParameter): Name = "Mounting Type"; Value = "Through Hole"; VariantName = "[No Variations]"
Add component (AddParameter): Name = "Operating Temperature"; Value = "-40°C ~ 135°C"; VariantName = "[No Variations]"
Add component (AddParameter): Name = "Package / Case"; Value = "Radial, Can"; VariantName = "[No Variations]"
Add component (AddParameter): Name = "Packaging"; Value = "Bulk"; VariantName = "[No Variations]"
Add component (AddParameter): Name = "Pricing 1"; Value = "1=3.81, 10=3.43, 100=2.5913, 250=2.28644, 500=2.134, 1000=1.98158, 5000=1.90536, 10000=1.89012, 25000=1.82915 (USD)"; VariantName = "[No Variations]"
Add component (AddParameter): Name = "Ripple Current"; Value = "3.82A"; VariantName = "[No Variations]"
Add component (AddParameter): Name = "RoHS"; Value = "RoHS Compliant"; VariantName = "[No Variations]"
Add component (AddParameter): Name = "Size / Dimension"; Value = "0.709" Dia (18.00mm)"; VariantName = "[No Variations]"
Add component (AddParameter): Name = "Stock 1"; Value = "215"; VariantName = "[No Variations]"
Add component (AddParameter): Name = "Supplier 1"; Value = "Digi-Key"; VariantName = "[No Variations]"
Add component (AddParameter): Name = "Surface Mount Land Size"; Value = "-"; VariantName = "[No Variations]"
Add component (AddParameter): Name = "Tolerance"; Value = "±20%"; VariantName = "[No Variations]"
Add component (AddParameter): Name = "Type"; Value = "-"; VariantName = "[No Variations]"
Add component (AddParameter): Name = "Voltage Rating"; Value = "80V"; VariantName = "[No Variations]"
Added Component: Designator=C4(TH 22 X 25 mm)
Add component. Clean all parameters for all variants
Add component (AddParameter): Name = "Applications"; Value = "Automotive"; VariantName = "[No Variations]"
Add component (AddParameter): Name = "Capacitance"; Value = "560µF"; VariantName = "[No Variations]"
Add component (AddParameter): Name = "Category"; Value = "Capacitors"; VariantName = "[No Variations]"
Add component (AddParameter): Name = "ComponentLink1Description"; Value = "http://www.chemi-con.co.jp/cgi-bin/CAT_DB/SEARCH/cat_db_al.cgi?e=e&j=p&pdfname=gpd"; VariantName = "[No Variations]"
Add component (AddParameter): Name = "ComponentLink1URL"; Value = "http://www.chemi-con.co.jp/cgi-bin/CAT_DB/SEARCH/cat_db_al.cgi?e=e&j=p&pdfname=gpd"; VariantName = "[No Variations]"
Add component (AddParameter): Name = "ESR (Equivalent Series Resistance)"; Value = "21 mOhm"; VariantName = "[No Variations]"
Add component (AddParameter): Name = "Height - Seated (Max)"; Value = "1.634" (41.50mm)"; VariantName = "[No Variations]"
Add component (AddParameter): Name = "Impedance"; Value = "-"; VariantName = "[No Variations]"
Add component (AddParameter): Name = "Lead Spacing"; Value = "0.295" (7.50mm)"; VariantName = "[No Variations]"
Add component (AddParameter): Name = "Lifetime @ Temp."; Value = "-"; VariantName = "[No Variations]"
Add component (AddParameter): Name = "Manufacturer"; Value = "United Chemi-Con"; VariantName = "[No Variations]"
Add component (AddParameter): Name = "Manufacturer Part Number"; Value = "EGPD800ELL162MM40H"; VariantName = "[No Variations]"
Add component (AddParameter): Name = "Mounting Type"; Value = "Through Hole"; VariantName = "[No Variations]"
Add component (AddParameter): Name = "Operating Temperature"; Value = "-40°C ~ 135°C"; VariantName = "[No Variations]"
Add component (AddParameter): Name = "Package / Case"; Value = "Radial, Can"; VariantName = "[No Variations]"
Add component (AddParameter): Name = "Packaging"; Value = "Bulk"; VariantName = "[No Variations]"
Add component (AddParameter): Name = "Pricing 1"; Value = "1=3.81, 10=3.43, 100=2.5913, 250=2.28644, 500=2.134, 1000=1.98158, 5000=1.90536, 10000=1.89012, 25000=1.82915 (USD)"; VariantName = "[No Variations]"
Add component (AddParameter): Name = "Ripple Current"; Value = "3.82A"; VariantName = "[No Variations]"
Add component (AddParameter): Name = "RoHS"; Value = "RoHS Compliant"; VariantName = "[No Variations]"
Add component (AddParameter): Name = "Size / Dimension"; Value = "0.709" Dia (18.00mm)"; VariantName = "[No Variations]"
Add component (AddParameter): Name = "Stock 1"; Value = "215"; VariantName = "[No Variations]"
Add component (AddParameter): Name = "Supplier 1"; Value = "Digi-Key"; VariantName = "[No Variations]"
Add component (AddParameter): Name = "Surface Mount Land Size"; Value = "-"; VariantName = "[No Variations]"
Add component (AddParameter): Name = "Tolerance"; Value = "±20%"; VariantName = "[No Variations]"
Add component (AddParameter): Name = "Type"; Value = "-"; VariantName = "[No Variations]"
Add component (AddParameter): Name = "Voltage Rating"; Value = "80V"; VariantName = "[No Variations]"
Added Component: Designator=C5(TH 22 X 25 mm)
Add component. Clean all parameters for all variants
Add component (AddParameter): Name = "Applications"; Value = "Automotive"; VariantName = "[No Variations]"
Add component (AddParameter): Name = "Capacitance"; Value = "560µF"; VariantName = "[No Variations]"
Add component (AddParameter): Name = "Category"; Value = "Capacitors"; VariantName = "[No Variations]"
Add component (AddParameter): Name = "ComponentLink1Description"; Value = "http://www.chemi-con.co.jp/cgi-bin/CAT_DB/SEARCH/cat_db_al.cgi?e=e&j=p&pdfname=gpd"; VariantName = "[No Variations]"
Add component (AddParameter): Name = "ComponentLink1URL"; Value = "http://www.chemi-con.co.jp/cgi-bin/CAT_DB/SEARCH/cat_db_al.cgi?e=e&j=p&pdfname=gpd"; VariantName = "[No Variations]"
Add component (AddParameter): Name = "ESR (Equivalent Series Resistance)"; Value = "21 mOhm"; VariantName = "[No Variations]"
Add component (AddParameter): Name = "Height - Seated (Max)"; Value = "1.634" (41.50mm)"; VariantName = "[No Variations]"
Add component (AddParameter): Name = "Impedance"; Value = "-"; VariantName = "[No Variations]"
Add component (AddParameter): Name = "Lead Spacing"; Value = "0.295" (7.50mm)"; VariantName = "[No Variations]"
Add component (AddParameter): Name = "Lifetime @ Temp."; Value = "-"; VariantName = "[No Variations]"
Add component (AddParameter): Name = "Manufacturer"; Value = "United Chemi-Con"; VariantName = "[No Variations]"
Add component (AddParameter): Name = "Manufacturer Part Number"; Value = "EGPD800ELL162MM40H"; VariantName = "[No Variations]"
Add component (AddParameter): Name = "Mounting Type"; Value = "Through Hole"; VariantName = "[No Variations]"
Add component (AddParameter): Name = "Operating Temperature"; Value = "-40°C ~ 135°C"; VariantName = "[No Variations]"
Add component (AddParameter): Name = "Package / Case"; Value = "Radial, Can"; VariantName = "[No Variations]"
Add component (AddParameter): Name = "Packaging"; Value = "Bulk"; VariantName = "[No Variations]"
Add component (AddParameter): Name = "Pricing 1"; Value = "1=3.81, 10=3.43, 100=2.5913, 250=2.28644, 500=2.134, 1000=1.98158, 5000=1.90536, 10000=1.89012, 25000=1.82915 (USD)"; VariantName = "[No Variations]"
Add component (AddParameter): Name = "Ripple Current"; Value = "3.82A"; VariantName = "[No Variations]"
Add component (AddParameter): Name = "RoHS"; Value = "RoHS Compliant"; VariantName = "[No Variations]"
Add component (AddParameter): Name = "Size / Dimension"; Value = "0.709" Dia (18.00mm)"; VariantName = "[No Variations]"
Add component (AddParameter): Name = "Stock 1"; Value = "215"; VariantName = "[No Variations]"
Add component (AddParameter): Name = "Supplier 1"; Value = "Digi-Key"; VariantName = "[No Variations]"
Add component (AddParameter): Name = "Surface Mount Land Size"; Value = "-"; VariantName = "[No Variations]"
Add component (AddParameter): Name = "Tolerance"; Value = "±20%"; VariantName = "[No Variations]"
Add component (AddParameter): Name = "Type"; Value = "-"; VariantName = "[No Variations]"
Add component (AddParameter): Name = "Voltage Rating"; Value = "80V"; VariantName = "[No Variations]"
Added Component: Designator=C6(TH 22 X 25 mm)
Add component. Clean all parameters for all variants
Add component (AddParameter): Name = "Applications"; Value = "Automotive"; VariantName = "[No Variations]"
Add component (AddParameter): Name = "Capacitance"; Value = "560µF"; VariantName = "[No Variations]"
Add component (AddParameter): Name = "Category"; Value = "Capacitors"; VariantName = "[No Variations]"
Add component (AddParameter): Name = "ComponentLink1Description"; Value = "http://www.chemi-con.co.jp/cgi-bin/CAT_DB/SEARCH/cat_db_al.cgi?e=e&j=p&pdfname=gpd"; VariantName = "[No Variations]"
Add component (AddParameter): Name = "ComponentLink1URL"; Value = "http://www.chemi-con.co.jp/cgi-bin/CAT_DB/SEARCH/cat_db_al.cgi?e=e&j=p&pdfname=gpd"; VariantName = "[No Variations]"
Add component (AddParameter): Name = "ESR (Equivalent Series Resistance)"; Value = "21 mOhm"; VariantName = "[No Variations]"
Add component (AddParameter): Name = "Height - Seated (Max)"; Value = "1.634" (41.50mm)"; VariantName = "[No Variations]"
Add component (AddParameter): Name = "Impedance"; Value = "-"; VariantName = "[No Variations]"
Add component (AddParameter): Name = "Lead Spacing"; Value = "0.295" (7.50mm)"; VariantName = "[No Variations]"
Add component (AddParameter): Name = "Lifetime @ Temp."; Value = "-"; VariantName = "[No Variations]"
Add component (AddParameter): Name = "Manufacturer"; Value = "United Chemi-Con"; VariantName = "[No Variations]"
Add component (AddParameter): Name = "Manufacturer Part Number"; Value = "EGPD800ELL162MM40H"; VariantName = "[No Variations]"
Add component (AddParameter): Name = "Mounting Type"; Value = "Through Hole"; VariantName = "[No Variations]"
Add component (AddParameter): Name = "Operating Temperature"; Value = "-40°C ~ 135°C"; VariantName = "[No Variations]"
Add component (AddParameter): Name = "Package / Case"; Value = "Radial, Can"; VariantName = "[No Variations]"
Add component (AddParameter): Name = "Packaging"; Value = "Bulk"; VariantName = "[No Variations]"
Add component (AddParameter): Name = "Pricing 1"; Value = "1=3.81, 10=3.43, 100=2.5913, 250=2.28644, 500=2.134, 1000=1.98158, 5000=1.90536, 10000=1.89012, 25000=1.82915 (USD)"; VariantName = "[No Variations]"
Add component (AddParameter): Name = "Ripple Current"; Value = "3.82A"; VariantName = "[No Variations]"
Add component (AddParameter): Name = "RoHS"; Value = "RoHS Compliant"; VariantName = "[No Variations]"
Add component (AddParameter): Name = "Size / Dimension"; Value = "0.709" Dia (18.00mm)"; VariantName = "[No Variations]"
Add component (AddParameter): Name = "Stock 1"; Value = "215"; VariantName = "[No Variations]"
Add component (AddParameter): Name = "Supplier 1"; Value = "Digi-Key"; VariantName = "[No Variations]"
Add component (AddParameter): Name = "Surface Mount Land Size"; Value = "-"; VariantName = "[No Variations]"
Add component (AddParameter): Name = "Tolerance"; Value = "±20%"; VariantName = "[No Variations]"
Add component (AddParameter): Name = "Type"; Value = "-"; VariantName = "[No Variations]"
Add component (AddParameter): Name = "Voltage Rating"; Value = "80V"; VariantName = "[No Variations]"
Added Component: Designator=C7(Film_Cap_15u)
Add component. Clean all parameters for all variants
Add component (AddParameter): Name = "Digikey"; Value = "https://www.digikey.com/product-detail/en/kemet/C4AQLBU5150A11K/399-16978-ND/8345941"; VariantName = "[No Variations]"
Add component (AddParameter): Name = "ESR"; Value = "6 mOhm"; VariantName = "[No Variations]"
Add component (AddParameter): Name = "Tolarence"; Value = "+-10 %"; VariantName = "[No Variations]"
Add component (AddParameter): Name = "Value"; Value = "15 uF"; VariantName = "[No Variations]"
Add component (AddParameter): Name = "Voltage"; Value = "500 V"; VariantName = "[No Variations]"
Added Component: Designator=C8(Film_Cap_15u)
Add component. Clean all parameters for all variants
Add component (AddParameter): Name = "Digikey"; Value = "https://www.digikey.com/product-detail/en/kemet/C4AQLBU5150A11K/399-16978-ND/8345941"; VariantName = "[No Variations]"
Add component (AddParameter): Name = "ESR"; Value = "6 mOhm"; VariantName = "[No Variations]"
Add component (AddParameter): Name = "Tolarence"; Value = "+-10 %"; VariantName = "[No Variations]"
Add component (AddParameter): Name = "Value"; Value = "15 uF"; VariantName = "[No Variations]"
Add component (AddParameter): Name = "Voltage"; Value = "500 V"; VariantName = "[No Variations]"
Added Component: Designator=C9(Film_Cap_15u)
Add component. Clean all parameters for all variants
Add component (AddParameter): Name = "Digikey"; Value = "https://www.digikey.com/product-detail/en/kemet/C4AQLBU5150A11K/399-16978-ND/8345941"; VariantName = "[No Variations]"
Add component (AddParameter): Name = "ESR"; Value = "6 mOhm"; VariantName = "[No Variations]"
Add component (AddParameter): Name = "Tolarence"; Value = "+-10 %"; VariantName = "[No Variations]"
Add component (AddParameter): Name = "Value"; Value = "15 uF"; VariantName = "[No Variations]"
Add component (AddParameter): Name = "Voltage"; Value = "500 V"; VariantName = "[No Variations]"
Added Component: Designator=C10(CAPC 0805)
Add component. Clean all parameters for all variants
Add component (AddParameter): Name = "Category"; Value = "Capacitor Ceramic"; VariantName = "[No Variations]"
Add component (AddParameter): Name = "Favorites"; Value = "Favorite"; VariantName = "[No Variations]"
Add component (AddParameter): Name = "Package / Case"; Value = "0805"; VariantName = "[No Variations]"
Add component (AddParameter): Name = "Part Number"; Value = "CAPC0572"; VariantName = "[No Variations]"
Add component (AddParameter): Name = "Tolerance"; Value = "%10"; VariantName = "[No Variations]"
Add component (AddParameter): Name = "Value"; Value = "100nF"; VariantName = "[No Variations]"
Add component (AddParameter): Name = "Value Rating"; Value = "nF"; VariantName = "[No Variations]"
Add component (AddParameter): Name = "Values"; Value = "100nF 50V"; VariantName = "[No Variations]"
Add component (AddParameter): Name = "Voltage"; Value = "50V"; VariantName = "[No Variations]"
Added Component: Designator=C11(CAPC 0805)
Add component. Clean all parameters for all variants
Add component (AddParameter): Name = "Category"; Value = "Capacitor Ceramic"; VariantName = "[No Variations]"
Add component (AddParameter): Name = "Package / Case"; Value = "0805"; VariantName = "[No Variations]"
Add component (AddParameter): Name = "Part Number"; Value = "CAPC0588"; VariantName = "[No Variations]"
Add component (AddParameter): Name = "Tolerance"; Value = "%10"; VariantName = "[No Variations]"
Add component (AddParameter): Name = "Value"; Value = "10uF"; VariantName = "[No Variations]"
Add component (AddParameter): Name = "Value Rating"; Value = "uF"; VariantName = "[No Variations]"
Add component (AddParameter): Name = "Values"; Value = "10uF 50V"; VariantName = "[No Variations]"
Add component (AddParameter): Name = "Voltage"; Value = "50V"; VariantName = "[No Variations]"
Added Component: Designator=C12(CAPC 0805)
Add component. Clean all parameters for all variants
Add component (AddParameter): Name = "Category"; Value = "Capacitor Ceramic"; VariantName = "[No Variations]"
Add component (AddParameter): Name = "Package / Case"; Value = "0805"; VariantName = "[No Variations]"
Add component (AddParameter): Name = "Part Number"; Value = "CAPC0658"; VariantName = "[No Variations]"
Add component (AddParameter): Name = "Tolerance"; Value = "%10"; VariantName = "[No Variations]"
Add component (AddParameter): Name = "Value"; Value = "100nF"; VariantName = "[No Variations]"
Add component (AddParameter): Name = "Value Rating"; Value = "nF"; VariantName = "[No Variations]"
Add component (AddParameter): Name = "Values"; Value = "100nF 25V"; VariantName = "[No Variations]"
Add component (AddParameter): Name = "Voltage"; Value = "25V"; VariantName = "[No Variations]"
Added Component: Designator=C13(CAPC 0805)
Add component. Clean all parameters for all variants
Add component (AddParameter): Name = "Category"; Value = "Capacitor Ceramic"; VariantName = "[No Variations]"
Add component (AddParameter): Name = "Package / Case"; Value = "0805"; VariantName = "[No Variations]"
Add component (AddParameter): Name = "Part Number"; Value = "CAPC0674"; VariantName = "[No Variations]"
Add component (AddParameter): Name = "Tolerance"; Value = "%10"; VariantName = "[No Variations]"
Add component (AddParameter): Name = "Value"; Value = "10uF"; VariantName = "[No Variations]"
Add component (AddParameter): Name = "Value Rating"; Value = "uF"; VariantName = "[No Variations]"
Add component (AddParameter): Name = "Values"; Value = "10uF 25V"; VariantName = "[No Variations]"
Add component (AddParameter): Name = "Voltage"; Value = "25V"; VariantName = "[No Variations]"
Added Component: Designator=C14(CAPC 0805)
Add component. Clean all parameters for all variants
Add component (AddParameter): Name = "Category"; Value = "Capacitor Ceramic"; VariantName = "[No Variations]"
Add component (AddParameter): Name = "Package / Case"; Value = "0805"; VariantName = "[No Variations]"
Add component (AddParameter): Name = "Part Number"; Value = "CAPC0658"; VariantName = "[No Variations]"
Add component (AddParameter): Name = "Tolerance"; Value = "%10"; VariantName = "[No Variations]"
Add component (AddParameter): Name = "Value"; Value = "100nF"; VariantName = "[No Variations]"
Add component (AddParameter): Name = "Value Rating"; Value = "nF"; VariantName = "[No Variations]"
Add component (AddParameter): Name = "Values"; Value = "100nF 25V"; VariantName = "[No Variations]"
Add component (AddParameter): Name = "Voltage"; Value = "25V"; VariantName = "[No Variations]"
Added Component: Designator=C15(CAPC 0805)
Add component. Clean all parameters for all variants
Add component (AddParameter): Name = "Category"; Value = "Capacitor Ceramic"; VariantName = "[No Variations]"
Add component (AddParameter): Name = "Package / Case"; Value = "0805"; VariantName = "[No Variations]"
Add component (AddParameter): Name = "Part Number"; Value = "CAPC0674"; VariantName = "[No Variations]"
Add component (AddParameter): Name = "Tolerance"; Value = "%10"; VariantName = "[No Variations]"
Add component (AddParameter): Name = "Value"; Value = "10uF"; VariantName = "[No Variations]"
Add component (AddParameter): Name = "Value Rating"; Value = "uF"; VariantName = "[No Variations]"
Add component (AddParameter): Name = "Values"; Value = "10uF 25V"; VariantName = "[No Variations]"
Add component (AddParameter): Name = "Voltage"; Value = "25V"; VariantName = "[No Variations]"
Added Component: Designator=C16(CAPC 0805)
Add component. Clean all parameters for all variants
Add component (AddParameter): Name = "Category"; Value = "Capacitor Ceramic"; VariantName = "[No Variations]"
Add component (AddParameter): Name = "Package / Case"; Value = "0805"; VariantName = "[No Variations]"
Add component (AddParameter): Name = "Part Number"; Value = "CAPC0658"; VariantName = "[No Variations]"
Add component (AddParameter): Name = "Tolerance"; Value = "%10"; VariantName = "[No Variations]"
Add component (AddParameter): Name = "Value"; Value = "100nF"; VariantName = "[No Variations]"
Add component (AddParameter): Name = "Value Rating"; Value = "nF"; VariantName = "[No Variations]"
Add component (AddParameter): Name = "Values"; Value = "100nF 25V"; VariantName = "[No Variations]"
Add component (AddParameter): Name = "Voltage"; Value = "25V"; VariantName = "[No Variations]"
Added Component: Designator=C17(CAPC 0805)
Add component. Clean all parameters for all variants
Add component (AddParameter): Name = "Category"; Value = "Capacitor Ceramic"; VariantName = "[No Variations]"
Add component (AddParameter): Name = "Package / Case"; Value = "0805"; VariantName = "[No Variations]"
Add component (AddParameter): Name = "Part Number"; Value = "CAPC0674"; VariantName = "[No Variations]"
Add component (AddParameter): Name = "Tolerance"; Value = "%10"; VariantName = "[No Variations]"
Add component (AddParameter): Name = "Value"; Value = "10uF"; VariantName = "[No Variations]"
Add component (AddParameter): Name = "Value Rating"; Value = "uF"; VariantName = "[No Variations]"
Add component (AddParameter): Name = "Values"; Value = "10uF 25V"; VariantName = "[No Variations]"
Add component (AddParameter): Name = "Voltage"; Value = "25V"; VariantName = "[No Variations]"
Added Component: Designator=C18(CAPC 0805)
Add component. Clean all parameters for all variants
Add component (AddParameter): Name = "Category"; Value = "Capacitor Ceramic"; VariantName = "[No Variations]"
Add component (AddParameter): Name = "Package / Case"; Value = "0805"; VariantName = "[No Variations]"
Add component (AddParameter): Name = "Part Number"; Value = "CAPC0658"; VariantName = "[No Variations]"
Add component (AddParameter): Name = "Tolerance"; Value = "%10"; VariantName = "[No Variations]"
Add component (AddParameter): Name = "Value"; Value = "100nF"; VariantName = "[No Variations]"
Add component (AddParameter): Name = "Value Rating"; Value = "nF"; VariantName = "[No Variations]"
Add component (AddParameter): Name = "Values"; Value = "100nF 25V"; VariantName = "[No Variations]"
Add component (AddParameter): Name = "Voltage"; Value = "25V"; VariantName = "[No Variations]"
Added Component: Designator=C19(CAPC 0805)
Add component. Clean all parameters for all variants
Add component (AddParameter): Name = "Category"; Value = "Capacitor Ceramic"; VariantName = "[No Variations]"
Add component (AddParameter): Name = "Package / Case"; Value = "0805"; VariantName = "[No Variations]"
Add component (AddParameter): Name = "Part Number"; Value = "CAPC0674"; VariantName = "[No Variations]"
Add component (AddParameter): Name = "Tolerance"; Value = "%10"; VariantName = "[No Variations]"
Add component (AddParameter): Name = "Value"; Value = "10uF"; VariantName = "[No Variations]"
Add component (AddParameter): Name = "Value Rating"; Value = "uF"; VariantName = "[No Variations]"
Add component (AddParameter): Name = "Values"; Value = "10uF 25V"; VariantName = "[No Variations]"
Add component (AddParameter): Name = "Voltage"; Value = "25V"; VariantName = "[No Variations]"
Added Component: Designator=Logo1(AESK Amblem)
Add component. Clean all parameters for all variants
Added Component: Designator=Logo2(AESK Manufacturing)
Add component. Clean all parameters for all variants
Added Component: Designator=Logo3(AESK Logo)
Add component. Clean all parameters for all variants
Added Component: Designator=Q1(TO-263-7-THERMAL - DUAL)
Add component. Clean all parameters for all variants
Add component (AddParameter): Name = "FET"; Value = "https://www.digikey.com/product-detail/en/infineon-technologies/IPB044N15N5ATMA1/IPB044N15N5ATMA1CT-ND/7667604"; VariantName = "[No Variations]"
Add component (AddParameter): Name = "Heatsink"; Value = "https://www.digikey.com/product-detail/en/aavid-thermal-division-of-boyd-corporation/573300D00010G/HS338CT-ND/1216346"; VariantName = "[No Variations]"
Added Component: Designator=Q2(TO-263-7-THERMAL - DUAL)
Add component. Clean all parameters for all variants
Add component (AddParameter): Name = "FET"; Value = "https://www.digikey.com/product-detail/en/infineon-technologies/IPB044N15N5ATMA1/IPB044N15N5ATMA1CT-ND/7667604"; VariantName = "[No Variations]"
Add component (AddParameter): Name = "Heatsink"; Value = "https://www.digikey.com/product-detail/en/aavid-thermal-division-of-boyd-corporation/573300D00010G/HS338CT-ND/1216346"; VariantName = "[No Variations]"
Added Component: Designator=Q3(TO-263-7-THERMAL - DUAL)
Add component. Clean all parameters for all variants
Add component (AddParameter): Name = "FET"; Value = "https://www.digikey.com/product-detail/en/infineon-technologies/IPB044N15N5ATMA1/IPB044N15N5ATMA1CT-ND/7667604"; VariantName = "[No Variations]"
Add component (AddParameter): Name = "Heatsink"; Value = "https://www.digikey.com/product-detail/en/aavid-thermal-division-of-boyd-corporation/573300D00010G/HS338CT-ND/1216346"; VariantName = "[No Variations]"
Added Component: Designator=Q4(TO-263-7-THERMAL - DUAL)
Add component. Clean all parameters for all variants
Add component (AddParameter): Name = "FET"; Value = "https://www.digikey.com/product-detail/en/infineon-technologies/IPB044N15N5ATMA1/IPB044N15N5ATMA1CT-ND/7667604"; VariantName = "[No Variations]"
Add component (AddParameter): Name = "Heatsink"; Value = "https://www.digikey.com/product-detail/en/aavid-thermal-division-of-boyd-corporation/573300D00010G/HS338CT-ND/1216346"; VariantName = "[No Variations]"
Added Component: Designator=Q5(TO-263-7-THERMAL - DUAL)
Add component. Clean all parameters for all variants
Add component (AddParameter): Name = "FET"; Value = "https://www.digikey.com/product-detail/en/infineon-technologies/IPB044N15N5ATMA1/IPB044N15N5ATMA1CT-ND/7667604"; VariantName = "[No Variations]"
Add component (AddParameter): Name = "Heatsink"; Value = "https://www.digikey.com/product-detail/en/aavid-thermal-division-of-boyd-corporation/573300D00010G/HS338CT-ND/1216346"; VariantName = "[No Variations]"
Added Component: Designator=Q6(TO-263-7-THERMAL - DUAL)
Add component. Clean all parameters for all variants
Add component (AddParameter): Name = "FET"; Value = "https://www.digikey.com/product-detail/en/infineon-technologies/IPB044N15N5ATMA1/IPB044N15N5ATMA1CT-ND/7667604"; VariantName = "[No Variations]"
Add component (AddParameter): Name = "Heatsink"; Value = "https://www.digikey.com/product-detail/en/aavid-thermal-division-of-boyd-corporation/573300D00010G/HS338CT-ND/1216346"; VariantName = "[No Variations]"
Added Component: Designator=R_BUS(Resistor 2512)
Add component. Clean all parameters for all variants
Add component (AddParameter): Name = "ComponentLink1Description"; Value = "http://www.farnell.com/datasheets/1610601.pdf"; VariantName = "[No Variations]"
Add component (AddParameter): Name = "ComponentLink1URL"; Value = "http://www.farnell.com/datasheets/1610601.pdf"; VariantName = "[No Variations]"
Add component (AddParameter): Name = "Manufacturer"; Value = "TE CONNECTIVITY"; VariantName = "[No Variations]"
Add component (AddParameter): Name = "Manufacturer Part Number"; Value = "352124KFT"; VariantName = "[No Variations]"
Add component (AddParameter): Name = "MSL"; Value = "-"; VariantName = "[No Variations]"
Add component (AddParameter): Name = "Packaging"; Value = "Cut Tape"; VariantName = "[No Variations]"
Add component (AddParameter): Name = "Power Rating"; Value = "2"; VariantName = "[No Variations]"
Add component (AddParameter): Name = "Pricing 1"; Value = "1=0.481, 150=0.1603, 400=0.1374, 1000=0.1069, 2000=0.0875, 4000=0.0764, 20000=0.0749, 40000=0.0733 (GBP)"; VariantName = "[No Variations]"
Add component (AddParameter): Name = "Product Range"; Value = "3520 Series"; VariantName = "[No Variations]"
Add component (AddParameter): Name = "Resistance"; Value = "24K"; VariantName = "[No Variations]"
Add component (AddParameter): Name = "Resistance Tolerance"; Value = "± 1%"; VariantName = "[No Variations]"
Add component (AddParameter): Name = "Resistor Case Style"; Value = "2512 [6432 Metric]"; VariantName = "[No Variations]"
Add component (AddParameter): Name = "Resistor Element Material"; Value = "-"; VariantName = "[No Variations]"
Add component (AddParameter): Name = "Resistor Mounting"; Value = "SMD<!--FANDB--><div class="features-and-benefits-container"></div>"; VariantName = "[No Variations]"
Add component (AddParameter): Name = "RoHS"; Value = "YES"; VariantName = "[No Variations]"
Add component (AddParameter): Name = "Stock 1"; Value = "6653"; VariantName = "[No Variations]"
Add component (AddParameter): Name = "Supplier 1"; Value = "Farnell"; VariantName = "[No Variations]"
Add component (AddParameter): Name = "SVHC"; Value = "No SVHC (15-Jun-2015)"; VariantName = "[No Variations]"
Add component (AddParameter): Name = "Temperature Coefficient"; Value = "± 100"; VariantName = "[No Variations]"
Add component (AddParameter): Name = "Voltage Rating"; Value = "250"; VariantName = "[No Variations]"
Added Component: Designator=T1(Screw_M5)
Add component. Clean all parameters for all variants
Add component (AddParameter): Name = "Brand"; Value = "Keystone Electronics"; VariantName = "[No Variations]"
Add component (AddParameter): Name = "Category"; Value = "Terminals"; VariantName = "[No Variations]"
Add component (AddParameter): Name = "ComponentLink1Description"; Value = "http://www.mouser.com/ds/2/215/807-741218.pdf"; VariantName = "[No Variations]"
Add component (AddParameter): Name = "ComponentLink1URL"; Value = "http://www.mouser.com/ds/2/215/807-741218.pdf"; VariantName = "[No Variations]"
Add component (AddParameter): Name = "Contact Material"; Value = "Brass"; VariantName = "[No Variations]"
Add component (AddParameter): Name = "Contact Plating"; Value = "Tin"; VariantName = "[No Variations]"
Add component (AddParameter): Name = "Insulation"; Value = "Not Insulated"; VariantName = "[No Variations]"
Add component (AddParameter): Name = "Manufacturer"; Value = "Keystone Electronics"; VariantName = "[No Variations]"
Add component (AddParameter): Name = "Manufacturer Part Number"; Value = "7807"; VariantName = "[No Variations]"
Add component (AddParameter): Name = "Material"; Value = "Brass"; VariantName = "[No Variations]"
Add component (AddParameter): Name = "Minimum Order Quantity"; Value = "1"; VariantName = "[No Variations]"
Add component (AddParameter): Name = "Packaging"; Value = "Bulk"; VariantName = "[No Variations]"
Add component (AddParameter): Name = "Pricing 1"; Value = "1=1.01, 10=0.974, 50=0.781, 100=0.749, 200=0.683, 500=0.650, 1000=0.539, 2500=0.485, 5000=0.472 (AUD)"; VariantName = "[No Variations]"
Add component (AddParameter): Name = "Product"; Value = "Screw Terminals"; VariantName = "[No Variations]"
Add component (AddParameter): Name = "Product Category"; Value = "Screw Terminals and Screw Blocks"; VariantName = "[No Variations]"
Add component (AddParameter): Name = "Reeling"; Value = "False"; VariantName = "[No Variations]"
Add component (AddParameter): Name = "RoHS"; Value = "RoHS Compliant"; VariantName = "[No Variations]"
Add component (AddParameter): Name = "RoHS - Mouser"; Value = "Y"; VariantName = "[No Variations]"
Add component (AddParameter): Name = "Standard Pack Qty"; Value = "100"; VariantName = "[No Variations]"
Add component (AddParameter): Name = "Stock 1"; Value = "4521"; VariantName = "[No Variations]"
Add component (AddParameter): Name = "Supplier 1"; Value = "Mouser"; VariantName = "[No Variations]"
Add component (AddParameter): Name = "Termination Style"; Value = "Screw"; VariantName = "[No Variations]"
Add component (AddParameter): Name = "Type"; Value = "Power Element"; VariantName = "[No Variations]"
Added Component: Designator=T2(Screw_M5)
Add component. Clean all parameters for all variants
Add component (AddParameter): Name = "Brand"; Value = "Keystone Electronics"; VariantName = "[No Variations]"
Add component (AddParameter): Name = "Category"; Value = "Terminals"; VariantName = "[No Variations]"
Add component (AddParameter): Name = "ComponentLink1Description"; Value = "http://www.mouser.com/ds/2/215/807-741218.pdf"; VariantName = "[No Variations]"
Add component (AddParameter): Name = "ComponentLink1URL"; Value = "http://www.mouser.com/ds/2/215/807-741218.pdf"; VariantName = "[No Variations]"
Add component (AddParameter): Name = "Contact Material"; Value = "Brass"; VariantName = "[No Variations]"
Add component (AddParameter): Name = "Contact Plating"; Value = "Tin"; VariantName = "[No Variations]"
Add component (AddParameter): Name = "Insulation"; Value = "Not Insulated"; VariantName = "[No Variations]"
Add component (AddParameter): Name = "Manufacturer"; Value = "Keystone Electronics"; VariantName = "[No Variations]"
Add component (AddParameter): Name = "Manufacturer Part Number"; Value = "7807"; VariantName = "[No Variations]"
Add component (AddParameter): Name = "Material"; Value = "Brass"; VariantName = "[No Variations]"
Add component (AddParameter): Name = "Minimum Order Quantity"; Value = "1"; VariantName = "[No Variations]"
Add component (AddParameter): Name = "Packaging"; Value = "Bulk"; VariantName = "[No Variations]"
Add component (AddParameter): Name = "Pricing 1"; Value = "1=1.01, 10=0.974, 50=0.781, 100=0.749, 200=0.683, 500=0.650, 1000=0.539, 2500=0.485, 5000=0.472 (AUD)"; VariantName = "[No Variations]"
Add component (AddParameter): Name = "Product"; Value = "Screw Terminals"; VariantName = "[No Variations]"
Add component (AddParameter): Name = "Product Category"; Value = "Screw Terminals and Screw Blocks"; VariantName = "[No Variations]"
Add component (AddParameter): Name = "Reeling"; Value = "False"; VariantName = "[No Variations]"
Add component (AddParameter): Name = "RoHS"; Value = "RoHS Compliant"; VariantName = "[No Variations]"
Add component (AddParameter): Name = "RoHS - Mouser"; Value = "Y"; VariantName = "[No Variations]"
Add component (AddParameter): Name = "Standard Pack Qty"; Value = "100"; VariantName = "[No Variations]"
Add component (AddParameter): Name = "Stock 1"; Value = "4521"; VariantName = "[No Variations]"
Add component (AddParameter): Name = "Supplier 1"; Value = "Mouser"; VariantName = "[No Variations]"
Add component (AddParameter): Name = "Termination Style"; Value = "Screw"; VariantName = "[No Variations]"
Add component (AddParameter): Name = "Type"; Value = "Power Element"; VariantName = "[No Variations]"
Added Component: Designator=T3(Screw_M5)
Add component. Clean all parameters for all variants
Add component (AddParameter): Name = "Brand"; Value = "Keystone Electronics"; VariantName = "[No Variations]"
Add component (AddParameter): Name = "Category"; Value = "Terminals"; VariantName = "[No Variations]"
Add component (AddParameter): Name = "ComponentLink1Description"; Value = "http://www.mouser.com/ds/2/215/807-741218.pdf"; VariantName = "[No Variations]"
Add component (AddParameter): Name = "ComponentLink1URL"; Value = "http://www.mouser.com/ds/2/215/807-741218.pdf"; VariantName = "[No Variations]"
Add component (AddParameter): Name = "Contact Material"; Value = "Brass"; VariantName = "[No Variations]"
Add component (AddParameter): Name = "Contact Plating"; Value = "Tin"; VariantName = "[No Variations]"
Add component (AddParameter): Name = "Insulation"; Value = "Not Insulated"; VariantName = "[No Variations]"
Add component (AddParameter): Name = "Manufacturer"; Value = "Keystone Electronics"; VariantName = "[No Variations]"
Add component (AddParameter): Name = "Manufacturer Part Number"; Value = "7807"; VariantName = "[No Variations]"
Add component (AddParameter): Name = "Material"; Value = "Brass"; VariantName = "[No Variations]"
Add component (AddParameter): Name = "Minimum Order Quantity"; Value = "1"; VariantName = "[No Variations]"
Add component (AddParameter): Name = "Packaging"; Value = "Bulk"; VariantName = "[No Variations]"
Add component (AddParameter): Name = "Pricing 1"; Value = "1=1.01, 10=0.974, 50=0.781, 100=0.749, 200=0.683, 500=0.650, 1000=0.539, 2500=0.485, 5000=0.472 (AUD)"; VariantName = "[No Variations]"
Add component (AddParameter): Name = "Product"; Value = "Screw Terminals"; VariantName = "[No Variations]"
Add component (AddParameter): Name = "Product Category"; Value = "Screw Terminals and Screw Blocks"; VariantName = "[No Variations]"
Add component (AddParameter): Name = "Reeling"; Value = "False"; VariantName = "[No Variations]"
Add component (AddParameter): Name = "RoHS"; Value = "RoHS Compliant"; VariantName = "[No Variations]"
Add component (AddParameter): Name = "RoHS - Mouser"; Value = "Y"; VariantName = "[No Variations]"
Add component (AddParameter): Name = "Standard Pack Qty"; Value = "100"; VariantName = "[No Variations]"
Add component (AddParameter): Name = "Stock 1"; Value = "4521"; VariantName = "[No Variations]"
Add component (AddParameter): Name = "Supplier 1"; Value = "Mouser"; VariantName = "[No Variations]"
Add component (AddParameter): Name = "Termination Style"; Value = "Screw"; VariantName = "[No Variations]"
Add component (AddParameter): Name = "Type"; Value = "Power Element"; VariantName = "[No Variations]"
Added Component: Designator=T4(Screw_M5)
Add component. Clean all parameters for all variants
Add component (AddParameter): Name = "Brand"; Value = "Keystone Electronics"; VariantName = "[No Variations]"
Add component (AddParameter): Name = "Category"; Value = "Terminals"; VariantName = "[No Variations]"
Add component (AddParameter): Name = "ComponentLink1Description"; Value = "http://www.mouser.com/ds/2/215/807-741218.pdf"; VariantName = "[No Variations]"
Add component (AddParameter): Name = "ComponentLink1URL"; Value = "http://www.mouser.com/ds/2/215/807-741218.pdf"; VariantName = "[No Variations]"
Add component (AddParameter): Name = "Contact Material"; Value = "Brass"; VariantName = "[No Variations]"
Add component (AddParameter): Name = "Contact Plating"; Value = "Tin"; VariantName = "[No Variations]"
Add component (AddParameter): Name = "Insulation"; Value = "Not Insulated"; VariantName = "[No Variations]"
Add component (AddParameter): Name = "Manufacturer"; Value = "Keystone Electronics"; VariantName = "[No Variations]"
Add component (AddParameter): Name = "Manufacturer Part Number"; Value = "7807"; VariantName = "[No Variations]"
Add component (AddParameter): Name = "Material"; Value = "Brass"; VariantName = "[No Variations]"
Add component (AddParameter): Name = "Minimum Order Quantity"; Value = "1"; VariantName = "[No Variations]"
Add component (AddParameter): Name = "Packaging"; Value = "Bulk"; VariantName = "[No Variations]"
Add component (AddParameter): Name = "Pricing 1"; Value = "1=1.01, 10=0.974, 50=0.781, 100=0.749, 200=0.683, 500=0.650, 1000=0.539, 2500=0.485, 5000=0.472 (AUD)"; VariantName = "[No Variations]"
Add component (AddParameter): Name = "Product"; Value = "Screw Terminals"; VariantName = "[No Variations]"
Add component (AddParameter): Name = "Product Category"; Value = "Screw Terminals and Screw Blocks"; VariantName = "[No Variations]"
Add component (AddParameter): Name = "Reeling"; Value = "False"; VariantName = "[No Variations]"
Add component (AddParameter): Name = "RoHS"; Value = "RoHS Compliant"; VariantName = "[No Variations]"
Add component (AddParameter): Name = "RoHS - Mouser"; Value = "Y"; VariantName = "[No Variations]"
Add component (AddParameter): Name = "Standard Pack Qty"; Value = "100"; VariantName = "[No Variations]"
Add component (AddParameter): Name = "Stock 1"; Value = "4521"; VariantName = "[No Variations]"
Add component (AddParameter): Name = "Supplier 1"; Value = "Mouser"; VariantName = "[No Variations]"
Add component (AddParameter): Name = "Termination Style"; Value = "Screw"; VariantName = "[No Variations]"
Add component (AddParameter): Name = "Type"; Value = "Power Element"; VariantName = "[No Variations]"
Added Component: Designator=T5(Screw_M5)
Add component. Clean all parameters for all variants
Add component (AddParameter): Name = "Brand"; Value = "Keystone Electronics"; VariantName = "[No Variations]"
Add component (AddParameter): Name = "Category"; Value = "Terminals"; VariantName = "[No Variations]"
Add component (AddParameter): Name = "ComponentLink1Description"; Value = "http://www.mouser.com/ds/2/215/807-741218.pdf"; VariantName = "[No Variations]"
Add component (AddParameter): Name = "ComponentLink1URL"; Value = "http://www.mouser.com/ds/2/215/807-741218.pdf"; VariantName = "[No Variations]"
Add component (AddParameter): Name = "Contact Material"; Value = "Brass"; VariantName = "[No Variations]"
Add component (AddParameter): Name = "Contact Plating"; Value = "Tin"; VariantName = "[No Variations]"
Add component (AddParameter): Name = "Insulation"; Value = "Not Insulated"; VariantName = "[No Variations]"
Add component (AddParameter): Name = "Manufacturer"; Value = "Keystone Electronics"; VariantName = "[No Variations]"
Add component (AddParameter): Name = "Manufacturer Part Number"; Value = "7807"; VariantName = "[No Variations]"
Add component (AddParameter): Name = "Material"; Value = "Brass"; VariantName = "[No Variations]"
Add component (AddParameter): Name = "Minimum Order Quantity"; Value = "1"; VariantName = "[No Variations]"
Add component (AddParameter): Name = "Packaging"; Value = "Bulk"; VariantName = "[No Variations]"
Add component (AddParameter): Name = "Pricing 1"; Value = "1=1.01, 10=0.974, 50=0.781, 100=0.749, 200=0.683, 500=0.650, 1000=0.539, 2500=0.485, 5000=0.472 (AUD)"; VariantName = "[No Variations]"
Add component (AddParameter): Name = "Product"; Value = "Screw Terminals"; VariantName = "[No Variations]"
Add component (AddParameter): Name = "Product Category"; Value = "Screw Terminals and Screw Blocks"; VariantName = "[No Variations]"
Add component (AddParameter): Name = "Reeling"; Value = "False"; VariantName = "[No Variations]"
Add component (AddParameter): Name = "RoHS"; Value = "RoHS Compliant"; VariantName = "[No Variations]"
Add component (AddParameter): Name = "RoHS - Mouser"; Value = "Y"; VariantName = "[No Variations]"
Add component (AddParameter): Name = "Standard Pack Qty"; Value = "100"; VariantName = "[No Variations]"
Add component (AddParameter): Name = "Stock 1"; Value = "4521"; VariantName = "[No Variations]"
Add component (AddParameter): Name = "Supplier 1"; Value = "Mouser"; VariantName = "[No Variations]"
Add component (AddParameter): Name = "Termination Style"; Value = "Screw"; VariantName = "[No Variations]"
Add component (AddParameter): Name = "Type"; Value = "Power Element"; VariantName = "[No Variations]"
Added Component: Designator=U1(ACS770LCB-050B-PFF-T)
Add component. Clean all parameters for all variants
Added Component: Designator=U2(ACS770LCB-050B-PFF-T)
Add component. Clean all parameters for all variants
Added Component: Designator=U3(ACS770LCB-050B-PFF-T)
Add component. Clean all parameters for all variants
Added Component: Designator=U4(ACS770LCB-050B-PFF-T)
Add component. Clean all parameters for all variants
Added Component: Designator=U5(Isolated_Gate_Driver_MCU)
Add component. Clean all parameters for all variants
Add component (AddParameter): Name = "Value"; Value = "AESK Gate Driver"; VariantName = "[No Variations]"
Added Component: Designator=U6(Isolated_Gate_Driver_MCU)
Add component. Clean all parameters for all variants
Add component (AddParameter): Name = "Value"; Value = "AESK Gate Driver"; VariantName = "[No Variations]"
Added Component: Designator=U7(Isolated_Gate_Driver_MCU)
Add component. Clean all parameters for all variants
Add component (AddParameter): Name = "Value"; Value = "AESK Gate Driver"; VariantName = "[No Variations]"
Added Component: Designator=U8(Isolated_Gate_Driver_MCU)
Add component. Clean all parameters for all variants
Add component (AddParameter): Name = "Value"; Value = "AESK Gate Driver"; VariantName = "[No Variations]"
Added Component: Designator=U9(Isolated_Gate_Driver_MCU)
Add component. Clean all parameters for all variants
Add component (AddParameter): Name = "Value"; Value = "AESK Gate Driver"; VariantName = "[No Variations]"
Added Component: Designator=U10(Isolated_Gate_Driver_MCU)
Add component. Clean all parameters for all variants
Add component (AddParameter): Name = "Value"; Value = "AESK Gate Driver"; VariantName = "[No Variations]"
Added Component: Designator=VT_BUS(LV20-P)
Add component. Clean all parameters for all variants
Add component (AddParameter): Name = "Category"; Value = "Sensors, Transducers"; VariantName = "[No Variations]"
Add component (AddParameter): Name = "ComponentLink1Description"; Value = "http://media.digikey.com/pdf/Data%20Sheets/LEM%20USA%20PDFs/LV%2020-P.pdf"; VariantName = "[No Variations]"
Add component (AddParameter): Name = "ComponentLink1URL"; Value = "http://media.digikey.com/pdf/Data%20Sheets/LEM%20USA%20PDFs/LV%2020-P.pdf"; VariantName = "[No Variations]"
Add component (AddParameter): Name = "Manufacturer"; Value = "LEM USA Inc."; VariantName = "[No Variations]"
Add component (AddParameter): Name = "Manufacturer Part Number"; Value = "LV 20-P"; VariantName = "[No Variations]"
Add component (AddParameter): Name = "Output Type"; Value = "Voltage"; VariantName = "[No Variations]"
Add component (AddParameter): Name = "Pricing 1"; Value = "1=42.35, 5=40.426, 10=36.575, 25=33.6876, 50=29.8376, 100=28.875, 250=27.91252, 500=26.95, 1000=25.6025 (USD)"; VariantName = "[No Variations]"
Add component (AddParameter): Name = "RoHS"; Value = "RoHS Compliant"; VariantName = "[No Variations]"
Add component (AddParameter): Name = "Sensor Type"; Value = "Voltage, Closed Loop"; VariantName = "[No Variations]"
Add component (AddParameter): Name = "Stock 1"; Value = "43"; VariantName = "[No Variations]"
Add component (AddParameter): Name = "Supplier 1"; Value = "Digi-Key"; VariantName = "[No Variations]"
Added Pin To Net: NetName=DC_BUS Pin=C1-2
Added Pin To Net: NetName=DC_BUS Pin=C2-2
Added Pin To Net: NetName=DC_BUS Pin=C3-2
Added Pin To Net: NetName=DC_BUS Pin=C4-2
Added Pin To Net: NetName=DC_BUS Pin=C5-2
Added Pin To Net: NetName=DC_BUS Pin=C6-2
Added Pin To Net: NetName=DC_BUS Pin=C7-2
Added Pin To Net: NetName=DC_BUS Pin=C8-2
Added Pin To Net: NetName=DC_BUS Pin=C9-2
Added Pin To Net: NetName=DC_BUS Pin=Q1-D
Added Pin To Net: NetName=PHASE_A Pin=Q1-S
Added Pin To Net: NetName=PHASE_A Pin=Q1-S
Added Pin To Net: NetName=PHASE_A Pin=Q1-S
Added Pin To Net: NetName=PHASE_A Pin=Q1-S
Added Pin To Net: NetName=PHASE_A Pin=Q1-S
Added Pin To Net: NetName=PHASE_A Pin=Q1-S
Added Pin To Net: NetName=PHASE_A Pin=Q1-S
Added Pin To Net: NetName=PHASE_A Pin=Q1-S
Added Pin To Net: NetName=PHASE_A Pin=Q1-S
Added Pin To Net: NetName=PHASE_A Pin=Q1-S
Added Pin To Net: NetName=DC_BUS Pin=Q2-D
Added Pin To Net: NetName=PHASE_B Pin=Q2-S
Added Pin To Net: NetName=PHASE_B Pin=Q2-S
Added Pin To Net: NetName=PHASE_B Pin=Q2-S
Added Pin To Net: NetName=PHASE_B Pin=Q2-S
Added Pin To Net: NetName=PHASE_B Pin=Q2-S
Added Pin To Net: NetName=PHASE_B Pin=Q2-S
Added Pin To Net: NetName=PHASE_B Pin=Q2-S
Added Pin To Net: NetName=PHASE_B Pin=Q2-S
Added Pin To Net: NetName=PHASE_B Pin=Q2-S
Added Pin To Net: NetName=PHASE_B Pin=Q2-S
Added Pin To Net: NetName=DC_BUS Pin=Q3-D
Added Pin To Net: NetName=PHASE_C Pin=Q3-S
Added Pin To Net: NetName=PHASE_C Pin=Q3-S
Added Pin To Net: NetName=PHASE_C Pin=Q3-S
Added Pin To Net: NetName=PHASE_C Pin=Q3-S
Added Pin To Net: NetName=PHASE_C Pin=Q3-S
Added Pin To Net: NetName=PHASE_C Pin=Q3-S
Added Pin To Net: NetName=PHASE_C Pin=Q3-S
Added Pin To Net: NetName=PHASE_C Pin=Q3-S
Added Pin To Net: NetName=PHASE_C Pin=Q3-S
Added Pin To Net: NetName=PHASE_C Pin=Q3-S
Added Pin To Net: NetName=PHASE_A Pin=Q4-D
Added Pin To Net: NetName=PHASE_B Pin=Q5-D
Added Pin To Net: NetName=PHASE_C Pin=Q6-D
Added Pin To Net: NetName=DC_BUS Pin=R_BUS-1
Added Pin To Net: NetName=PHASE_U Pin=T2-1
Added Pin To Net: NetName=PHASE_U Pin=T2-2
Added Pin To Net: NetName=PHASE_U Pin=T2-3
Added Pin To Net: NetName=PHASE_U Pin=T2-4
Added Pin To Net: NetName=PHASE_U Pin=T2-5
Added Pin To Net: NetName=PHASE_U Pin=T2-6
Added Pin To Net: NetName=PHASE_V Pin=T3-1
Added Pin To Net: NetName=PHASE_V Pin=T3-2
Added Pin To Net: NetName=PHASE_V Pin=T3-3
Added Pin To Net: NetName=PHASE_V Pin=T3-4
Added Pin To Net: NetName=PHASE_V Pin=T3-5
Added Pin To Net: NetName=PHASE_V Pin=T3-6
Added Pin To Net: NetName=PHASE_W Pin=T4-1
Added Pin To Net: NetName=PHASE_W Pin=T4-2
Added Pin To Net: NetName=PHASE_W Pin=T4-3
Added Pin To Net: NetName=PHASE_W Pin=T4-4
Added Pin To Net: NetName=PHASE_W Pin=T4-5
Added Pin To Net: NetName=PHASE_W Pin=T4-6
Added Pin To Net: NetName=PHASE_A Pin=U1-4
Added Pin To Net: NetName=PHASE_U Pin=U1-5
Added Pin To Net: NetName=DC_BUS Pin=U2-5
Added Pin To Net: NetName=PHASE_B Pin=U3-4
Added Pin To Net: NetName=PHASE_V Pin=U3-5
Added Pin To Net: NetName=PHASE_C Pin=U4-4
Added Pin To Net: NetName=PHASE_W Pin=U4-5
Added Pin To Net: NetName=PHASE_A Pin=U5-10
Added Pin To Net: NetName=PHASE_A Pin=U5-11
Added Pin To Net: NetName=PHASE_A Pin=U5-12
Added Pin To Net: NetName=PHASE_B Pin=U6-10
Added Pin To Net: NetName=PHASE_B Pin=U6-11
Added Pin To Net: NetName=PHASE_B Pin=U6-12
Added Pin To Net: NetName=PHASE_C Pin=U7-10
Added Pin To Net: NetName=PHASE_C Pin=U7-11
Added Pin To Net: NetName=PHASE_C Pin=U7-12
Added Pin To Net: NetName=+5V_ISO Pin=C12-2
Added Pin To Net: NetName=+5V_ISO Pin=C13-2
Added Pin To Net: NetName=+5V_ISO Pin=C14-2
Added Pin To Net: NetName=+5V_ISO Pin=C15-2
Added Pin To Net: NetName=+5V_ISO Pin=C16-2
Added Pin To Net: NetName=+5V_ISO Pin=C17-2
Added Pin To Net: NetName=+5V_ISO Pin=C18-2
Added Pin To Net: NetName=+5V_ISO Pin=C19-2
Added Pin To Net: NetName=+5V_ISO Pin=U1-1
Added Pin To Net: NetName=+5V_ISO Pin=U2-1
Added Pin To Net: NetName=+5V_ISO Pin=U3-1
Added Pin To Net: NetName=+5V_ISO Pin=U4-1
Added Net: Name=+5V_ISO
Added Pin To Net: NetName=+12V_ISO Pin=C10-2
Added Pin To Net: NetName=+12V_ISO Pin=C11-2
Added Pin To Net: NetName=+12V_ISO Pin=VT_BUS-+
Added Net: Name=+12V_ISO
Added Pin To Net: NetName=-12V_ISO Pin=C10-1
Added Pin To Net: NetName=-12V_ISO Pin=C11-1
Added Pin To Net: NetName=-12V_ISO Pin=VT_BUS--
Added Net: Name=-12V_ISO
Added Pin To Net: NetName=CS_PHASE_A Pin=U1-3
Added Net: Name=CS_PHASE_A
Added Pin To Net: NetName=CS_PHASE_B Pin=U3-3
Added Net: Name=CS_PHASE_B
Added Pin To Net: NetName=CS_PHASE_C Pin=U4-3
Added Net: Name=CS_PHASE_C
Added Pin To Net: NetName=DC_BUS_IN Pin=T1-1
Added Pin To Net: NetName=DC_BUS_IN Pin=T1-2
Added Pin To Net: NetName=DC_BUS_IN Pin=T1-3
Added Pin To Net: NetName=DC_BUS_IN Pin=T1-4
Added Pin To Net: NetName=DC_BUS_IN Pin=T1-5
Added Pin To Net: NetName=DC_BUS_IN Pin=T1-6
Added Pin To Net: NetName=DC_BUS_IN Pin=U2-4
Added Net: Name=DC_BUS_IN
Added Pin To Net: NetName=Gate.A.H Pin=Q1-G
Added Pin To Net: NetName=Gate.A.H Pin=Q1-G
Added Pin To Net: NetName=Gate.A.H Pin=U5-7
Added Pin To Net: NetName=Gate.A.H Pin=U5-8
Added Pin To Net: NetName=Gate.A.H Pin=U5-9
Added Net: Name=Gate.A.H
Added Pin To Net: NetName=Gate.A.L Pin=Q4-G
Added Pin To Net: NetName=Gate.A.L Pin=Q4-G
Added Pin To Net: NetName=Gate.A.L Pin=U8-7
Added Pin To Net: NetName=Gate.A.L Pin=U8-8
Added Pin To Net: NetName=Gate.A.L Pin=U8-9
Added Net: Name=Gate.A.L
Added Pin To Net: NetName=Gate.B.H Pin=Q2-G
Added Pin To Net: NetName=Gate.B.H Pin=Q2-G
Added Pin To Net: NetName=Gate.B.H Pin=U6-7
Added Pin To Net: NetName=Gate.B.H Pin=U6-8
Added Pin To Net: NetName=Gate.B.H Pin=U6-9
Added Net: Name=Gate.B.H
Added Pin To Net: NetName=Gate.B.L Pin=Q5-G
Added Pin To Net: NetName=Gate.B.L Pin=Q5-G
Added Pin To Net: NetName=Gate.B.L Pin=U9-7
Added Pin To Net: NetName=Gate.B.L Pin=U9-8
Added Pin To Net: NetName=Gate.B.L Pin=U9-9
Added Net: Name=Gate.B.L
Added Pin To Net: NetName=Gate.C.H Pin=Q3-G
Added Pin To Net: NetName=Gate.C.H Pin=Q3-G
Added Pin To Net: NetName=Gate.C.H Pin=U7-7
Added Pin To Net: NetName=Gate.C.H Pin=U7-8
Added Pin To Net: NetName=Gate.C.H Pin=U7-9
Added Net: Name=Gate.C.H
Added Pin To Net: NetName=Gate.C.L Pin=Q6-G
Added Pin To Net: NetName=Gate.C.L Pin=Q6-G
Added Pin To Net: NetName=Gate.C.L Pin=U10-7
Added Pin To Net: NetName=Gate.C.L Pin=U10-8
Added Pin To Net: NetName=Gate.C.L Pin=U10-9
Added Net: Name=Gate.C.L
Added Pin To Net: NetName=GND_ISO Pin=C12-1
Added Pin To Net: NetName=GND_ISO Pin=C13-1
Added Pin To Net: NetName=GND_ISO Pin=C14-1
Added Pin To Net: NetName=GND_ISO Pin=C15-1
Added Pin To Net: NetName=GND_ISO Pin=C16-1
Added Pin To Net: NetName=GND_ISO Pin=C17-1
Added Pin To Net: NetName=GND_ISO Pin=C18-1
Added Pin To Net: NetName=GND_ISO Pin=C19-1
Added Pin To Net: NetName=GND_ISO Pin=U1-2
Added Pin To Net: NetName=GND_ISO Pin=U2-2
Added Pin To Net: NetName=GND_ISO Pin=U3-2
Added Pin To Net: NetName=GND_ISO Pin=U4-2
Added Net: Name=GND_ISO
Added Pin To Net: NetName=I_DC_BUS Pin=U2-3
Added Net: Name=I_DC_BUS
Added Pin To Net: NetName=NetR_BUS_2 Pin=R_BUS-2
Added Pin To Net: NetName=NetR_BUS_2 Pin=VT_BUS-+HT
Added Net: Name=NetR_BUS_2
Added Pin To Net: NetName=Source.A.L Pin=C1-1
Added Pin To Net: NetName=Source.A.L Pin=C2-1
Added Pin To Net: NetName=Source.A.L Pin=C3-1
Added Pin To Net: NetName=Source.A.L Pin=C4-1
Added Pin To Net: NetName=Source.A.L Pin=C5-1
Added Pin To Net: NetName=Source.A.L Pin=C6-1
Added Pin To Net: NetName=Source.A.L Pin=C7-1
Added Pin To Net: NetName=Source.A.L Pin=C8-1
Added Pin To Net: NetName=Source.A.L Pin=C9-1
Added Pin To Net: NetName=Source.A.L Pin=Q4-S
Added Pin To Net: NetName=Source.A.L Pin=Q4-S
Added Pin To Net: NetName=Source.A.L Pin=Q4-S
Added Pin To Net: NetName=Source.A.L Pin=Q4-S
Added Pin To Net: NetName=Source.A.L Pin=Q4-S
Added Pin To Net: NetName=Source.A.L Pin=Q4-S
Added Pin To Net: NetName=Source.A.L Pin=Q4-S
Added Pin To Net: NetName=Source.A.L Pin=Q4-S
Added Pin To Net: NetName=Source.A.L Pin=Q4-S
Added Pin To Net: NetName=Source.A.L Pin=Q4-S
Added Pin To Net: NetName=Source.A.L Pin=Q5-S
Added Pin To Net: NetName=Source.A.L Pin=Q5-S
Added Pin To Net: NetName=Source.A.L Pin=Q5-S
Added Pin To Net: NetName=Source.A.L Pin=Q5-S
Added Pin To Net: NetName=Source.A.L Pin=Q5-S
Added Pin To Net: NetName=Source.A.L Pin=Q5-S
Added Pin To Net: NetName=Source.A.L Pin=Q5-S
Added Pin To Net: NetName=Source.A.L Pin=Q5-S
Added Pin To Net: NetName=Source.A.L Pin=Q5-S
Added Pin To Net: NetName=Source.A.L Pin=Q5-S
Added Pin To Net: NetName=Source.A.L Pin=Q6-S
Added Pin To Net: NetName=Source.A.L Pin=Q6-S
Added Pin To Net: NetName=Source.A.L Pin=Q6-S
Added Pin To Net: NetName=Source.A.L Pin=Q6-S
Added Pin To Net: NetName=Source.A.L Pin=Q6-S
Added Pin To Net: NetName=Source.A.L Pin=Q6-S
Added Pin To Net: NetName=Source.A.L Pin=Q6-S
Added Pin To Net: NetName=Source.A.L Pin=Q6-S
Added Pin To Net: NetName=Source.A.L Pin=Q6-S
Added Pin To Net: NetName=Source.A.L Pin=Q6-S
Added Pin To Net: NetName=Source.A.L Pin=T5-1
Added Pin To Net: NetName=Source.A.L Pin=T5-2
Added Pin To Net: NetName=Source.A.L Pin=T5-3
Added Pin To Net: NetName=Source.A.L Pin=T5-4
Added Pin To Net: NetName=Source.A.L Pin=T5-5
Added Pin To Net: NetName=Source.A.L Pin=T5-6
Added Pin To Net: NetName=Source.A.L Pin=U8-10
Added Pin To Net: NetName=Source.A.L Pin=U8-11
Added Pin To Net: NetName=Source.A.L Pin=U8-12
Added Pin To Net: NetName=Source.A.L Pin=U9-10
Added Pin To Net: NetName=Source.A.L Pin=U9-11
Added Pin To Net: NetName=Source.A.L Pin=U9-12
Added Pin To Net: NetName=Source.A.L Pin=U10-10
Added Pin To Net: NetName=Source.A.L Pin=U10-11
Added Pin To Net: NetName=Source.A.L Pin=U10-12
Added Pin To Net: NetName=Source.A.L Pin=VT_BUS--HT
Added Net: Name=Source.A.L
Added Pin To Net: NetName=V_DC_BUS Pin=VT_BUS-M
Added Net: Name=V_DC_BUS
Added Class: Name=[5] - Voltage Sensors
Added Class: Name=[6] - Current Sensors
Added Class: Name=[7] - Snubbers
Added Class: Name=[9] - Logo,MH etc.
Added Member To Class: ClassName=[3] - Inverter Member=Component C1 1600UF CAP
Added Member To Class: ClassName=[3] - Inverter Member=Component C2 1600UF CAP
Added Member To Class: ClassName=[3] - Inverter Member=Component C3 1600UF CAP
Added Member To Class: ClassName=[3] - Inverter Member=Component C4 1600UF CAP
Added Member To Class: ClassName=[3] - Inverter Member=Component C5 1600UF CAP
Added Member To Class: ClassName=[3] - Inverter Member=Component C6 1600UF CAP
Added Member To Class: ClassName=[3] - Inverter Member=Component C7 Film Cap
Added Member To Class: ClassName=[3] - Inverter Member=Component C8 Film Cap
Added Member To Class: ClassName=[3] - Inverter Member=Component C9 Film Cap
Added Member To Class: ClassName=[3] - Inverter Member=Component Q1 IPB044N15N5 G DUAL
Added Member To Class: ClassName=[3] - Inverter Member=Component Q2 IPB044N15N5 G DUAL
Added Member To Class: ClassName=[3] - Inverter Member=Component Q3 IPB044N15N5 G DUAL
Added Member To Class: ClassName=[3] - Inverter Member=Component Q4 IPB044N15N5 G DUAL
Added Member To Class: ClassName=[3] - Inverter Member=Component Q5 IPB044N15N5 G DUAL
Added Member To Class: ClassName=[3] - Inverter Member=Component Q6 IPB044N15N5 G DUAL
Added Room: Name=[3] - Inverter
Added Room: Name=[5] - Voltage Sensors
Added Room: Name=[6] - Current Sensors
Added Room: Name=[7] - Snubbers
Added Room: Name=[9] - Logo,MH etc.
