Added Component: Designator=C1(TH 22 X 25 mm)
Add component. Clean all parameters for all variants
Add component (AddParameter): Name = "Applications"; Value = "Automotive"; VariantName = "[No Variations]"
Add component (AddParameter): Name = "Capacitance"; Value = "1600µF"; VariantName = "[No Variations]"
Add component (AddParameter): Name = "Category"; Value = "Capacitors"; VariantName = "[No Variations]"
Add component (AddParameter): Name = "ComponentLink1Description"; Value = "http://www.chemi-con.co.jp/cgi-bin/CAT_DB/SEARCH/cat_db_al.cgi?e=e&j=p&pdfname=gpd"; VariantName = "[No Variations]"
Add component (AddParameter): Name = "ComponentLink1URL"; Value = "http://www.chemi-con.co.jp/cgi-bin/CAT_DB/SEARCH/cat_db_al.cgi?e=e&j=p&pdfname=gpd"; VariantName = "[No Variations]"
Add component (AddParameter): Name = "ESR (Equivalent Series Resistance)"; Value = "21 mOhm"; VariantName = "[No Variations]"
Add component (AddParameter): Name = "Height - Seated (Max)"; Value = "1.634" (41.50mm)"; VariantName = "[No Variations]"
Add component (AddParameter): Name = "Impedance"; Value = "-"; VariantName = "[No Variations]"
Add component (AddParameter): Name = "Lead Spacing"; Value = "0.295" (7.50mm)"; VariantName = "[No Variations]"
Add component (AddParameter): Name = "Lifetime @ Temp."; Value = "-"; VariantName = "[No Variations]"
Add component (AddParameter): Name = "Manufacturer"; Value = "United Chemi-Con"; VariantName = "[No Variations]"
Add component (AddParameter): Name = "Manufacturer Part Number"; Value = "EGPD800ELL162MM40H"; VariantName = "[No Variations]"
Add component (AddParameter): Name = "Mounting Type"; Value = "Through Hole"; VariantName = "[No Variations]"
Add component (AddParameter): Name = "Operating Temperature"; Value = "-40°C ~ 135°C"; VariantName = "[No Variations]"
Add component (AddParameter): Name = "Package / Case"; Value = "Radial, Can"; VariantName = "[No Variations]"
Add component (AddParameter): Name = "Packaging"; Value = "Bulk"; VariantName = "[No Variations]"
Add component (AddParameter): Name = "Pricing 1"; Value = "1=3.81, 10=3.43, 100=2.5913, 250=2.28644, 500=2.134, 1000=1.98158, 5000=1.90536, 10000=1.89012, 25000=1.82915 (USD)"; VariantName = "[No Variations]"
Add component (AddParameter): Name = "Ripple Current"; Value = "3.82A"; VariantName = "[No Variations]"
Add component (AddParameter): Name = "RoHS"; Value = "RoHS Compliant"; VariantName = "[No Variations]"
Add component (AddParameter): Name = "Size / Dimension"; Value = "0.709" Dia (18.00mm)"; VariantName = "[No Variations]"
Add component (AddParameter): Name = "Stock 1"; Value = "215"; VariantName = "[No Variations]"
Add component (AddParameter): Name = "Supplier 1"; Value = "Digi-Key"; VariantName = "[No Variations]"
Add component (AddParameter): Name = "Surface Mount Land Size"; Value = "-"; VariantName = "[No Variations]"
Add component (AddParameter): Name = "Tolerance"; Value = "±20%"; VariantName = "[No Variations]"
Add component (AddParameter): Name = "Type"; Value = "-"; VariantName = "[No Variations]"
Add component (AddParameter): Name = "Voltage Rating"; Value = "80V"; VariantName = "[No Variations]"
Added Component: Designator=C2(TH 22 X 25 mm)
Add component. Clean all parameters for all variants
Add component (AddParameter): Name = "Applications"; Value = "Automotive"; VariantName = "[No Variations]"
Add component (AddParameter): Name = "Capacitance"; Value = "1600µF"; VariantName = "[No Variations]"
Add component (AddParameter): Name = "Category"; Value = "Capacitors"; VariantName = "[No Variations]"
Add component (AddParameter): Name = "ComponentLink1Description"; Value = "http://www.chemi-con.co.jp/cgi-bin/CAT_DB/SEARCH/cat_db_al.cgi?e=e&j=p&pdfname=gpd"; VariantName = "[No Variations]"
Add component (AddParameter): Name = "ComponentLink1URL"; Value = "http://www.chemi-con.co.jp/cgi-bin/CAT_DB/SEARCH/cat_db_al.cgi?e=e&j=p&pdfname=gpd"; VariantName = "[No Variations]"
Add component (AddParameter): Name = "ESR (Equivalent Series Resistance)"; Value = "21 mOhm"; VariantName = "[No Variations]"
Add component (AddParameter): Name = "Height - Seated (Max)"; Value = "1.634" (41.50mm)"; VariantName = "[No Variations]"
Add component (AddParameter): Name = "Impedance"; Value = "-"; VariantName = "[No Variations]"
Add component (AddParameter): Name = "Lead Spacing"; Value = "0.295" (7.50mm)"; VariantName = "[No Variations]"
Add component (AddParameter): Name = "Lifetime @ Temp."; Value = "-"; VariantName = "[No Variations]"
Add component (AddParameter): Name = "Manufacturer"; Value = "United Chemi-Con"; VariantName = "[No Variations]"
Add component (AddParameter): Name = "Manufacturer Part Number"; Value = "EGPD800ELL162MM40H"; VariantName = "[No Variations]"
Add component (AddParameter): Name = "Mounting Type"; Value = "Through Hole"; VariantName = "[No Variations]"
Add component (AddParameter): Name = "Operating Temperature"; Value = "-40°C ~ 135°C"; VariantName = "[No Variations]"
Add component (AddParameter): Name = "Package / Case"; Value = "Radial, Can"; VariantName = "[No Variations]"
Add component (AddParameter): Name = "Packaging"; Value = "Bulk"; VariantName = "[No Variations]"
Add component (AddParameter): Name = "Pricing 1"; Value = "1=3.81, 10=3.43, 100=2.5913, 250=2.28644, 500=2.134, 1000=1.98158, 5000=1.90536, 10000=1.89012, 25000=1.82915 (USD)"; VariantName = "[No Variations]"
Add component (AddParameter): Name = "Ripple Current"; Value = "3.82A"; VariantName = "[No Variations]"
Add component (AddParameter): Name = "RoHS"; Value = "RoHS Compliant"; VariantName = "[No Variations]"
Add component (AddParameter): Name = "Size / Dimension"; Value = "0.709" Dia (18.00mm)"; VariantName = "[No Variations]"
Add component (AddParameter): Name = "Stock 1"; Value = "215"; VariantName = "[No Variations]"
Add component (AddParameter): Name = "Supplier 1"; Value = "Digi-Key"; VariantName = "[No Variations]"
Add component (AddParameter): Name = "Surface Mount Land Size"; Value = "-"; VariantName = "[No Variations]"
Add component (AddParameter): Name = "Tolerance"; Value = "±20%"; VariantName = "[No Variations]"
Add component (AddParameter): Name = "Type"; Value = "-"; VariantName = "[No Variations]"
Add component (AddParameter): Name = "Voltage Rating"; Value = "80V"; VariantName = "[No Variations]"
Added Component: Designator=C3(TH 22 X 25 mm)
Add component. Clean all parameters for all variants
Add component (AddParameter): Name = "Applications"; Value = "Automotive"; VariantName = "[No Variations]"
Add component (AddParameter): Name = "Capacitance"; Value = "1600µF"; VariantName = "[No Variations]"
Add component (AddParameter): Name = "Category"; Value = "Capacitors"; VariantName = "[No Variations]"
Add component (AddParameter): Name = "ComponentLink1Description"; Value = "http://www.chemi-con.co.jp/cgi-bin/CAT_DB/SEARCH/cat_db_al.cgi?e=e&j=p&pdfname=gpd"; VariantName = "[No Variations]"
Add component (AddParameter): Name = "ComponentLink1URL"; Value = "http://www.chemi-con.co.jp/cgi-bin/CAT_DB/SEARCH/cat_db_al.cgi?e=e&j=p&pdfname=gpd"; VariantName = "[No Variations]"
Add component (AddParameter): Name = "ESR (Equivalent Series Resistance)"; Value = "21 mOhm"; VariantName = "[No Variations]"
Add component (AddParameter): Name = "Height - Seated (Max)"; Value = "1.634" (41.50mm)"; VariantName = "[No Variations]"
Add component (AddParameter): Name = "Impedance"; Value = "-"; VariantName = "[No Variations]"
Add component (AddParameter): Name = "Lead Spacing"; Value = "0.295" (7.50mm)"; VariantName = "[No Variations]"
Add component (AddParameter): Name = "Lifetime @ Temp."; Value = "-"; VariantName = "[No Variations]"
Add component (AddParameter): Name = "Manufacturer"; Value = "United Chemi-Con"; VariantName = "[No Variations]"
Add component (AddParameter): Name = "Manufacturer Part Number"; Value = "EGPD800ELL162MM40H"; VariantName = "[No Variations]"
Add component (AddParameter): Name = "Mounting Type"; Value = "Through Hole"; VariantName = "[No Variations]"
Add component (AddParameter): Name = "Operating Temperature"; Value = "-40°C ~ 135°C"; VariantName = "[No Variations]"
Add component (AddParameter): Name = "Package / Case"; Value = "Radial, Can"; VariantName = "[No Variations]"
Add component (AddParameter): Name = "Packaging"; Value = "Bulk"; VariantName = "[No Variations]"
Add component (AddParameter): Name = "Pricing 1"; Value = "1=3.81, 10=3.43, 100=2.5913, 250=2.28644, 500=2.134, 1000=1.98158, 5000=1.90536, 10000=1.89012, 25000=1.82915 (USD)"; VariantName = "[No Variations]"
Add component (AddParameter): Name = "Ripple Current"; Value = "3.82A"; VariantName = "[No Variations]"
Add component (AddParameter): Name = "RoHS"; Value = "RoHS Compliant"; VariantName = "[No Variations]"
Add component (AddParameter): Name = "Size / Dimension"; Value = "0.709" Dia (18.00mm)"; VariantName = "[No Variations]"
Add component (AddParameter): Name = "Stock 1"; Value = "215"; VariantName = "[No Variations]"
Add component (AddParameter): Name = "Supplier 1"; Value = "Digi-Key"; VariantName = "[No Variations]"
Add component (AddParameter): Name = "Surface Mount Land Size"; Value = "-"; VariantName = "[No Variations]"
Add component (AddParameter): Name = "Tolerance"; Value = "±20%"; VariantName = "[No Variations]"
Add component (AddParameter): Name = "Type"; Value = "-"; VariantName = "[No Variations]"
Add component (AddParameter): Name = "Voltage Rating"; Value = "80V"; VariantName = "[No Variations]"
Added Component: Designator=C4(TH 22 X 25 mm)
Add component. Clean all parameters for all variants
Add component (AddParameter): Name = "Applications"; Value = "Automotive"; VariantName = "[No Variations]"
Add component (AddParameter): Name = "Capacitance"; Value = "1600µF"; VariantName = "[No Variations]"
Add component (AddParameter): Name = "Category"; Value = "Capacitors"; VariantName = "[No Variations]"
Add component (AddParameter): Name = "ComponentLink1Description"; Value = "http://www.chemi-con.co.jp/cgi-bin/CAT_DB/SEARCH/cat_db_al.cgi?e=e&j=p&pdfname=gpd"; VariantName = "[No Variations]"
Add component (AddParameter): Name = "ComponentLink1URL"; Value = "http://www.chemi-con.co.jp/cgi-bin/CAT_DB/SEARCH/cat_db_al.cgi?e=e&j=p&pdfname=gpd"; VariantName = "[No Variations]"
Add component (AddParameter): Name = "ESR (Equivalent Series Resistance)"; Value = "21 mOhm"; VariantName = "[No Variations]"
Add component (AddParameter): Name = "Height - Seated (Max)"; Value = "1.634" (41.50mm)"; VariantName = "[No Variations]"
Add component (AddParameter): Name = "Impedance"; Value = "-"; VariantName = "[No Variations]"
Add component (AddParameter): Name = "Lead Spacing"; Value = "0.295" (7.50mm)"; VariantName = "[No Variations]"
Add component (AddParameter): Name = "Lifetime @ Temp."; Value = "-"; VariantName = "[No Variations]"
Add component (AddParameter): Name = "Manufacturer"; Value = "United Chemi-Con"; VariantName = "[No Variations]"
Add component (AddParameter): Name = "Manufacturer Part Number"; Value = "EGPD800ELL162MM40H"; VariantName = "[No Variations]"
Add component (AddParameter): Name = "Mounting Type"; Value = "Through Hole"; VariantName = "[No Variations]"
Add component (AddParameter): Name = "Operating Temperature"; Value = "-40°C ~ 135°C"; VariantName = "[No Variations]"
Add component (AddParameter): Name = "Package / Case"; Value = "Radial, Can"; VariantName = "[No Variations]"
Add component (AddParameter): Name = "Packaging"; Value = "Bulk"; VariantName = "[No Variations]"
Add component (AddParameter): Name = "Pricing 1"; Value = "1=3.81, 10=3.43, 100=2.5913, 250=2.28644, 500=2.134, 1000=1.98158, 5000=1.90536, 10000=1.89012, 25000=1.82915 (USD)"; VariantName = "[No Variations]"
Add component (AddParameter): Name = "Ripple Current"; Value = "3.82A"; VariantName = "[No Variations]"
Add component (AddParameter): Name = "RoHS"; Value = "RoHS Compliant"; VariantName = "[No Variations]"
Add component (AddParameter): Name = "Size / Dimension"; Value = "0.709" Dia (18.00mm)"; VariantName = "[No Variations]"
Add component (AddParameter): Name = "Stock 1"; Value = "215"; VariantName = "[No Variations]"
Add component (AddParameter): Name = "Supplier 1"; Value = "Digi-Key"; VariantName = "[No Variations]"
Add component (AddParameter): Name = "Surface Mount Land Size"; Value = "-"; VariantName = "[No Variations]"
Add component (AddParameter): Name = "Tolerance"; Value = "±20%"; VariantName = "[No Variations]"
Add component (AddParameter): Name = "Type"; Value = "-"; VariantName = "[No Variations]"
Add component (AddParameter): Name = "Voltage Rating"; Value = "80V"; VariantName = "[No Variations]"
Added Component: Designator=C5(TH 22 X 25 mm)
Add component. Clean all parameters for all variants
Add component (AddParameter): Name = "Applications"; Value = "Automotive"; VariantName = "[No Variations]"
Add component (AddParameter): Name = "Capacitance"; Value = "1600µF"; VariantName = "[No Variations]"
Add component (AddParameter): Name = "Category"; Value = "Capacitors"; VariantName = "[No Variations]"
Add component (AddParameter): Name = "ComponentLink1Description"; Value = "http://www.chemi-con.co.jp/cgi-bin/CAT_DB/SEARCH/cat_db_al.cgi?e=e&j=p&pdfname=gpd"; VariantName = "[No Variations]"
Add component (AddParameter): Name = "ComponentLink1URL"; Value = "http://www.chemi-con.co.jp/cgi-bin/CAT_DB/SEARCH/cat_db_al.cgi?e=e&j=p&pdfname=gpd"; VariantName = "[No Variations]"
Add component (AddParameter): Name = "ESR (Equivalent Series Resistance)"; Value = "21 mOhm"; VariantName = "[No Variations]"
Add component (AddParameter): Name = "Height - Seated (Max)"; Value = "1.634" (41.50mm)"; VariantName = "[No Variations]"
Add component (AddParameter): Name = "Impedance"; Value = "-"; VariantName = "[No Variations]"
Add component (AddParameter): Name = "Lead Spacing"; Value = "0.295" (7.50mm)"; VariantName = "[No Variations]"
Add component (AddParameter): Name = "Lifetime @ Temp."; Value = "-"; VariantName = "[No Variations]"
Add component (AddParameter): Name = "Manufacturer"; Value = "United Chemi-Con"; VariantName = "[No Variations]"
Add component (AddParameter): Name = "Manufacturer Part Number"; Value = "EGPD800ELL162MM40H"; VariantName = "[No Variations]"
Add component (AddParameter): Name = "Mounting Type"; Value = "Through Hole"; VariantName = "[No Variations]"
Add component (AddParameter): Name = "Operating Temperature"; Value = "-40°C ~ 135°C"; VariantName = "[No Variations]"
Add component (AddParameter): Name = "Package / Case"; Value = "Radial, Can"; VariantName = "[No Variations]"
Add component (AddParameter): Name = "Packaging"; Value = "Bulk"; VariantName = "[No Variations]"
Add component (AddParameter): Name = "Pricing 1"; Value = "1=3.81, 10=3.43, 100=2.5913, 250=2.28644, 500=2.134, 1000=1.98158, 5000=1.90536, 10000=1.89012, 25000=1.82915 (USD)"; VariantName = "[No Variations]"
Add component (AddParameter): Name = "Ripple Current"; Value = "3.82A"; VariantName = "[No Variations]"
Add component (AddParameter): Name = "RoHS"; Value = "RoHS Compliant"; VariantName = "[No Variations]"
Add component (AddParameter): Name = "Size / Dimension"; Value = "0.709" Dia (18.00mm)"; VariantName = "[No Variations]"
Add component (AddParameter): Name = "Stock 1"; Value = "215"; VariantName = "[No Variations]"
Add component (AddParameter): Name = "Supplier 1"; Value = "Digi-Key"; VariantName = "[No Variations]"
Add component (AddParameter): Name = "Surface Mount Land Size"; Value = "-"; VariantName = "[No Variations]"
Add component (AddParameter): Name = "Tolerance"; Value = "±20%"; VariantName = "[No Variations]"
Add component (AddParameter): Name = "Type"; Value = "-"; VariantName = "[No Variations]"
Add component (AddParameter): Name = "Voltage Rating"; Value = "80V"; VariantName = "[No Variations]"
Added Component: Designator=C6(TH 22 X 25 mm)
Add component. Clean all parameters for all variants
Add component (AddParameter): Name = "Applications"; Value = "Automotive"; VariantName = "[No Variations]"
Add component (AddParameter): Name = "Capacitance"; Value = "1600µF"; VariantName = "[No Variations]"
Add component (AddParameter): Name = "Category"; Value = "Capacitors"; VariantName = "[No Variations]"
Add component (AddParameter): Name = "ComponentLink1Description"; Value = "http://www.chemi-con.co.jp/cgi-bin/CAT_DB/SEARCH/cat_db_al.cgi?e=e&j=p&pdfname=gpd"; VariantName = "[No Variations]"
Add component (AddParameter): Name = "ComponentLink1URL"; Value = "http://www.chemi-con.co.jp/cgi-bin/CAT_DB/SEARCH/cat_db_al.cgi?e=e&j=p&pdfname=gpd"; VariantName = "[No Variations]"
Add component (AddParameter): Name = "ESR (Equivalent Series Resistance)"; Value = "21 mOhm"; VariantName = "[No Variations]"
Add component (AddParameter): Name = "Height - Seated (Max)"; Value = "1.634" (41.50mm)"; VariantName = "[No Variations]"
Add component (AddParameter): Name = "Impedance"; Value = "-"; VariantName = "[No Variations]"
Add component (AddParameter): Name = "Lead Spacing"; Value = "0.295" (7.50mm)"; VariantName = "[No Variations]"
Add component (AddParameter): Name = "Lifetime @ Temp."; Value = "-"; VariantName = "[No Variations]"
Add component (AddParameter): Name = "Manufacturer"; Value = "United Chemi-Con"; VariantName = "[No Variations]"
Add component (AddParameter): Name = "Manufacturer Part Number"; Value = "EGPD800ELL162MM40H"; VariantName = "[No Variations]"
Add component (AddParameter): Name = "Mounting Type"; Value = "Through Hole"; VariantName = "[No Variations]"
Add component (AddParameter): Name = "Operating Temperature"; Value = "-40°C ~ 135°C"; VariantName = "[No Variations]"
Add component (AddParameter): Name = "Package / Case"; Value = "Radial, Can"; VariantName = "[No Variations]"
Add component (AddParameter): Name = "Packaging"; Value = "Bulk"; VariantName = "[No Variations]"
Add component (AddParameter): Name = "Pricing 1"; Value = "1=3.81, 10=3.43, 100=2.5913, 250=2.28644, 500=2.134, 1000=1.98158, 5000=1.90536, 10000=1.89012, 25000=1.82915 (USD)"; VariantName = "[No Variations]"
Add component (AddParameter): Name = "Ripple Current"; Value = "3.82A"; VariantName = "[No Variations]"
Add component (AddParameter): Name = "RoHS"; Value = "RoHS Compliant"; VariantName = "[No Variations]"
Add component (AddParameter): Name = "Size / Dimension"; Value = "0.709" Dia (18.00mm)"; VariantName = "[No Variations]"
Add component (AddParameter): Name = "Stock 1"; Value = "215"; VariantName = "[No Variations]"
Add component (AddParameter): Name = "Supplier 1"; Value = "Digi-Key"; VariantName = "[No Variations]"
Add component (AddParameter): Name = "Surface Mount Land Size"; Value = "-"; VariantName = "[No Variations]"
Add component (AddParameter): Name = "Tolerance"; Value = "±20%"; VariantName = "[No Variations]"
Add component (AddParameter): Name = "Type"; Value = "-"; VariantName = "[No Variations]"
Add component (AddParameter): Name = "Voltage Rating"; Value = "80V"; VariantName = "[No Variations]"
Added Component: Designator=C7(Film_Cap)
Add component. Clean all parameters for all variants
Add component (AddParameter): Name = "Digikey"; Value = "https://www.digikey.com/product-detail/en/vishay-bc-components/MKP1848S62070JP2F/BC2781-ND/3053106"; VariantName = "[No Variations]"
Add component (AddParameter): Name = "ESR"; Value = "6.5 mOhm"; VariantName = "[No Variations]"
Add component (AddParameter): Name = "Tolarence"; Value = "+-5 %"; VariantName = "[No Variations]"
Add component (AddParameter): Name = "Value"; Value = "20 uF"; VariantName = "[No Variations]"
Add component (AddParameter): Name = "Voltage"; Value = "700 V"; VariantName = "[No Variations]"
Added Component: Designator=C8(Film_Cap)
Add component. Clean all parameters for all variants
Add component (AddParameter): Name = "Digikey"; Value = "https://www.digikey.com/product-detail/en/vishay-bc-components/MKP1848S62070JP2F/BC2781-ND/3053106"; VariantName = "[No Variations]"
Add component (AddParameter): Name = "ESR"; Value = "6.5 mOhm"; VariantName = "[No Variations]"
Add component (AddParameter): Name = "Tolarence"; Value = "+-5 %"; VariantName = "[No Variations]"
Add component (AddParameter): Name = "Value"; Value = "20 uF"; VariantName = "[No Variations]"
Add component (AddParameter): Name = "Voltage"; Value = "700 V"; VariantName = "[No Variations]"
Added Component: Designator=C9(Film_Cap)
Add component. Clean all parameters for all variants
Add component (AddParameter): Name = "Digikey"; Value = "https://www.digikey.com/product-detail/en/vishay-bc-components/MKP1848S62070JP2F/BC2781-ND/3053106"; VariantName = "[No Variations]"
Add component (AddParameter): Name = "ESR"; Value = "6.5 mOhm"; VariantName = "[No Variations]"
Add component (AddParameter): Name = "Tolarence"; Value = "+-5 %"; VariantName = "[No Variations]"
Add component (AddParameter): Name = "Value"; Value = "20 uF"; VariantName = "[No Variations]"
Add component (AddParameter): Name = "Voltage"; Value = "700 V"; VariantName = "[No Variations]"
Added Component: Designator=Q1(TO-263-7-THERMAL - DUAL)
Add component. Clean all parameters for all variants
Add component (AddParameter): Name = "FET"; Value = "https://www.digikey.com/product-detail/en/infineon-technologies/IPB044N15N5ATMA1/IPB044N15N5ATMA1CT-ND/7667604"; VariantName = "[No Variations]"
Add component (AddParameter): Name = "Heatsink"; Value = "https://www.digikey.com/product-detail/en/aavid-thermal-division-of-boyd-corporation/573300D00010G/HS338CT-ND/1216346"; VariantName = "[No Variations]"
Added Component: Designator=Q2(TO-263-7-THERMAL - DUAL)
Add component. Clean all parameters for all variants
Add component (AddParameter): Name = "FET"; Value = "https://www.digikey.com/product-detail/en/infineon-technologies/IPB044N15N5ATMA1/IPB044N15N5ATMA1CT-ND/7667604"; VariantName = "[No Variations]"
Add component (AddParameter): Name = "Heatsink"; Value = "https://www.digikey.com/product-detail/en/aavid-thermal-division-of-boyd-corporation/573300D00010G/HS338CT-ND/1216346"; VariantName = "[No Variations]"
Added Component: Designator=Q3(TO-263-7-THERMAL - DUAL)
Add component. Clean all parameters for all variants
Add component (AddParameter): Name = "FET"; Value = "https://www.digikey.com/product-detail/en/infineon-technologies/IPB044N15N5ATMA1/IPB044N15N5ATMA1CT-ND/7667604"; VariantName = "[No Variations]"
Add component (AddParameter): Name = "Heatsink"; Value = "https://www.digikey.com/product-detail/en/aavid-thermal-division-of-boyd-corporation/573300D00010G/HS338CT-ND/1216346"; VariantName = "[No Variations]"
Added Component: Designator=Q4(TO-263-7-THERMAL - DUAL)
Add component. Clean all parameters for all variants
Add component (AddParameter): Name = "FET"; Value = "https://www.digikey.com/product-detail/en/infineon-technologies/IPB044N15N5ATMA1/IPB044N15N5ATMA1CT-ND/7667604"; VariantName = "[No Variations]"
Add component (AddParameter): Name = "Heatsink"; Value = "https://www.digikey.com/product-detail/en/aavid-thermal-division-of-boyd-corporation/573300D00010G/HS338CT-ND/1216346"; VariantName = "[No Variations]"
Added Component: Designator=Q5(TO-263-7-THERMAL - DUAL)
Add component. Clean all parameters for all variants
Add component (AddParameter): Name = "FET"; Value = "https://www.digikey.com/product-detail/en/infineon-technologies/IPB044N15N5ATMA1/IPB044N15N5ATMA1CT-ND/7667604"; VariantName = "[No Variations]"
Add component (AddParameter): Name = "Heatsink"; Value = "https://www.digikey.com/product-detail/en/aavid-thermal-division-of-boyd-corporation/573300D00010G/HS338CT-ND/1216346"; VariantName = "[No Variations]"
Added Component: Designator=Q6(TO-263-7-THERMAL - DUAL)
Add component. Clean all parameters for all variants
Add component (AddParameter): Name = "FET"; Value = "https://www.digikey.com/product-detail/en/infineon-technologies/IPB044N15N5ATMA1/IPB044N15N5ATMA1CT-ND/7667604"; VariantName = "[No Variations]"
Add component (AddParameter): Name = "Heatsink"; Value = "https://www.digikey.com/product-detail/en/aavid-thermal-division-of-boyd-corporation/573300D00010G/HS338CT-ND/1216346"; VariantName = "[No Variations]"
Added Pin To Net: NetName=GND Pin=C1-1
Added Pin To Net: NetName=GND Pin=C2-1
Added Pin To Net: NetName=GND Pin=C3-1
Added Pin To Net: NetName=GND Pin=C4-1
Added Pin To Net: NetName=GND Pin=C5-1
Added Pin To Net: NetName=GND Pin=C6-1
Added Pin To Net: NetName=GND Pin=C7-2
Added Pin To Net: NetName=GND Pin=C8-2
Added Pin To Net: NetName=GND Pin=C9-2
Added Pin To Net: NetName=GND Pin=Q4-S
Added Pin To Net: NetName=GND Pin=Q4-S
Added Pin To Net: NetName=GND Pin=Q4-S
Added Pin To Net: NetName=GND Pin=Q4-S
Added Pin To Net: NetName=GND Pin=Q4-S
Added Pin To Net: NetName=GND Pin=Q4-S
Added Pin To Net: NetName=GND Pin=Q4-S
Added Pin To Net: NetName=GND Pin=Q4-S
Added Pin To Net: NetName=GND Pin=Q4-S
Added Pin To Net: NetName=GND Pin=Q4-S
Added Pin To Net: NetName=GND Pin=Q5-S
Added Pin To Net: NetName=GND Pin=Q5-S
Added Pin To Net: NetName=GND Pin=Q5-S
Added Pin To Net: NetName=GND Pin=Q5-S
Added Pin To Net: NetName=GND Pin=Q5-S
Added Pin To Net: NetName=GND Pin=Q5-S
Added Pin To Net: NetName=GND Pin=Q5-S
Added Pin To Net: NetName=GND Pin=Q5-S
Added Pin To Net: NetName=GND Pin=Q5-S
Added Pin To Net: NetName=GND Pin=Q5-S
Added Pin To Net: NetName=GND Pin=Q6-S
Added Pin To Net: NetName=GND Pin=Q6-S
Added Pin To Net: NetName=GND Pin=Q6-S
Added Pin To Net: NetName=GND Pin=Q6-S
Added Pin To Net: NetName=GND Pin=Q6-S
Added Pin To Net: NetName=GND Pin=Q6-S
Added Pin To Net: NetName=GND Pin=Q6-S
Added Pin To Net: NetName=GND Pin=Q6-S
Added Pin To Net: NetName=GND Pin=Q6-S
Added Pin To Net: NetName=GND Pin=Q6-S
Added Pin To Net: NetName=DC_BUS Pin=C1-2
Added Pin To Net: NetName=DC_BUS Pin=C2-2
Added Pin To Net: NetName=DC_BUS Pin=C3-2
Added Pin To Net: NetName=DC_BUS Pin=C4-2
Added Pin To Net: NetName=DC_BUS Pin=C5-2
Added Pin To Net: NetName=DC_BUS Pin=C6-2
Added Pin To Net: NetName=DC_BUS Pin=C7-1
Added Pin To Net: NetName=DC_BUS Pin=C8-1
Added Pin To Net: NetName=DC_BUS Pin=C9-1
Added Pin To Net: NetName=DC_BUS Pin=Q1-D
Added Pin To Net: NetName=DC_BUS Pin=Q2-D
Added Pin To Net: NetName=DC_BUS Pin=Q3-D
Added Net: Name=DC_BUS
Added Pin To Net: NetName=NetQ1_S Pin=Q1-S
Added Pin To Net: NetName=NetQ1_S Pin=Q1-S
Added Pin To Net: NetName=NetQ1_S Pin=Q1-S
Added Pin To Net: NetName=NetQ1_S Pin=Q1-S
Added Pin To Net: NetName=NetQ1_S Pin=Q1-S
Added Pin To Net: NetName=NetQ1_S Pin=Q1-S
Added Pin To Net: NetName=NetQ1_S Pin=Q1-S
Added Pin To Net: NetName=NetQ1_S Pin=Q1-S
Added Pin To Net: NetName=NetQ1_S Pin=Q1-S
Added Pin To Net: NetName=NetQ1_S Pin=Q1-S
Added Pin To Net: NetName=NetQ1_S Pin=Q4-D
Added Net: Name=NetQ1_S
Added Pin To Net: NetName=NetQ2_S Pin=Q2-S
Added Pin To Net: NetName=NetQ2_S Pin=Q2-S
Added Pin To Net: NetName=NetQ2_S Pin=Q2-S
Added Pin To Net: NetName=NetQ2_S Pin=Q2-S
Added Pin To Net: NetName=NetQ2_S Pin=Q2-S
Added Pin To Net: NetName=NetQ2_S Pin=Q2-S
Added Pin To Net: NetName=NetQ2_S Pin=Q2-S
Added Pin To Net: NetName=NetQ2_S Pin=Q2-S
Added Pin To Net: NetName=NetQ2_S Pin=Q2-S
Added Pin To Net: NetName=NetQ2_S Pin=Q2-S
Added Pin To Net: NetName=NetQ2_S Pin=Q5-D
Added Net: Name=NetQ2_S
Added Class: Name=[3] - Inverter
Added Room: Name=[3] - Inverter
