Added Component: Designator=555(IC555)
Added Component: Designator=B1(BUZZER)
Added Component: Designator=B2(BUZZER)
Added Component: Designator=B(BUZZER)
Added Component: Designator=C1(CAP)
Add component (AddParameter): Name = "Availability"; Value = "Unavailable"; VariantName = "[No Variations]"
Add component (AddParameter): Name = "MF"; Value = ""; VariantName = "[No Variations]"
Add component (AddParameter): Name = "MP"; Value = "CL31A106KACLNNC"; VariantName = "[No Variations]"
Add component (AddParameter): Name = "Package"; Value = "None"; VariantName = "[No Variations]"
Add component (AddParameter): Name = "Price"; Value = "None"; VariantName = "[No Variations]"
Add component (AddParameter): Name = "Value"; Value = "10uF"; VariantName = "[No Variations]"
Added Component: Designator=D1(LED)
Add component (AddParameter): Name = "Digi-Key_Part_Number"; Value = "1510-1283-1-ND"; VariantName = "[No Variations]"
Add component (AddParameter): Name = "DigiKey-Purchase-URL"; Value = "https://snapeda.com/shop?store=DigiKey&id=551081"; VariantName = "[No Variations]"
Add component (AddParameter): Name = "MF"; Value = "Samsung Semiconductor,"; VariantName = "[No Variations]"
Add component (AddParameter): Name = "MP"; Value = "SPMWHT541ML5XARKS0"; VariantName = "[No Variations]"
Add component (AddParameter): Name = "Package"; Value = "SMD-4 Samsung Semiconductor,"; VariantName = "[No Variations]"
Add component (AddParameter): Name = "SnapEDA_Link"; Value = "https://www.snapeda.com/parts/SPMWHT541ML5XARKS0/Samsung%20Semiconductor,%20Inc./view-part/551081/?ref=snap"; VariantName = "[No Variations]"
Add component (AddParameter): Name = "Value"; Value = ""; VariantName = "[No Variations]"
Added Component: Designator=D2(LED)
Add component (AddParameter): Name = "Digi-Key_Part_Number"; Value = "1510-1283-1-ND"; VariantName = "[No Variations]"
Add component (AddParameter): Name = "DigiKey-Purchase-URL"; Value = "https://snapeda.com/shop?store=DigiKey&id=551081"; VariantName = "[No Variations]"
Add component (AddParameter): Name = "MF"; Value = "Samsung Semiconductor,"; VariantName = "[No Variations]"
Add component (AddParameter): Name = "MP"; Value = "SPMWHT541ML5XARKS0"; VariantName = "[No Variations]"
Add component (AddParameter): Name = "Package"; Value = "SMD-4 Samsung Semiconductor,"; VariantName = "[No Variations]"
Add component (AddParameter): Name = "SnapEDA_Link"; Value = "https://www.snapeda.com/parts/SPMWHT541ML5XARKS0/Samsung%20Semiconductor,%20Inc./view-part/551081/?ref=snap"; VariantName = "[No Variations]"
Add component (AddParameter): Name = "Value"; Value = ""; VariantName = "[No Variations]"
Added Component: Designator=D3(LED)
Add component (AddParameter): Name = "Digi-Key_Part_Number"; Value = "1510-1283-1-ND"; VariantName = "[No Variations]"
Add component (AddParameter): Name = "DigiKey-Purchase-URL"; Value = "https://snapeda.com/shop?store=DigiKey&id=551081"; VariantName = "[No Variations]"
Add component (AddParameter): Name = "MF"; Value = "Samsung Semiconductor,"; VariantName = "[No Variations]"
Add component (AddParameter): Name = "MP"; Value = "SPMWHT541ML5XARKS0"; VariantName = "[No Variations]"
Add component (AddParameter): Name = "Package"; Value = "SMD-4 Samsung Semiconductor,"; VariantName = "[No Variations]"
Add component (AddParameter): Name = "SnapEDA_Link"; Value = "https://www.snapeda.com/parts/SPMWHT541ML5XARKS0/Samsung%20Semiconductor,%20Inc./view-part/551081/?ref=snap"; VariantName = "[No Variations]"
Add component (AddParameter): Name = "Value"; Value = ""; VariantName = "[No Variations]"
Added Component: Designator=D4(LED)
Add component (AddParameter): Name = "Digi-Key_Part_Number"; Value = "1510-1283-1-ND"; VariantName = "[No Variations]"
Add component (AddParameter): Name = "DigiKey-Purchase-URL"; Value = "https://snapeda.com/shop?store=DigiKey&id=551081"; VariantName = "[No Variations]"
Add component (AddParameter): Name = "MF"; Value = "Samsung Semiconductor,"; VariantName = "[No Variations]"
Add component (AddParameter): Name = "MP"; Value = "SPMWHT541ML5XARKS0"; VariantName = "[No Variations]"
Add component (AddParameter): Name = "Package"; Value = "SMD-4 Samsung Semiconductor,"; VariantName = "[No Variations]"
Add component (AddParameter): Name = "SnapEDA_Link"; Value = "https://www.snapeda.com/parts/SPMWHT541ML5XARKS0/Samsung%20Semiconductor,%20Inc./view-part/551081/?ref=snap"; VariantName = "[No Variations]"
Add component (AddParameter): Name = "Value"; Value = ""; VariantName = "[No Variations]"
Added Component: Designator=D5(LED)
Add component (AddParameter): Name = "Digi-Key_Part_Number"; Value = "1510-1283-1-ND"; VariantName = "[No Variations]"
Add component (AddParameter): Name = "DigiKey-Purchase-URL"; Value = "https://snapeda.com/shop?store=DigiKey&id=551081"; VariantName = "[No Variations]"
Add component (AddParameter): Name = "MF"; Value = "Samsung Semiconductor,"; VariantName = "[No Variations]"
Add component (AddParameter): Name = "MP"; Value = "SPMWHT541ML5XARKS0"; VariantName = "[No Variations]"
Add component (AddParameter): Name = "Package"; Value = "SMD-4 Samsung Semiconductor,"; VariantName = "[No Variations]"
Add component (AddParameter): Name = "SnapEDA_Link"; Value = "https://www.snapeda.com/parts/SPMWHT541ML5XARKS0/Samsung%20Semiconductor,%20Inc./view-part/551081/?ref=snap"; VariantName = "[No Variations]"
Add component (AddParameter): Name = "Value"; Value = ""; VariantName = "[No Variations]"
Added Component: Designator=D6(LED)
Add component (AddParameter): Name = "Digi-Key_Part_Number"; Value = "1510-1283-1-ND"; VariantName = "[No Variations]"
Add component (AddParameter): Name = "DigiKey-Purchase-URL"; Value = "https://snapeda.com/shop?store=DigiKey&id=551081"; VariantName = "[No Variations]"
Add component (AddParameter): Name = "MF"; Value = "Samsung Semiconductor,"; VariantName = "[No Variations]"
Add component (AddParameter): Name = "MP"; Value = "SPMWHT541ML5XARKS0"; VariantName = "[No Variations]"
Add component (AddParameter): Name = "Package"; Value = "SMD-4 Samsung Semiconductor,"; VariantName = "[No Variations]"
Add component (AddParameter): Name = "SnapEDA_Link"; Value = "https://www.snapeda.com/parts/SPMWHT541ML5XARKS0/Samsung%20Semiconductor,%20Inc./view-part/551081/?ref=snap"; VariantName = "[No Variations]"
Add component (AddParameter): Name = "Value"; Value = ""; VariantName = "[No Variations]"
Added Component: Designator=D7(LED)
Add component (AddParameter): Name = "Digi-Key_Part_Number"; Value = "1510-1283-1-ND"; VariantName = "[No Variations]"
Add component (AddParameter): Name = "DigiKey-Purchase-URL"; Value = "https://snapeda.com/shop?store=DigiKey&id=551081"; VariantName = "[No Variations]"
Add component (AddParameter): Name = "MF"; Value = "Samsung Semiconductor,"; VariantName = "[No Variations]"
Add component (AddParameter): Name = "MP"; Value = "SPMWHT541ML5XARKS0"; VariantName = "[No Variations]"
Add component (AddParameter): Name = "Package"; Value = "SMD-4 Samsung Semiconductor,"; VariantName = "[No Variations]"
Add component (AddParameter): Name = "SnapEDA_Link"; Value = "https://www.snapeda.com/parts/SPMWHT541ML5XARKS0/Samsung%20Semiconductor,%20Inc./view-part/551081/?ref=snap"; VariantName = "[No Variations]"
Add component (AddParameter): Name = "Value"; Value = ""; VariantName = "[No Variations]"
Added Component: Designator=D8(LED)
Add component (AddParameter): Name = "Digi-Key_Part_Number"; Value = "1510-1283-1-ND"; VariantName = "[No Variations]"
Add component (AddParameter): Name = "DigiKey-Purchase-URL"; Value = "https://snapeda.com/shop?store=DigiKey&id=551081"; VariantName = "[No Variations]"
Add component (AddParameter): Name = "MF"; Value = "Samsung Semiconductor,"; VariantName = "[No Variations]"
Add component (AddParameter): Name = "MP"; Value = "SPMWHT541ML5XARKS0"; VariantName = "[No Variations]"
Add component (AddParameter): Name = "Package"; Value = "SMD-4 Samsung Semiconductor,"; VariantName = "[No Variations]"
Add component (AddParameter): Name = "SnapEDA_Link"; Value = "https://www.snapeda.com/parts/SPMWHT541ML5XARKS0/Samsung%20Semiconductor,%20Inc./view-part/551081/?ref=snap"; VariantName = "[No Variations]"
Add component (AddParameter): Name = "Value"; Value = ""; VariantName = "[No Variations]"
Added Component: Designator=D9(LED)
Add component (AddParameter): Name = "Digi-Key_Part_Number"; Value = "1510-1283-1-ND"; VariantName = "[No Variations]"
Add component (AddParameter): Name = "DigiKey-Purchase-URL"; Value = "https://snapeda.com/shop?store=DigiKey&id=551081"; VariantName = "[No Variations]"
Add component (AddParameter): Name = "MF"; Value = "Samsung Semiconductor,"; VariantName = "[No Variations]"
Add component (AddParameter): Name = "MP"; Value = "SPMWHT541ML5XARKS0"; VariantName = "[No Variations]"
Add component (AddParameter): Name = "Package"; Value = "SMD-4 Samsung Semiconductor,"; VariantName = "[No Variations]"
Add component (AddParameter): Name = "SnapEDA_Link"; Value = "https://www.snapeda.com/parts/SPMWHT541ML5XARKS0/Samsung%20Semiconductor,%20Inc./view-part/551081/?ref=snap"; VariantName = "[No Variations]"
Add component (AddParameter): Name = "Value"; Value = ""; VariantName = "[No Variations]"
Added Component: Designator=D10(LED)
Add component (AddParameter): Name = "Digi-Key_Part_Number"; Value = "1510-1283-1-ND"; VariantName = "[No Variations]"
Add component (AddParameter): Name = "DigiKey-Purchase-URL"; Value = "https://snapeda.com/shop?store=DigiKey&id=551081"; VariantName = "[No Variations]"
Add component (AddParameter): Name = "MF"; Value = "Samsung Semiconductor,"; VariantName = "[No Variations]"
Add component (AddParameter): Name = "MP"; Value = "SPMWHT541ML5XARKS0"; VariantName = "[No Variations]"
Add component (AddParameter): Name = "Package"; Value = "SMD-4 Samsung Semiconductor,"; VariantName = "[No Variations]"
Add component (AddParameter): Name = "SnapEDA_Link"; Value = "https://www.snapeda.com/parts/SPMWHT541ML5XARKS0/Samsung%20Semiconductor,%20Inc./view-part/551081/?ref=snap"; VariantName = "[No Variations]"
Add component (AddParameter): Name = "Value"; Value = ""; VariantName = "[No Variations]"
Added Component: Designator=D11(LED)
Add component (AddParameter): Name = "Digi-Key_Part_Number"; Value = "1510-1283-1-ND"; VariantName = "[No Variations]"
Add component (AddParameter): Name = "DigiKey-Purchase-URL"; Value = "https://snapeda.com/shop?store=DigiKey&id=551081"; VariantName = "[No Variations]"
Add component (AddParameter): Name = "MF"; Value = "Samsung Semiconductor,"; VariantName = "[No Variations]"
Add component (AddParameter): Name = "MP"; Value = "SPMWHT541ML5XARKS0"; VariantName = "[No Variations]"
Add component (AddParameter): Name = "Package"; Value = "SMD-4 Samsung Semiconductor,"; VariantName = "[No Variations]"
Add component (AddParameter): Name = "SnapEDA_Link"; Value = "https://www.snapeda.com/parts/SPMWHT541ML5XARKS0/Samsung%20Semiconductor,%20Inc./view-part/551081/?ref=snap"; VariantName = "[No Variations]"
Add component (AddParameter): Name = "Value"; Value = ""; VariantName = "[No Variations]"
Added Component: Designator=D12(LED)
Add component (AddParameter): Name = "Digi-Key_Part_Number"; Value = "1510-1283-1-ND"; VariantName = "[No Variations]"
Add component (AddParameter): Name = "DigiKey-Purchase-URL"; Value = "https://snapeda.com/shop?store=DigiKey&id=551081"; VariantName = "[No Variations]"
Add component (AddParameter): Name = "MF"; Value = "Samsung Semiconductor,"; VariantName = "[No Variations]"
Add component (AddParameter): Name = "MP"; Value = "SPMWHT541ML5XARKS0"; VariantName = "[No Variations]"
Add component (AddParameter): Name = "Package"; Value = "SMD-4 Samsung Semiconductor,"; VariantName = "[No Variations]"
Add component (AddParameter): Name = "SnapEDA_Link"; Value = "https://www.snapeda.com/parts/SPMWHT541ML5XARKS0/Samsung%20Semiconductor,%20Inc./view-part/551081/?ref=snap"; VariantName = "[No Variations]"
Add component (AddParameter): Name = "Value"; Value = ""; VariantName = "[No Variations]"
Added Component: Designator=D13(LED)
Add component (AddParameter): Name = "Digi-Key_Part_Number"; Value = "1510-1283-1-ND"; VariantName = "[No Variations]"
Add component (AddParameter): Name = "DigiKey-Purchase-URL"; Value = "https://snapeda.com/shop?store=DigiKey&id=551081"; VariantName = "[No Variations]"
Add component (AddParameter): Name = "MF"; Value = "Samsung Semiconductor,"; VariantName = "[No Variations]"
Add component (AddParameter): Name = "MP"; Value = "SPMWHT541ML5XARKS0"; VariantName = "[No Variations]"
Add component (AddParameter): Name = "Package"; Value = "SMD-4 Samsung Semiconductor,"; VariantName = "[No Variations]"
Add component (AddParameter): Name = "SnapEDA_Link"; Value = "https://www.snapeda.com/parts/SPMWHT541ML5XARKS0/Samsung%20Semiconductor,%20Inc./view-part/551081/?ref=snap"; VariantName = "[No Variations]"
Add component (AddParameter): Name = "Value"; Value = ""; VariantName = "[No Variations]"
Added Component: Designator=D14(LED)
Add component (AddParameter): Name = "Digi-Key_Part_Number"; Value = "1510-1283-1-ND"; VariantName = "[No Variations]"
Add component (AddParameter): Name = "DigiKey-Purchase-URL"; Value = "https://snapeda.com/shop?store=DigiKey&id=551081"; VariantName = "[No Variations]"
Add component (AddParameter): Name = "MF"; Value = "Samsung Semiconductor,"; VariantName = "[No Variations]"
Add component (AddParameter): Name = "MP"; Value = "SPMWHT541ML5XARKS0"; VariantName = "[No Variations]"
Add component (AddParameter): Name = "Package"; Value = "SMD-4 Samsung Semiconductor,"; VariantName = "[No Variations]"
Add component (AddParameter): Name = "SnapEDA_Link"; Value = "https://www.snapeda.com/parts/SPMWHT541ML5XARKS0/Samsung%20Semiconductor,%20Inc./view-part/551081/?ref=snap"; VariantName = "[No Variations]"
Add component (AddParameter): Name = "Value"; Value = ""; VariantName = "[No Variations]"
Added Component: Designator=D15(LED)
Add component (AddParameter): Name = "Digi-Key_Part_Number"; Value = "1510-1283-1-ND"; VariantName = "[No Variations]"
Add component (AddParameter): Name = "DigiKey-Purchase-URL"; Value = "https://snapeda.com/shop?store=DigiKey&id=551081"; VariantName = "[No Variations]"
Add component (AddParameter): Name = "MF"; Value = "Samsung Semiconductor,"; VariantName = "[No Variations]"
Add component (AddParameter): Name = "MP"; Value = "SPMWHT541ML5XARKS0"; VariantName = "[No Variations]"
Add component (AddParameter): Name = "Package"; Value = "SMD-4 Samsung Semiconductor,"; VariantName = "[No Variations]"
Add component (AddParameter): Name = "SnapEDA_Link"; Value = "https://www.snapeda.com/parts/SPMWHT541ML5XARKS0/Samsung%20Semiconductor,%20Inc./view-part/551081/?ref=snap"; VariantName = "[No Variations]"
Add component (AddParameter): Name = "Value"; Value = ""; VariantName = "[No Variations]"
Added Component: Designator=D16(LED)
Add component (AddParameter): Name = "Digi-Key_Part_Number"; Value = "1510-1283-1-ND"; VariantName = "[No Variations]"
Add component (AddParameter): Name = "DigiKey-Purchase-URL"; Value = "https://snapeda.com/shop?store=DigiKey&id=551081"; VariantName = "[No Variations]"
Add component (AddParameter): Name = "MF"; Value = "Samsung Semiconductor,"; VariantName = "[No Variations]"
Add component (AddParameter): Name = "MP"; Value = "SPMWHT541ML5XARKS0"; VariantName = "[No Variations]"
Add component (AddParameter): Name = "Package"; Value = "SMD-4 Samsung Semiconductor,"; VariantName = "[No Variations]"
Add component (AddParameter): Name = "SnapEDA_Link"; Value = "https://www.snapeda.com/parts/SPMWHT541ML5XARKS0/Samsung%20Semiconductor,%20Inc./view-part/551081/?ref=snap"; VariantName = "[No Variations]"
Add component (AddParameter): Name = "Value"; Value = ""; VariantName = "[No Variations]"
Added Component: Designator=J1(CONNECTOR)
Add component (AddParameter): Name = "Digi-Key_Part_Number"; Value = "277-1667-ND"; VariantName = "[No Variations]"
Add component (AddParameter): Name = "Digi-Key_Purchase_URL"; Value = "https://www.digikey.ca/product-detail/en/phoenix-contact/1935161/277-1667-ND/568614?utm_source=snapeda&utm_medium=aggregator&utm_campaign=symbol"; VariantName = "[No Variations]"
Add component (AddParameter): Name = "MF"; Value = "Phoenix Contact"; VariantName = "[No Variations]"
Add component (AddParameter): Name = "MP"; Value = "1935161"; VariantName = "[No Variations]"
Add component (AddParameter): Name = "Package"; Value = "None"; VariantName = "[No Variations]"
Add component (AddParameter): Name = "SnapEDA_Link"; Value = "https://www.snapeda.com/parts/1935161/Phoenix%20Contact/view-part/423515/?ref=snap"; VariantName = "[No Variations]"
Add component (AddParameter): Name = "Value"; Value = ""; VariantName = "[No Variations]"
Added Component: Designator=J2(CONNECTOR)
Add component (AddParameter): Name = "Digi-Key_Part_Number"; Value = "277-1667-ND"; VariantName = "[No Variations]"
Add component (AddParameter): Name = "Digi-Key_Purchase_URL"; Value = "https://www.digikey.ca/product-detail/en/phoenix-contact/1935161/277-1667-ND/568614?utm_source=snapeda&utm_medium=aggregator&utm_campaign=symbol"; VariantName = "[No Variations]"
Add component (AddParameter): Name = "MF"; Value = "Phoenix Contact"; VariantName = "[No Variations]"
Add component (AddParameter): Name = "MP"; Value = "1935161"; VariantName = "[No Variations]"
Add component (AddParameter): Name = "Package"; Value = "None"; VariantName = "[No Variations]"
Add component (AddParameter): Name = "SnapEDA_Link"; Value = "https://www.snapeda.com/parts/1935161/Phoenix%20Contact/view-part/423515/?ref=snap"; VariantName = "[No Variations]"
Add component (AddParameter): Name = "Value"; Value = ""; VariantName = "[No Variations]"
Added Component: Designator=J3(CONNECTOR)
Add component (AddParameter): Name = "Digi-Key_Part_Number"; Value = "277-1667-ND"; VariantName = "[No Variations]"
Add component (AddParameter): Name = "Digi-Key_Purchase_URL"; Value = "https://www.digikey.ca/product-detail/en/phoenix-contact/1935161/277-1667-ND/568614?utm_source=snapeda&utm_medium=aggregator&utm_campaign=symbol"; VariantName = "[No Variations]"
Add component (AddParameter): Name = "MF"; Value = "Phoenix Contact"; VariantName = "[No Variations]"
Add component (AddParameter): Name = "MP"; Value = "1935161"; VariantName = "[No Variations]"
Add component (AddParameter): Name = "Package"; Value = "None"; VariantName = "[No Variations]"
Add component (AddParameter): Name = "SnapEDA_Link"; Value = "https://www.snapeda.com/parts/1935161/Phoenix%20Contact/view-part/423515/?ref=snap"; VariantName = "[No Variations]"
Add component (AddParameter): Name = "Value"; Value = ""; VariantName = "[No Variations]"
Added Component: Designator=J4(CONNECTOR)
Add component (AddParameter): Name = "Digi-Key_Part_Number"; Value = "277-1667-ND"; VariantName = "[No Variations]"
Add component (AddParameter): Name = "Digi-Key_Purchase_URL"; Value = "https://www.digikey.ca/product-detail/en/phoenix-contact/1935161/277-1667-ND/568614?utm_source=snapeda&utm_medium=aggregator&utm_campaign=symbol"; VariantName = "[No Variations]"
Add component (AddParameter): Name = "MF"; Value = "Phoenix Contact"; VariantName = "[No Variations]"
Add component (AddParameter): Name = "MP"; Value = "1935161"; VariantName = "[No Variations]"
Add component (AddParameter): Name = "Package"; Value = "None"; VariantName = "[No Variations]"
Add component (AddParameter): Name = "SnapEDA_Link"; Value = "https://www.snapeda.com/parts/1935161/Phoenix%20Contact/view-part/423515/?ref=snap"; VariantName = "[No Variations]"
Add component (AddParameter): Name = "Value"; Value = ""; VariantName = "[No Variations]"
Added Component: Designator=J5(CONNECTOR)
Add component (AddParameter): Name = "Digi-Key_Part_Number"; Value = "277-1667-ND"; VariantName = "[No Variations]"
Add component (AddParameter): Name = "Digi-Key_Purchase_URL"; Value = "https://www.digikey.ca/product-detail/en/phoenix-contact/1935161/277-1667-ND/568614?utm_source=snapeda&utm_medium=aggregator&utm_campaign=symbol"; VariantName = "[No Variations]"
Add component (AddParameter): Name = "MF"; Value = "Phoenix Contact"; VariantName = "[No Variations]"
Add component (AddParameter): Name = "MP"; Value = "1935161"; VariantName = "[No Variations]"
Add component (AddParameter): Name = "Package"; Value = "None"; VariantName = "[No Variations]"
Add component (AddParameter): Name = "SnapEDA_Link"; Value = "https://www.snapeda.com/parts/1935161/Phoenix%20Contact/view-part/423515/?ref=snap"; VariantName = "[No Variations]"
Add component (AddParameter): Name = "Value"; Value = ""; VariantName = "[No Variations]"
Added Component: Designator=J6(CONNECTOR)
Add component (AddParameter): Name = "Digi-Key_Part_Number"; Value = "277-1667-ND"; VariantName = "[No Variations]"
Add component (AddParameter): Name = "Digi-Key_Purchase_URL"; Value = "https://www.digikey.ca/product-detail/en/phoenix-contact/1935161/277-1667-ND/568614?utm_source=snapeda&utm_medium=aggregator&utm_campaign=symbol"; VariantName = "[No Variations]"
Add component (AddParameter): Name = "MF"; Value = "Phoenix Contact"; VariantName = "[No Variations]"
Add component (AddParameter): Name = "MP"; Value = "1935161"; VariantName = "[No Variations]"
Add component (AddParameter): Name = "Package"; Value = "None"; VariantName = "[No Variations]"
Add component (AddParameter): Name = "SnapEDA_Link"; Value = "https://www.snapeda.com/parts/1935161/Phoenix%20Contact/view-part/423515/?ref=snap"; VariantName = "[No Variations]"
Add component (AddParameter): Name = "Value"; Value = ""; VariantName = "[No Variations]"
Added Component: Designator=J7(CONNECTOR)
Add component (AddParameter): Name = "Digi-Key_Part_Number"; Value = "277-1667-ND"; VariantName = "[No Variations]"
Add component (AddParameter): Name = "Digi-Key_Purchase_URL"; Value = "https://www.digikey.ca/product-detail/en/phoenix-contact/1935161/277-1667-ND/568614?utm_source=snapeda&utm_medium=aggregator&utm_campaign=symbol"; VariantName = "[No Variations]"
Add component (AddParameter): Name = "MF"; Value = "Phoenix Contact"; VariantName = "[No Variations]"
Add component (AddParameter): Name = "MP"; Value = "1935161"; VariantName = "[No Variations]"
Add component (AddParameter): Name = "Package"; Value = "None"; VariantName = "[No Variations]"
Add component (AddParameter): Name = "SnapEDA_Link"; Value = "https://www.snapeda.com/parts/1935161/Phoenix%20Contact/view-part/423515/?ref=snap"; VariantName = "[No Variations]"
Add component (AddParameter): Name = "Value"; Value = ""; VariantName = "[No Variations]"
Added Component: Designator=J8(CONNECTOR)
Add component (AddParameter): Name = "Digi-Key_Part_Number"; Value = "277-1667-ND"; VariantName = "[No Variations]"
Add component (AddParameter): Name = "Digi-Key_Purchase_URL"; Value = "https://www.digikey.ca/product-detail/en/phoenix-contact/1935161/277-1667-ND/568614?utm_source=snapeda&utm_medium=aggregator&utm_campaign=symbol"; VariantName = "[No Variations]"
Add component (AddParameter): Name = "MF"; Value = "Phoenix Contact"; VariantName = "[No Variations]"
Add component (AddParameter): Name = "MP"; Value = "1935161"; VariantName = "[No Variations]"
Add component (AddParameter): Name = "Package"; Value = "None"; VariantName = "[No Variations]"
Add component (AddParameter): Name = "SnapEDA_Link"; Value = "https://www.snapeda.com/parts/1935161/Phoenix%20Contact/view-part/423515/?ref=snap"; VariantName = "[No Variations]"
Add component (AddParameter): Name = "Value"; Value = ""; VariantName = "[No Variations]"
Added Component: Designator=R1(RESISTOR)
Add component (AddParameter): Name = "Availability"; Value = "Unavailable"; VariantName = "[No Variations]"
Add component (AddParameter): Name = "MF"; Value = ""; VariantName = "[No Variations]"
Add component (AddParameter): Name = "MP"; Value = "ERJ1TNF2002U"; VariantName = "[No Variations]"
Add component (AddParameter): Name = "Package"; Value = "None"; VariantName = "[No Variations]"
Add component (AddParameter): Name = "Price"; Value = "None"; VariantName = "[No Variations]"
Add component (AddParameter): Name = "Value"; Value = "20k"; VariantName = "[No Variations]"
Added Component: Designator=R2(RESISTOR)
Add component (AddParameter): Name = "Availability"; Value = "Unavailable"; VariantName = "[No Variations]"
Add component (AddParameter): Name = "MF"; Value = ""; VariantName = "[No Variations]"
Add component (AddParameter): Name = "MP"; Value = "ERJ1TNF2002U"; VariantName = "[No Variations]"
Add component (AddParameter): Name = "Package"; Value = "None"; VariantName = "[No Variations]"
Add component (AddParameter): Name = "Price"; Value = "None"; VariantName = "[No Variations]"
Add component (AddParameter): Name = "Value"; Value = "20k"; VariantName = "[No Variations]"
Added Component: Designator=R3(RESISTOR)
Add component (AddParameter): Name = "Availability"; Value = "Unavailable"; VariantName = "[No Variations]"
Add component (AddParameter): Name = "MF"; Value = ""; VariantName = "[No Variations]"
Add component (AddParameter): Name = "MP"; Value = "ERJ1TNF2002U"; VariantName = "[No Variations]"
Add component (AddParameter): Name = "Package"; Value = "None"; VariantName = "[No Variations]"
Add component (AddParameter): Name = "Price"; Value = "None"; VariantName = "[No Variations]"
Add component (AddParameter): Name = "Value"; Value = "20k"; VariantName = "[No Variations]"
Added Component: Designator=R4(RESISTOR)
Add component (AddParameter): Name = "Availability"; Value = "Unavailable"; VariantName = "[No Variations]"
Add component (AddParameter): Name = "MF"; Value = ""; VariantName = "[No Variations]"
Add component (AddParameter): Name = "MP"; Value = "ERJ1TNF2002U"; VariantName = "[No Variations]"
Add component (AddParameter): Name = "Package"; Value = "None"; VariantName = "[No Variations]"
Add component (AddParameter): Name = "Price"; Value = "None"; VariantName = "[No Variations]"
Add component (AddParameter): Name = "Value"; Value = "20k"; VariantName = "[No Variations]"
Added Component: Designator=R5(470 OHM RES_ERA3AEB471V)
Add component (AddParameter): Name = "Check_prices"; Value = "https://www.snapeda.com/parts/ERA-3AEB471V/Panasonic%20Electronic%20Components/view-part/329551/?ref=eda"; VariantName = "[No Variations]"
Add component (AddParameter): Name = "Digi-Key_Part_Number"; Value = "P470DBCT-ND"; VariantName = "[No Variations]"
Add component (AddParameter): Name = "MF"; Value = "Panasonic"; VariantName = "[No Variations]"
Add component (AddParameter): Name = "MP"; Value = "ERA-3AEB471V"; VariantName = "[No Variations]"
Add component (AddParameter): Name = "Package"; Value = "1608-2 Panasonic"; VariantName = "[No Variations]"
Add component (AddParameter): Name = "SnapEDA_Link"; Value = "https://www.snapeda.com/parts/ERA-3AEB471V/Panasonic%20Electronic%20Components/view-part/329551/?ref=snap"; VariantName = "[No Variations]"
Add component (AddParameter): Name = "Value"; Value = ""; VariantName = "[No Variations]"
Added Component: Designator=R6(470 OHM RES_ERA3AEB471V)
Add component (AddParameter): Name = "Check_prices"; Value = "https://www.snapeda.com/parts/ERA-3AEB471V/Panasonic%20Electronic%20Components/view-part/329551/?ref=eda"; VariantName = "[No Variations]"
Add component (AddParameter): Name = "Digi-Key_Part_Number"; Value = "P470DBCT-ND"; VariantName = "[No Variations]"
Add component (AddParameter): Name = "MF"; Value = "Panasonic"; VariantName = "[No Variations]"
Add component (AddParameter): Name = "MP"; Value = "ERA-3AEB471V"; VariantName = "[No Variations]"
Add component (AddParameter): Name = "Package"; Value = "1608-2 Panasonic"; VariantName = "[No Variations]"
Add component (AddParameter): Name = "SnapEDA_Link"; Value = "https://www.snapeda.com/parts/ERA-3AEB471V/Panasonic%20Electronic%20Components/view-part/329551/?ref=snap"; VariantName = "[No Variations]"
Add component (AddParameter): Name = "Value"; Value = ""; VariantName = "[No Variations]"
Added Component: Designator=R7(470 OHM RES_ERA3AEB471V)
Add component (AddParameter): Name = "Check_prices"; Value = "https://www.snapeda.com/parts/ERA-3AEB471V/Panasonic%20Electronic%20Components/view-part/329551/?ref=eda"; VariantName = "[No Variations]"
Add component (AddParameter): Name = "Digi-Key_Part_Number"; Value = "P470DBCT-ND"; VariantName = "[No Variations]"
Add component (AddParameter): Name = "MF"; Value = "Panasonic"; VariantName = "[No Variations]"
Add component (AddParameter): Name = "MP"; Value = "ERA-3AEB471V"; VariantName = "[No Variations]"
Add component (AddParameter): Name = "Package"; Value = "1608-2 Panasonic"; VariantName = "[No Variations]"
Add component (AddParameter): Name = "SnapEDA_Link"; Value = "https://www.snapeda.com/parts/ERA-3AEB471V/Panasonic%20Electronic%20Components/view-part/329551/?ref=snap"; VariantName = "[No Variations]"
Add component (AddParameter): Name = "Value"; Value = ""; VariantName = "[No Variations]"
Added Component: Designator=R8(470 OHM RES_ERA3AEB471V)
Add component (AddParameter): Name = "Check_prices"; Value = "https://www.snapeda.com/parts/ERA-3AEB471V/Panasonic%20Electronic%20Components/view-part/329551/?ref=eda"; VariantName = "[No Variations]"
Add component (AddParameter): Name = "Digi-Key_Part_Number"; Value = "P470DBCT-ND"; VariantName = "[No Variations]"
Add component (AddParameter): Name = "MF"; Value = "Panasonic"; VariantName = "[No Variations]"
Add component (AddParameter): Name = "MP"; Value = "ERA-3AEB471V"; VariantName = "[No Variations]"
Add component (AddParameter): Name = "Package"; Value = "1608-2 Panasonic"; VariantName = "[No Variations]"
Add component (AddParameter): Name = "SnapEDA_Link"; Value = "https://www.snapeda.com/parts/ERA-3AEB471V/Panasonic%20Electronic%20Components/view-part/329551/?ref=snap"; VariantName = "[No Variations]"
Add component (AddParameter): Name = "Value"; Value = ""; VariantName = "[No Variations]"
Added Component: Designator=R9(470 OHM RES_ERA3AEB471V)
Add component (AddParameter): Name = "Check_prices"; Value = "https://www.snapeda.com/parts/ERA-3AEB471V/Panasonic%20Electronic%20Components/view-part/329551/?ref=eda"; VariantName = "[No Variations]"
Add component (AddParameter): Name = "Digi-Key_Part_Number"; Value = "P470DBCT-ND"; VariantName = "[No Variations]"
Add component (AddParameter): Name = "MF"; Value = "Panasonic"; VariantName = "[No Variations]"
Add component (AddParameter): Name = "MP"; Value = "ERA-3AEB471V"; VariantName = "[No Variations]"
Add component (AddParameter): Name = "Package"; Value = "1608-2 Panasonic"; VariantName = "[No Variations]"
Add component (AddParameter): Name = "SnapEDA_Link"; Value = "https://www.snapeda.com/parts/ERA-3AEB471V/Panasonic%20Electronic%20Components/view-part/329551/?ref=snap"; VariantName = "[No Variations]"
Add component (AddParameter): Name = "Value"; Value = ""; VariantName = "[No Variations]"
Added Component: Designator=R10(470 OHM RES_ERA3AEB471V)
Add component (AddParameter): Name = "Check_prices"; Value = "https://www.snapeda.com/parts/ERA-3AEB471V/Panasonic%20Electronic%20Components/view-part/329551/?ref=eda"; VariantName = "[No Variations]"
Add component (AddParameter): Name = "Digi-Key_Part_Number"; Value = "P470DBCT-ND"; VariantName = "[No Variations]"
Add component (AddParameter): Name = "MF"; Value = "Panasonic"; VariantName = "[No Variations]"
Add component (AddParameter): Name = "MP"; Value = "ERA-3AEB471V"; VariantName = "[No Variations]"
Add component (AddParameter): Name = "Package"; Value = "1608-2 Panasonic"; VariantName = "[No Variations]"
Add component (AddParameter): Name = "SnapEDA_Link"; Value = "https://www.snapeda.com/parts/ERA-3AEB471V/Panasonic%20Electronic%20Components/view-part/329551/?ref=snap"; VariantName = "[No Variations]"
Add component (AddParameter): Name = "Value"; Value = ""; VariantName = "[No Variations]"
Added Component: Designator=R11(470 OHM RES_ERA3AEB471V)
Add component (AddParameter): Name = "Check_prices"; Value = "https://www.snapeda.com/parts/ERA-3AEB471V/Panasonic%20Electronic%20Components/view-part/329551/?ref=eda"; VariantName = "[No Variations]"
Add component (AddParameter): Name = "Digi-Key_Part_Number"; Value = "P470DBCT-ND"; VariantName = "[No Variations]"
Add component (AddParameter): Name = "MF"; Value = "Panasonic"; VariantName = "[No Variations]"
Add component (AddParameter): Name = "MP"; Value = "ERA-3AEB471V"; VariantName = "[No Variations]"
Add component (AddParameter): Name = "Package"; Value = "1608-2 Panasonic"; VariantName = "[No Variations]"
Add component (AddParameter): Name = "SnapEDA_Link"; Value = "https://www.snapeda.com/parts/ERA-3AEB471V/Panasonic%20Electronic%20Components/view-part/329551/?ref=snap"; VariantName = "[No Variations]"
Add component (AddParameter): Name = "Value"; Value = ""; VariantName = "[No Variations]"
Added Component: Designator=R12(470 OHM RES_ERA3AEB471V)
Add component (AddParameter): Name = "Check_prices"; Value = "https://www.snapeda.com/parts/ERA-3AEB471V/Panasonic%20Electronic%20Components/view-part/329551/?ref=eda"; VariantName = "[No Variations]"
Add component (AddParameter): Name = "Digi-Key_Part_Number"; Value = "P470DBCT-ND"; VariantName = "[No Variations]"
Add component (AddParameter): Name = "MF"; Value = "Panasonic"; VariantName = "[No Variations]"
Add component (AddParameter): Name = "MP"; Value = "ERA-3AEB471V"; VariantName = "[No Variations]"
Add component (AddParameter): Name = "Package"; Value = "1608-2 Panasonic"; VariantName = "[No Variations]"
Add component (AddParameter): Name = "SnapEDA_Link"; Value = "https://www.snapeda.com/parts/ERA-3AEB471V/Panasonic%20Electronic%20Components/view-part/329551/?ref=snap"; VariantName = "[No Variations]"
Add component (AddParameter): Name = "Value"; Value = ""; VariantName = "[No Variations]"
Added Component: Designator=R13(RESISTOR)
Add component (AddParameter): Name = "Availability"; Value = "Unavailable"; VariantName = "[No Variations]"
Add component (AddParameter): Name = "MF"; Value = ""; VariantName = "[No Variations]"
Add component (AddParameter): Name = "MP"; Value = "ERJ1TNF2002U"; VariantName = "[No Variations]"
Add component (AddParameter): Name = "Package"; Value = "None"; VariantName = "[No Variations]"
Add component (AddParameter): Name = "Price"; Value = "None"; VariantName = "[No Variations]"
Add component (AddParameter): Name = "Value"; Value = "20k"; VariantName = "[No Variations]"
Added Component: Designator=R14(RESISTOR)
Add component (AddParameter): Name = "Availability"; Value = "Unavailable"; VariantName = "[No Variations]"
Add component (AddParameter): Name = "MF"; Value = ""; VariantName = "[No Variations]"
Add component (AddParameter): Name = "MP"; Value = "ERJ1TNF2002U"; VariantName = "[No Variations]"
Add component (AddParameter): Name = "Package"; Value = "None"; VariantName = "[No Variations]"
Add component (AddParameter): Name = "Price"; Value = "None"; VariantName = "[No Variations]"
Add component (AddParameter): Name = "Value"; Value = "20k"; VariantName = "[No Variations]"
Added Component: Designator=R15(470 OHM RES_ERA3AEB471V)
Add component (AddParameter): Name = "Check_prices"; Value = "https://www.snapeda.com/parts/ERA-3AEB471V/Panasonic%20Electronic%20Components/view-part/329551/?ref=eda"; VariantName = "[No Variations]"
Add component (AddParameter): Name = "Digi-Key_Part_Number"; Value = "P470DBCT-ND"; VariantName = "[No Variations]"
Add component (AddParameter): Name = "MF"; Value = "Panasonic"; VariantName = "[No Variations]"
Add component (AddParameter): Name = "MP"; Value = "ERA-3AEB471V"; VariantName = "[No Variations]"
Add component (AddParameter): Name = "Package"; Value = "1608-2 Panasonic"; VariantName = "[No Variations]"
Add component (AddParameter): Name = "SnapEDA_Link"; Value = "https://www.snapeda.com/parts/ERA-3AEB471V/Panasonic%20Electronic%20Components/view-part/329551/?ref=snap"; VariantName = "[No Variations]"
Add component (AddParameter): Name = "Value"; Value = ""; VariantName = "[No Variations]"
Added Component: Designator=R16(470 OHM RES_ERA3AEB471V)
Add component (AddParameter): Name = "Check_prices"; Value = "https://www.snapeda.com/parts/ERA-3AEB471V/Panasonic%20Electronic%20Components/view-part/329551/?ref=eda"; VariantName = "[No Variations]"
Add component (AddParameter): Name = "Digi-Key_Part_Number"; Value = "P470DBCT-ND"; VariantName = "[No Variations]"
Add component (AddParameter): Name = "MF"; Value = "Panasonic"; VariantName = "[No Variations]"
Add component (AddParameter): Name = "MP"; Value = "ERA-3AEB471V"; VariantName = "[No Variations]"
Add component (AddParameter): Name = "Package"; Value = "1608-2 Panasonic"; VariantName = "[No Variations]"
Add component (AddParameter): Name = "SnapEDA_Link"; Value = "https://www.snapeda.com/parts/ERA-3AEB471V/Panasonic%20Electronic%20Components/view-part/329551/?ref=snap"; VariantName = "[No Variations]"
Add component (AddParameter): Name = "Value"; Value = ""; VariantName = "[No Variations]"
Added Component: Designator=R17(470 OHM RES_ERA3AEB471V)
Add component (AddParameter): Name = "Check_prices"; Value = "https://www.snapeda.com/parts/ERA-3AEB471V/Panasonic%20Electronic%20Components/view-part/329551/?ref=eda"; VariantName = "[No Variations]"
Add component (AddParameter): Name = "Digi-Key_Part_Number"; Value = "P470DBCT-ND"; VariantName = "[No Variations]"
Add component (AddParameter): Name = "MF"; Value = "Panasonic"; VariantName = "[No Variations]"
Add component (AddParameter): Name = "MP"; Value = "ERA-3AEB471V"; VariantName = "[No Variations]"
Add component (AddParameter): Name = "Package"; Value = "1608-2 Panasonic"; VariantName = "[No Variations]"
Add component (AddParameter): Name = "SnapEDA_Link"; Value = "https://www.snapeda.com/parts/ERA-3AEB471V/Panasonic%20Electronic%20Components/view-part/329551/?ref=snap"; VariantName = "[No Variations]"
Add component (AddParameter): Name = "Value"; Value = ""; VariantName = "[No Variations]"
Added Component: Designator=R18(470 OHM RES_ERA3AEB471V)
Add component (AddParameter): Name = "Check_prices"; Value = "https://www.snapeda.com/parts/ERA-3AEB471V/Panasonic%20Electronic%20Components/view-part/329551/?ref=eda"; VariantName = "[No Variations]"
Add component (AddParameter): Name = "Digi-Key_Part_Number"; Value = "P470DBCT-ND"; VariantName = "[No Variations]"
Add component (AddParameter): Name = "MF"; Value = "Panasonic"; VariantName = "[No Variations]"
Add component (AddParameter): Name = "MP"; Value = "ERA-3AEB471V"; VariantName = "[No Variations]"
Add component (AddParameter): Name = "Package"; Value = "1608-2 Panasonic"; VariantName = "[No Variations]"
Add component (AddParameter): Name = "SnapEDA_Link"; Value = "https://www.snapeda.com/parts/ERA-3AEB471V/Panasonic%20Electronic%20Components/view-part/329551/?ref=snap"; VariantName = "[No Variations]"
Add component (AddParameter): Name = "Value"; Value = ""; VariantName = "[No Variations]"
Added Component: Designator=R19(470 OHM RES_ERA3AEB471V)
Add component (AddParameter): Name = "Check_prices"; Value = "https://www.snapeda.com/parts/ERA-3AEB471V/Panasonic%20Electronic%20Components/view-part/329551/?ref=eda"; VariantName = "[No Variations]"
Add component (AddParameter): Name = "Digi-Key_Part_Number"; Value = "P470DBCT-ND"; VariantName = "[No Variations]"
Add component (AddParameter): Name = "MF"; Value = "Panasonic"; VariantName = "[No Variations]"
Add component (AddParameter): Name = "MP"; Value = "ERA-3AEB471V"; VariantName = "[No Variations]"
Add component (AddParameter): Name = "Package"; Value = "1608-2 Panasonic"; VariantName = "[No Variations]"
Add component (AddParameter): Name = "SnapEDA_Link"; Value = "https://www.snapeda.com/parts/ERA-3AEB471V/Panasonic%20Electronic%20Components/view-part/329551/?ref=snap"; VariantName = "[No Variations]"
Add component (AddParameter): Name = "Value"; Value = ""; VariantName = "[No Variations]"
Added Component: Designator=R20(470 OHM RES_ERA3AEB471V)
Add component (AddParameter): Name = "Check_prices"; Value = "https://www.snapeda.com/parts/ERA-3AEB471V/Panasonic%20Electronic%20Components/view-part/329551/?ref=eda"; VariantName = "[No Variations]"
Add component (AddParameter): Name = "Digi-Key_Part_Number"; Value = "P470DBCT-ND"; VariantName = "[No Variations]"
Add component (AddParameter): Name = "MF"; Value = "Panasonic"; VariantName = "[No Variations]"
Add component (AddParameter): Name = "MP"; Value = "ERA-3AEB471V"; VariantName = "[No Variations]"
Add component (AddParameter): Name = "Package"; Value = "1608-2 Panasonic"; VariantName = "[No Variations]"
Add component (AddParameter): Name = "SnapEDA_Link"; Value = "https://www.snapeda.com/parts/ERA-3AEB471V/Panasonic%20Electronic%20Components/view-part/329551/?ref=snap"; VariantName = "[No Variations]"
Add component (AddParameter): Name = "Value"; Value = ""; VariantName = "[No Variations]"
Added Component: Designator=R21(470 OHM RES_ERA3AEB471V)
Add component (AddParameter): Name = "Check_prices"; Value = "https://www.snapeda.com/parts/ERA-3AEB471V/Panasonic%20Electronic%20Components/view-part/329551/?ref=eda"; VariantName = "[No Variations]"
Add component (AddParameter): Name = "Digi-Key_Part_Number"; Value = "P470DBCT-ND"; VariantName = "[No Variations]"
Add component (AddParameter): Name = "MF"; Value = "Panasonic"; VariantName = "[No Variations]"
Add component (AddParameter): Name = "MP"; Value = "ERA-3AEB471V"; VariantName = "[No Variations]"
Add component (AddParameter): Name = "Package"; Value = "1608-2 Panasonic"; VariantName = "[No Variations]"
Add component (AddParameter): Name = "SnapEDA_Link"; Value = "https://www.snapeda.com/parts/ERA-3AEB471V/Panasonic%20Electronic%20Components/view-part/329551/?ref=snap"; VariantName = "[No Variations]"
Add component (AddParameter): Name = "Value"; Value = ""; VariantName = "[No Variations]"
Added Component: Designator=R22(470 OHM RES_ERA3AEB471V)
Add component (AddParameter): Name = "Check_prices"; Value = "https://www.snapeda.com/parts/ERA-3AEB471V/Panasonic%20Electronic%20Components/view-part/329551/?ref=eda"; VariantName = "[No Variations]"
Add component (AddParameter): Name = "Digi-Key_Part_Number"; Value = "P470DBCT-ND"; VariantName = "[No Variations]"
Add component (AddParameter): Name = "MF"; Value = "Panasonic"; VariantName = "[No Variations]"
Add component (AddParameter): Name = "MP"; Value = "ERA-3AEB471V"; VariantName = "[No Variations]"
Add component (AddParameter): Name = "Package"; Value = "1608-2 Panasonic"; VariantName = "[No Variations]"
Add component (AddParameter): Name = "SnapEDA_Link"; Value = "https://www.snapeda.com/parts/ERA-3AEB471V/Panasonic%20Electronic%20Components/view-part/329551/?ref=snap"; VariantName = "[No Variations]"
Add component (AddParameter): Name = "Value"; Value = ""; VariantName = "[No Variations]"
Added Component: Designator=R23(RESISTOR)
Add component (AddParameter): Name = "Availability"; Value = "Unavailable"; VariantName = "[No Variations]"
Add component (AddParameter): Name = "MF"; Value = ""; VariantName = "[No Variations]"
Add component (AddParameter): Name = "MP"; Value = "ERJ1TNF2002U"; VariantName = "[No Variations]"
Add component (AddParameter): Name = "Package"; Value = "None"; VariantName = "[No Variations]"
Add component (AddParameter): Name = "Price"; Value = "None"; VariantName = "[No Variations]"
Add component (AddParameter): Name = "Value"; Value = "20k"; VariantName = "[No Variations]"
Added Component: Designator=R24(RESISTOR)
Add component (AddParameter): Name = "Availability"; Value = "Unavailable"; VariantName = "[No Variations]"
Add component (AddParameter): Name = "MF"; Value = ""; VariantName = "[No Variations]"
Add component (AddParameter): Name = "MP"; Value = "ERJ1TNF2002U"; VariantName = "[No Variations]"
Add component (AddParameter): Name = "Package"; Value = "None"; VariantName = "[No Variations]"
Add component (AddParameter): Name = "Price"; Value = "None"; VariantName = "[No Variations]"
Add component (AddParameter): Name = "Value"; Value = "20k"; VariantName = "[No Variations]"
Added Component: Designator=R25(470 OHM RES_ERA3AEB471V)
Add component (AddParameter): Name = "Check_prices"; Value = "https://www.snapeda.com/parts/ERA-3AEB471V/Panasonic%20Electronic%20Components/view-part/329551/?ref=eda"; VariantName = "[No Variations]"
Add component (AddParameter): Name = "Digi-Key_Part_Number"; Value = "P470DBCT-ND"; VariantName = "[No Variations]"
Add component (AddParameter): Name = "MF"; Value = "Panasonic"; VariantName = "[No Variations]"
Add component (AddParameter): Name = "MP"; Value = "ERA-3AEB471V"; VariantName = "[No Variations]"
Add component (AddParameter): Name = "Package"; Value = "1608-2 Panasonic"; VariantName = "[No Variations]"
Add component (AddParameter): Name = "SnapEDA_Link"; Value = "https://www.snapeda.com/parts/ERA-3AEB471V/Panasonic%20Electronic%20Components/view-part/329551/?ref=snap"; VariantName = "[No Variations]"
Add component (AddParameter): Name = "Value"; Value = ""; VariantName = "[No Variations]"
Added Component: Designator=R26(470 OHM RES_ERA3AEB471V)
Add component (AddParameter): Name = "Check_prices"; Value = "https://www.snapeda.com/parts/ERA-3AEB471V/Panasonic%20Electronic%20Components/view-part/329551/?ref=eda"; VariantName = "[No Variations]"
Add component (AddParameter): Name = "Digi-Key_Part_Number"; Value = "P470DBCT-ND"; VariantName = "[No Variations]"
Add component (AddParameter): Name = "MF"; Value = "Panasonic"; VariantName = "[No Variations]"
Add component (AddParameter): Name = "MP"; Value = "ERA-3AEB471V"; VariantName = "[No Variations]"
Add component (AddParameter): Name = "Package"; Value = "1608-2 Panasonic"; VariantName = "[No Variations]"
Add component (AddParameter): Name = "SnapEDA_Link"; Value = "https://www.snapeda.com/parts/ERA-3AEB471V/Panasonic%20Electronic%20Components/view-part/329551/?ref=snap"; VariantName = "[No Variations]"
Add component (AddParameter): Name = "Value"; Value = ""; VariantName = "[No Variations]"
Added Component: Designator=R27(470 OHM RES_ERA3AEB471V)
Add component (AddParameter): Name = "Check_prices"; Value = "https://www.snapeda.com/parts/ERA-3AEB471V/Panasonic%20Electronic%20Components/view-part/329551/?ref=eda"; VariantName = "[No Variations]"
Add component (AddParameter): Name = "Digi-Key_Part_Number"; Value = "P470DBCT-ND"; VariantName = "[No Variations]"
Add component (AddParameter): Name = "MF"; Value = "Panasonic"; VariantName = "[No Variations]"
Add component (AddParameter): Name = "MP"; Value = "ERA-3AEB471V"; VariantName = "[No Variations]"
Add component (AddParameter): Name = "Package"; Value = "1608-2 Panasonic"; VariantName = "[No Variations]"
Add component (AddParameter): Name = "SnapEDA_Link"; Value = "https://www.snapeda.com/parts/ERA-3AEB471V/Panasonic%20Electronic%20Components/view-part/329551/?ref=snap"; VariantName = "[No Variations]"
Add component (AddParameter): Name = "Value"; Value = ""; VariantName = "[No Variations]"
Added Component: Designator=R28(470 OHM RES_ERA3AEB471V)
Add component (AddParameter): Name = "Check_prices"; Value = "https://www.snapeda.com/parts/ERA-3AEB471V/Panasonic%20Electronic%20Components/view-part/329551/?ref=eda"; VariantName = "[No Variations]"
Add component (AddParameter): Name = "Digi-Key_Part_Number"; Value = "P470DBCT-ND"; VariantName = "[No Variations]"
Add component (AddParameter): Name = "MF"; Value = "Panasonic"; VariantName = "[No Variations]"
Add component (AddParameter): Name = "MP"; Value = "ERA-3AEB471V"; VariantName = "[No Variations]"
Add component (AddParameter): Name = "Package"; Value = "1608-2 Panasonic"; VariantName = "[No Variations]"
Add component (AddParameter): Name = "SnapEDA_Link"; Value = "https://www.snapeda.com/parts/ERA-3AEB471V/Panasonic%20Electronic%20Components/view-part/329551/?ref=snap"; VariantName = "[No Variations]"
Add component (AddParameter): Name = "Value"; Value = ""; VariantName = "[No Variations]"
Added Component: Designator=TRN1(TRANSISTOR)
Add component (AddParameter): Name = "VALUE"; Value = ""; VariantName = "[No Variations]"
Added Component: Designator=TRN2(TRANSISTOR)
Add component (AddParameter): Name = "VALUE"; Value = ""; VariantName = "[No Variations]"
Added Component: Designator=TRN3(TRANSISTOR)
Add component (AddParameter): Name = "VALUE"; Value = ""; VariantName = "[No Variations]"
Added Component: Designator=TRN4(TRANSISTOR)
Add component (AddParameter): Name = "VALUE"; Value = ""; VariantName = "[No Variations]"
Added Component: Designator=TRN5(TRANSISTOR)
Add component (AddParameter): Name = "VALUE"; Value = ""; VariantName = "[No Variations]"
Added Component: Designator=TRN6(TRANSISTOR)
Add component (AddParameter): Name = "VALUE"; Value = ""; VariantName = "[No Variations]"
Added Pin To Net: NetName=GND Pin=555-1
Added Pin To Net: NetName=GND Pin=B-N
Added Pin To Net: NetName=GND Pin=B1-N
Added Pin To Net: NetName=GND Pin=B2-N
Added Pin To Net: NetName=GND Pin=C1-2
Added Pin To Net: NetName=GND Pin=D1-C
Added Pin To Net: NetName=GND Pin=D2-C
Added Pin To Net: NetName=GND Pin=D3-C
Added Pin To Net: NetName=GND Pin=D4-C
Added Pin To Net: NetName=GND Pin=D5-C
Added Pin To Net: NetName=GND Pin=D6-C
Added Pin To Net: NetName=GND Pin=D7-C
Added Pin To Net: NetName=GND Pin=D8-C
Added Pin To Net: NetName=GND Pin=D9-C
Added Pin To Net: NetName=GND Pin=D10-C
Added Pin To Net: NetName=GND Pin=D11-C
Added Pin To Net: NetName=GND Pin=D12-C
Added Pin To Net: NetName=GND Pin=D13-C
Added Pin To Net: NetName=GND Pin=D14-C
Added Pin To Net: NetName=GND Pin=D15-C
Added Pin To Net: NetName=GND Pin=D16-C
Added Pin To Net: NetName=GND Pin=J1-1
Added Pin To Net: NetName=GND Pin=J2-1
Added Pin To Net: NetName=GND Pin=J3-1
Added Pin To Net: NetName=GND Pin=J4-1
Added Pin To Net: NetName=GND Pin=J5-1
Added Pin To Net: NetName=GND Pin=J6-1
Added Pin To Net: NetName=GND Pin=J7-1
Added Pin To Net: NetName=GND Pin=J8-1
Added Net: Name=GND
Added Pin To Net: NetName=LEDTRNPIN1 Pin=J1-2
Added Pin To Net: NetName=LEDTRNPIN1 Pin=TRN1-1
Added Pin To Net: NetName=LEDTRNPIN1 Pin=TRN2-1
Added Net: Name=LEDTRNPIN1
Added Pin To Net: NetName=Net555_2 Pin=555-2
Added Pin To Net: NetName=Net555_2 Pin=555-6
Added Pin To Net: NetName=Net555_2 Pin=C1-1
Added Pin To Net: NetName=Net555_2 Pin=R2-1
Added Net: Name=Net555_2
Added Pin To Net: NetName=Net555_3 Pin=555-3
Added Pin To Net: NetName=Net555_3 Pin=TRN2-2
Added Net: Name=Net555_3
Added Pin To Net: NetName=Net555_4 Pin=555-4
Added Pin To Net: NetName=Net555_4 Pin=555-8
Added Pin To Net: NetName=Net555_4 Pin=B-P
Added Pin To Net: NetName=Net555_4 Pin=R4-2
Added Pin To Net: NetName=Net555_4 Pin=TRN1-3
Added Net: Name=Net555_4
Added Pin To Net: NetName=Net555_7 Pin=555-7
Added Pin To Net: NetName=Net555_7 Pin=R1-2
Added Pin To Net: NetName=Net555_7 Pin=R4-1
Added Net: Name=Net555_7
Added Pin To Net: NetName=NetB1_P Pin=B1-P
Added Pin To Net: NetName=NetB1_P Pin=TRN4-3
Added Net: Name=NetB1_P
Added Pin To Net: NetName=NetB2_P Pin=B2-P
Added Pin To Net: NetName=NetB2_P Pin=TRN6-3
Added Net: Name=NetB2_P
Added Pin To Net: NetName=NetD1_A Pin=D1-A
Added Pin To Net: NetName=NetD1_A Pin=R5-1
Added Net: Name=NetD1_A
Added Pin To Net: NetName=NetD2_A Pin=D2-A
Added Pin To Net: NetName=NetD2_A Pin=R6-1
Added Net: Name=NetD2_A
Added Pin To Net: NetName=NetD3_A Pin=D3-A
Added Pin To Net: NetName=NetD3_A Pin=R7-1
Added Net: Name=NetD3_A
Added Pin To Net: NetName=NetD4_A Pin=D4-A
Added Pin To Net: NetName=NetD4_A Pin=R8-1
Added Net: Name=NetD4_A
Added Pin To Net: NetName=NetD5_A Pin=D5-A
Added Pin To Net: NetName=NetD5_A Pin=R9-1
Added Net: Name=NetD5_A
Added Pin To Net: NetName=NetD6_A Pin=D6-A
Added Pin To Net: NetName=NetD6_A Pin=R10-1
Added Net: Name=NetD6_A
Added Pin To Net: NetName=NetD7_A Pin=D7-A
Added Pin To Net: NetName=NetD7_A Pin=R11-1
Added Net: Name=NetD7_A
Added Pin To Net: NetName=NetD8_A Pin=D8-A
Added Pin To Net: NetName=NetD8_A Pin=R12-1
Added Net: Name=NetD8_A
Added Pin To Net: NetName=NetD9_A Pin=D9-A
Added Pin To Net: NetName=NetD9_A Pin=R15-1
Added Net: Name=NetD9_A
Added Pin To Net: NetName=NetD10_A Pin=D10-A
Added Pin To Net: NetName=NetD10_A Pin=R16-1
Added Net: Name=NetD10_A
Added Pin To Net: NetName=NetD11_A Pin=D11-A
Added Pin To Net: NetName=NetD11_A Pin=R17-1
Added Net: Name=NetD11_A
Added Pin To Net: NetName=NetD12_A Pin=D12-A
Added Pin To Net: NetName=NetD12_A Pin=R18-1
Added Net: Name=NetD12_A
Added Pin To Net: NetName=NetD13_A Pin=D13-A
Added Pin To Net: NetName=NetD13_A Pin=R19-1
Added Net: Name=NetD13_A
Added Pin To Net: NetName=NetD14_A Pin=D14-A
Added Pin To Net: NetName=NetD14_A Pin=R20-1
Added Net: Name=NetD14_A
Added Pin To Net: NetName=NetD15_A Pin=D15-A
Added Pin To Net: NetName=NetD15_A Pin=R21-1
Added Net: Name=NetD15_A
Added Pin To Net: NetName=NetD16_A Pin=D16-A
Added Pin To Net: NetName=NetD16_A Pin=R22-1
Added Net: Name=NetD16_A
Added Pin To Net: NetName=NetD17_A Pin=R25-1
Added Net: Name=NetD17_A
Added Net: Name=NetD17_C
Added Pin To Net: NetName=NetD18_A Pin=R26-1
Added Net: Name=NetD18_A
Added Net: Name=NetD18_C
Added Pin To Net: NetName=NetD19_A Pin=R27-1
Added Net: Name=NetD19_A
Added Net: Name=NetD19_C
Added Pin To Net: NetName=NetD20_A Pin=R28-1
Added Net: Name=NetD20_A
Added Net: Name=NetD20_C
Added Pin To Net: NetName=NetJ2_2 Pin=J2-2
Added Pin To Net: NetName=NetJ2_2 Pin=R3-1
Added Net: Name=NetJ2_2
Added Pin To Net: NetName=NetJ3_2 Pin=J3-2
Added Pin To Net: NetName=NetJ3_2 Pin=TRN3-1
Added Pin To Net: NetName=NetJ3_2 Pin=TRN4-1
Added Net: Name=NetJ3_2
Added Pin To Net: NetName=NetJ4_2 Pin=J4-2
Added Pin To Net: NetName=NetJ4_2 Pin=R14-1
Added Net: Name=NetJ4_2
Added Pin To Net: NetName=NetJ5_2 Pin=J5-2
Added Pin To Net: NetName=NetJ5_2 Pin=R13-1
Added Net: Name=NetJ5_2
Added Pin To Net: NetName=NetJ6_2 Pin=J6-2
Added Pin To Net: NetName=NetJ6_2 Pin=TRN5-1
Added Pin To Net: NetName=NetJ6_2 Pin=TRN6-1
Added Net: Name=NetJ6_2
Added Pin To Net: NetName=NetJ7_2 Pin=J7-2
Added Pin To Net: NetName=NetJ7_2 Pin=R24-1
Added Net: Name=NetJ7_2
Added Pin To Net: NetName=NetJ8_2 Pin=J8-2
Added Pin To Net: NetName=NetJ8_2 Pin=R23-1
Added Net: Name=NetJ8_2
Added Pin To Net: NetName=NetR1_1 Pin=R1-1
Added Pin To Net: NetName=NetR1_1 Pin=R2-2
Added Net: Name=NetR1_1
Added Pin To Net: NetName=NetR3_2 Pin=R3-2
Added Pin To Net: NetName=NetR3_2 Pin=TRN1-2
Added Net: Name=NetR3_2
Added Pin To Net: NetName=NetR5_2 Pin=R5-2
Added Pin To Net: NetName=NetR5_2 Pin=R6-2
Added Pin To Net: NetName=NetR5_2 Pin=R7-2
Added Pin To Net: NetName=NetR5_2 Pin=R8-2
Added Pin To Net: NetName=NetR5_2 Pin=R9-2
Added Pin To Net: NetName=NetR5_2 Pin=R10-2
Added Pin To Net: NetName=NetR5_2 Pin=R11-2
Added Pin To Net: NetName=NetR5_2 Pin=R12-2
Added Pin To Net: NetName=NetR5_2 Pin=TRN2-3
Added Net: Name=NetR5_2
Added Pin To Net: NetName=NetR13_2 Pin=R13-2
Added Pin To Net: NetName=NetR13_2 Pin=TRN3-2
Added Net: Name=NetR13_2
Added Pin To Net: NetName=NetR14_2 Pin=R14-2
Added Pin To Net: NetName=NetR14_2 Pin=TRN4-2
Added Net: Name=NetR14_2
Added Pin To Net: NetName=NetR15_2 Pin=R15-2
Added Pin To Net: NetName=NetR15_2 Pin=R16-2
Added Pin To Net: NetName=NetR15_2 Pin=R17-2
Added Pin To Net: NetName=NetR15_2 Pin=R18-2
Added Pin To Net: NetName=NetR15_2 Pin=R19-2
Added Pin To Net: NetName=NetR15_2 Pin=R20-2
Added Pin To Net: NetName=NetR15_2 Pin=R21-2
Added Pin To Net: NetName=NetR15_2 Pin=R22-2
Added Pin To Net: NetName=NetR15_2 Pin=TRN3-3
Added Net: Name=NetR15_2
Added Pin To Net: NetName=NetR23_2 Pin=R23-2
Added Pin To Net: NetName=NetR23_2 Pin=TRN5-2
Added Net: Name=NetR23_2
Added Pin To Net: NetName=NetR24_2 Pin=R24-2
Added Pin To Net: NetName=NetR24_2 Pin=TRN6-2
Added Net: Name=NetR24_2
Added Pin To Net: NetName=NetR25_2 Pin=R25-2
Added Pin To Net: NetName=NetR25_2 Pin=R26-2
Added Pin To Net: NetName=NetR25_2 Pin=R27-2
Added Pin To Net: NetName=NetR25_2 Pin=R28-2
Added Pin To Net: NetName=NetR25_2 Pin=TRN5-3
Added Net: Name=NetR25_2
Added Class: Name=TepeLambasiFinal3
Added Class: Name=TepeLambasiFinal2
Added Class: Name=TepeLambasiFinal
Added Room: Name=TepeLambasiFinal3
Added Room: Name=TepeLambasiFinal2
Added Room: Name=TepeLambasiFinal
