Added Component: Designator=*(BUZZER)
Added Component: Designator=555?(IC555)
Added Component: Designator=C1(CAP)
Add component (AddParameter): Name = "Availability"; Value = "Unavailable"; VariantName = "[No Variations]"
Add component (AddParameter): Name = "MF"; Value = ""; VariantName = "[No Variations]"
Add component (AddParameter): Name = "MP"; Value = "CL31A106KACLNNC"; VariantName = "[No Variations]"
Add component (AddParameter): Name = "Package"; Value = "None"; VariantName = "[No Variations]"
Add component (AddParameter): Name = "Price"; Value = "None"; VariantName = "[No Variations]"
Add component (AddParameter): Name = "Value"; Value = "10uF"; VariantName = "[No Variations]"
Added Component: Designator=D1(LED)
Add component (AddParameter): Name = "Category"; Value = "LED Lighting"; VariantName = "[No Variations]"
Add component (AddParameter): Name = "VALUE"; Value = ""; VariantName = "[No Variations]"
Added Component: Designator=D2(LED)
Add component (AddParameter): Name = "Category"; Value = "LED Lighting"; VariantName = "[No Variations]"
Add component (AddParameter): Name = "VALUE"; Value = ""; VariantName = "[No Variations]"
Added Component: Designator=D3(LED)
Add component (AddParameter): Name = "Category"; Value = "LED Lighting"; VariantName = "[No Variations]"
Add component (AddParameter): Name = "VALUE"; Value = ""; VariantName = "[No Variations]"
Added Component: Designator=D4(LED)
Add component (AddParameter): Name = "Category"; Value = "LED Lighting"; VariantName = "[No Variations]"
Add component (AddParameter): Name = "VALUE"; Value = ""; VariantName = "[No Variations]"
Added Component: Designator=D5(LED)
Add component (AddParameter): Name = "Category"; Value = "LED Lighting"; VariantName = "[No Variations]"
Add component (AddParameter): Name = "VALUE"; Value = ""; VariantName = "[No Variations]"
Added Component: Designator=D6(LED)
Add component (AddParameter): Name = "Category"; Value = "LED Lighting"; VariantName = "[No Variations]"
Add component (AddParameter): Name = "VALUE"; Value = ""; VariantName = "[No Variations]"
Added Component: Designator=D7(LED)
Add component (AddParameter): Name = "Category"; Value = "LED Lighting"; VariantName = "[No Variations]"
Add component (AddParameter): Name = "VALUE"; Value = ""; VariantName = "[No Variations]"
Added Component: Designator=D8(LED)
Add component (AddParameter): Name = "Category"; Value = "LED Lighting"; VariantName = "[No Variations]"
Add component (AddParameter): Name = "VALUE"; Value = ""; VariantName = "[No Variations]"
Added Component: Designator=R1(RESISTOR)
Add component (AddParameter): Name = "Availability"; Value = "Unavailable"; VariantName = "[No Variations]"
Add component (AddParameter): Name = "MF"; Value = ""; VariantName = "[No Variations]"
Add component (AddParameter): Name = "MP"; Value = "ERJ1TNF2002U"; VariantName = "[No Variations]"
Add component (AddParameter): Name = "Package"; Value = "None"; VariantName = "[No Variations]"
Add component (AddParameter): Name = "Price"; Value = "None"; VariantName = "[No Variations]"
Add component (AddParameter): Name = "Value"; Value = "20k"; VariantName = "[No Variations]"
Added Component: Designator=R2(RESISTOR)
Add component (AddParameter): Name = "Availability"; Value = "Unavailable"; VariantName = "[No Variations]"
Add component (AddParameter): Name = "MF"; Value = ""; VariantName = "[No Variations]"
Add component (AddParameter): Name = "MP"; Value = "ERJ1TNF2002U"; VariantName = "[No Variations]"
Add component (AddParameter): Name = "Package"; Value = "None"; VariantName = "[No Variations]"
Add component (AddParameter): Name = "Price"; Value = "None"; VariantName = "[No Variations]"
Add component (AddParameter): Name = "Value"; Value = "20k"; VariantName = "[No Variations]"
Added Component: Designator=TRN1(TRANSISTOR)
Add component (AddParameter): Name = "VALUE"; Value = ""; VariantName = "[No Variations]"
Added Pin To Net: NetName=GND Pin=*-N
Added Pin To Net: NetName=GND Pin=*-P
Added Pin To Net: NetName=GND Pin=555?-1
Added Pin To Net: NetName=Net555?_2 Pin=555?-2
Added Pin To Net: NetName=GND Pin=555?-3
Added Pin To Net: NetName=GND Pin=555?-4
Added Pin To Net: NetName=Net555?_2 Pin=555?-6
Added Pin To Net: NetName=GND Pin=555?-8
Added Pin To Net: NetName=Net555?_2 Pin=C1-1
Added Pin To Net: NetName=GND Pin=C1-2
Added Pin To Net: NetName=NetR1_1 Pin=R1-1
Added Pin To Net: NetName=GND Pin=R1-2
Added Pin To Net: NetName=Net555?_2 Pin=R2-1
Added Pin To Net: NetName=NetR1_1 Pin=R2-2
Added Member To Class: ClassName=TepeLambasiFinal Member=Component * BUZZER
Added Member To Class: ClassName=TepeLambasiFinal Member=Component 555? IC555
Added Member To Class: ClassName=TepeLambasiFinal Member=Component C1 10uF
Added Member To Class: ClassName=TepeLambasiFinal Member=Component D1 LED
Added Member To Class: ClassName=TepeLambasiFinal Member=Component D2 LED
Added Member To Class: ClassName=TepeLambasiFinal Member=Component D3 LED
Added Member To Class: ClassName=TepeLambasiFinal Member=Component D4 LED
Added Member To Class: ClassName=TepeLambasiFinal Member=Component D5 LED
Added Member To Class: ClassName=TepeLambasiFinal Member=Component D6 LED
Added Member To Class: ClassName=TepeLambasiFinal Member=Component D7 LED
Added Member To Class: ClassName=TepeLambasiFinal Member=Component D8 LED
Added Member To Class: ClassName=TepeLambasiFinal Member=Component R1 20K
Added Member To Class: ClassName=TepeLambasiFinal Member=Component R2 20K
Added Member To Class: ClassName=TepeLambasiFinal Member=Component TRN1 TRANSISTOR
Added Room: Name=TepeLambasiFinal
