Removed Pin From Net: NetName=A_LOW_REF Pin=P1-1
Removed Pin From Net: NetName=A_HIGH_REF Pin=P1-3
Removed Pin From Net: NetName=+12V Pin=P2-1
Removed Pin From Net: NetName=3V3 Pin=P2-2
Removed Pin From Net: NetName=PWM1B Pin=P2-3
Removed Pin From Net: NetName=GND Pin=P2-4
Removed Pin From Net: NetName=3V3 Pin=P2-5
Removed Pin From Net: NetName=GND Pin=P2-6
Removed Pin From Net: NetName=PHA_HI Pin=P3-1
Removed Pin From Net: NetName=PHA_LO Pin=P3-2
Removed Pin From Net: NetName=PWM1A Pin=P3-3
Change Component Footprint: Designator=P3 Old Footprint=HDR1X3 New Footprint=HDR1X2H
Change Component Footprint: Designator=P1 Old Footprint=HDR1X3 New Footprint=HDR2X2
Change Component Footprint: Designator=P2 Old Footprint=HDR1X6 New Footprint=HDR1X2H
Change Component Comment : Designator=P3 Old Comment=Header 3 New Comment=Header 2H
Change Component Comment : Designator=P1 Old Comment=Header 3 New Comment=Header 2X2
Change Component Comment : Designator=P2 Old Comment=Header 6 New Comment=Header 2H
Added Component: Designator=U2(PDM1S12S5)
Added Pin To Net: NetName=PWM1A Pin=P1-1
Added Pin To Net: NetName=PWM1B Pin=P1-2
Added Pin To Net: NetName=3V3 Pin=P1-3
Added Pin To Net: NetName=GND Pin=P1-4
Added Pin To Net: NetName=PHA_HI Pin=P2-1
Added Pin To Net: NetName=A_HIGH_REF Pin=P2-2
Added Pin To Net: NetName=PHA_LO Pin=P3-1
Added Pin To Net: NetName=A_LOW_REF Pin=P3-2
Added Pin To Net: NetName=3V3 Pin=U2-1
Added Pin To Net: NetName=GND Pin=U2-2
Added Pin To Net: NetName=A_LOW_REF Pin=U2-4
Added Pin To Net: NetName=+12V Pin=U2-6
Change Net Name : Old Net Name=3V3 New Net Name=5V
Added Member To Class: ClassName=Gate_Drive Member=Component U2 PDM1-S12-S5-S
Added Room: Name=Gate_Drive
