Removed Pin From Net: NetName=NetC1_2 Pin=U3-1
Removed Pin From Net: NetName=-3.3V_Low_Side Pin=U3-4
Removed Pin From Net: NetName=NetC3_1 Pin=U3-5
Removed Pin From Net: NetName=15V_Low_Side Pin=U3-6
Removed Pin From Net: NetName=NetC8_2 Pin=U4-1
Removed Pin From Net: NetName=-3.3V_High_Side Pin=U4-4
Removed Pin From Net: NetName=NetC10_1 Pin=U4-5
Removed Pin From Net: NetName=15V_High_Side Pin=U4-6
Change Component Footprint: Designator=U3 Old Footprint=*CONV_PDM1-S12-D9-S New Footprint=MEV1D1209SC
Change Component Footprint: Designator=U4 Old Footprint=*CONV_PDM1-S12-D9-S New Footprint=MEV1D1209SC
Change Component Comment : Designator=U400 Old Comment=74LVC1G14GV,125 New Comment=v
Change Component Comment : Designator=U3 Old Comment=PDM1-S12-D9-S New Comment=MEV1D1209SC
Change Component Comment : Designator=U4 Old Comment=PDM1-S12-D9-S New Comment=MEV1D1209SC
Change component parameters: Designator = "U3"; Footprint = "MEV1D1209SC"; UniqueID = "\KVMVMXTJ"
Change component parameters. Clean all parameters for all variants
Change component parameters: Designator = "U4"; Footprint = "MEV1D1209SC"; UniqueID = "\SNVNWSYX"
Change component parameters. Clean all parameters for all variants
Change component parameters: Designator = "C103"; Footprint = "CAPC 1206"; UniqueID = "\MFAYEUOI"
Change component parameters. Clean all parameters for all variants
Change component parameters (AddParameter): Name = "Category"; Value = "Capacitor Ceramic"; VariantName = "[No Variations]"
Change component parameters (AddParameter): Name = "Package / Case"; Value = "1206"; VariantName = "[No Variations]"
Change component parameters (AddParameter): Name = "Part Number"; Value = "CAPC1043"; VariantName = "[No Variations]"
Change component parameters (AddParameter): Name = "Tolerance"; Value = "%10"; VariantName = "[No Variations]"
Change component parameters (AddParameter): Name = "Value"; Value = "4.7uF"; VariantName = "[No Variations]"
Change component parameters (AddParameter): Name = "Value Rating"; Value = "uF"; VariantName = "[No Variations]"
Change component parameters (AddParameter): Name = "Values"; Value = "4.7uF 10V"; VariantName = "[No Variations]"
Change component parameters (AddParameter): Name = "Voltage"; Value = "50V"; VariantName = "[No Variations]"
Change component parameters: Designator = "C104"; Footprint = "CAPC 1206"; UniqueID = "\CDQOMOAY"
Change component parameters. Clean all parameters for all variants
Change component parameters (AddParameter): Name = "Category"; Value = "Capacitor Ceramic"; VariantName = "[No Variations]"
Change component parameters (AddParameter): Name = "Package / Case"; Value = "1206"; VariantName = "[No Variations]"
Change component parameters (AddParameter): Name = "Part Number"; Value = "CAPC1043"; VariantName = "[No Variations]"
Change component parameters (AddParameter): Name = "Tolerance"; Value = "%10"; VariantName = "[No Variations]"
Change component parameters (AddParameter): Name = "Value"; Value = "4.7uF"; VariantName = "[No Variations]"
Change component parameters (AddParameter): Name = "Value Rating"; Value = "uF"; VariantName = "[No Variations]"
Change component parameters (AddParameter): Name = "Values"; Value = "4.7uF 10V"; VariantName = "[No Variations]"
Change component parameters (AddParameter): Name = "Voltage"; Value = "50V"; VariantName = "[No Variations]"
Change component parameters: Designator = "C203"; Footprint = "CAPC 1206"; UniqueID = "\LVCFZYJB"
Change component parameters. Clean all parameters for all variants
Change component parameters (AddParameter): Name = "Category"; Value = "Capacitor Ceramic"; VariantName = "[No Variations]"
Change component parameters (AddParameter): Name = "Package / Case"; Value = "1206"; VariantName = "[No Variations]"
Change component parameters (AddParameter): Name = "Part Number"; Value = "CAPC1043"; VariantName = "[No Variations]"
Change component parameters (AddParameter): Name = "Tolerance"; Value = "%10"; VariantName = "[No Variations]"
Change component parameters (AddParameter): Name = "Value"; Value = "4.7uF"; VariantName = "[No Variations]"
Change component parameters (AddParameter): Name = "Value Rating"; Value = "uF"; VariantName = "[No Variations]"
Change component parameters (AddParameter): Name = "Values"; Value = "4.7uF 10V"; VariantName = "[No Variations]"
Change component parameters (AddParameter): Name = "Voltage"; Value = "50V"; VariantName = "[No Variations]"
Change component parameters: Designator = "C204"; Footprint = "CAPC 1206"; UniqueID = "\IOEWMOXN"
Change component parameters. Clean all parameters for all variants
Change component parameters (AddParameter): Name = "Category"; Value = "Capacitor Ceramic"; VariantName = "[No Variations]"
Change component parameters (AddParameter): Name = "Package / Case"; Value = "1206"; VariantName = "[No Variations]"
Change component parameters (AddParameter): Name = "Part Number"; Value = "CAPC1043"; VariantName = "[No Variations]"
Change component parameters (AddParameter): Name = "Tolerance"; Value = "%10"; VariantName = "[No Variations]"
Change component parameters (AddParameter): Name = "Value"; Value = "4.7uF"; VariantName = "[No Variations]"
Change component parameters (AddParameter): Name = "Value Rating"; Value = "uF"; VariantName = "[No Variations]"
Change component parameters (AddParameter): Name = "Values"; Value = "4.7uF 10V"; VariantName = "[No Variations]"
Change component parameters (AddParameter): Name = "Voltage"; Value = "50V"; VariantName = "[No Variations]"
Change component parameters: Designator = "C207"; Footprint = "CAPC 1206"; UniqueID = "\MGPNSCZO"
Change component parameters. Clean all parameters for all variants
Change component parameters (AddParameter): Name = "Package / Case"; Value = "1206"; VariantName = "[No Variations]"
Change component parameters (AddParameter): Name = "Value"; Value = "4.7uF"; VariantName = "[No Variations]"
Change component parameters (AddParameter): Name = "Voltage"; Value = "50V"; VariantName = "[No Variations]"
Change component parameters: Designator = "C208"; Footprint = "CAPC 1206"; UniqueID = "\NPOMPFLO"
Change component parameters. Clean all parameters for all variants
Change component parameters (AddParameter): Name = "Category"; Value = "Capacitor Ceramic"; VariantName = "[No Variations]"
Change component parameters (AddParameter): Name = "Package / Case"; Value = "1206"; VariantName = "[No Variations]"
Change component parameters (AddParameter): Name = "Part Number"; Value = "CAPC0914"; VariantName = "[No Variations]"
Change component parameters (AddParameter): Name = "Tolerance"; Value = "%10"; VariantName = "[No Variations]"
Change component parameters (AddParameter): Name = "Value"; Value = "4.7uF"; VariantName = "[No Variations]"
Change component parameters (AddParameter): Name = "Value Rating"; Value = "uF"; VariantName = "[No Variations]"
Change component parameters (AddParameter): Name = "Values"; Value = "4.7uF 35V"; VariantName = "[No Variations]"
Change component parameters (AddParameter): Name = "Voltage"; Value = "50V"; VariantName = "[No Variations]"
Added Pin To Net: NetName=NetC8_2 Pin=U3-1
Added Pin To Net: NetName=-3.3V_High_Side Pin=U3-5
Added Pin To Net: NetName=NetC10_1 Pin=U3-6
Added Pin To Net: NetName=15V_High_Side Pin=U3-7
Added Pin To Net: NetName=NetC1_2 Pin=U4-1
Added Pin To Net: NetName=-3.3V_Low_Side Pin=U4-5
Added Pin To Net: NetName=NetC3_1 Pin=U4-6
Added Pin To Net: NetName=15V_Low_Side Pin=U4-7
Added Room: Name=DC-DC
Added Room: Name=Isolated_Gate_Driver_High_Side
Added Room: Name=Isolated_Gate_Driver_Low_Side
Added Room: Name=Pwm_Filter
